[2024-04-21T00:12:20.321+0000] {processor.py:161} INFO - Started process (PID=8300) to work on /opt/airflow/dags/create_dag_with_python_operator.py
[2024-04-21T00:12:20.337+0000] {processor.py:830} INFO - Processing file /opt/airflow/dags/create_dag_with_python_operator.py for tasks to queue
[2024-04-21T00:12:20.344+0000] {logging_mixin.py:188} INFO - [2024-04-21T00:12:20.340+0000] {dagbag.py:540} INFO - Filling up the DagBag from /opt/airflow/dags/create_dag_with_python_operator.py
[2024-04-21T00:12:20.490+0000] {processor.py:840} INFO - DAG(s) 'our_dag_with_python_operator_v02' retrieved from /opt/airflow/dags/create_dag_with_python_operator.py
[2024-04-21T00:12:20.549+0000] {logging_mixin.py:188} INFO - [2024-04-21T00:12:20.548+0000] {dag.py:3096} INFO - Sync 1 DAGs
[2024-04-21T00:12:20.597+0000] {logging_mixin.py:188} INFO - [2024-04-21T00:12:20.597+0000] {dag.py:3954} INFO - Setting next_dagrun for our_dag_with_python_operator_v02 to 2024-04-21 00:00:00+00:00, run_after=2024-04-22 00:00:00+00:00
[2024-04-21T00:12:20.609+0000] {processor.py:183} INFO - Processing /opt/airflow/dags/create_dag_with_python_operator.py took 0.341 seconds
[2024-04-21T01:08:47.651+0000] {processor.py:161} INFO - Started process (PID=8316) to work on /opt/airflow/dags/create_dag_with_python_operator.py
[2024-04-21T01:08:47.653+0000] {processor.py:830} INFO - Processing file /opt/airflow/dags/create_dag_with_python_operator.py for tasks to queue
[2024-04-21T01:08:47.655+0000] {logging_mixin.py:188} INFO - [2024-04-21T01:08:47.654+0000] {dagbag.py:540} INFO - Filling up the DagBag from /opt/airflow/dags/create_dag_with_python_operator.py
[2024-04-21T01:08:47.706+0000] {processor.py:840} INFO - DAG(s) 'our_dag_with_python_operator_v02' retrieved from /opt/airflow/dags/create_dag_with_python_operator.py
[2024-04-21T01:08:47.767+0000] {logging_mixin.py:188} INFO - [2024-04-21T01:08:47.767+0000] {dag.py:3096} INFO - Sync 1 DAGs
[2024-04-21T01:08:47.812+0000] {logging_mixin.py:188} INFO - [2024-04-21T01:08:47.811+0000] {dag.py:3954} INFO - Setting next_dagrun for our_dag_with_python_operator_v02 to 2024-04-21 00:00:00+00:00, run_after=2024-04-22 00:00:00+00:00
[2024-04-21T01:08:47.836+0000] {processor.py:183} INFO - Processing /opt/airflow/dags/create_dag_with_python_operator.py took 0.194 seconds
[2024-04-21T01:59:57.621+0000] {processor.py:161} INFO - Started process (PID=8334) to work on /opt/airflow/dags/create_dag_with_python_operator.py
[2024-04-21T01:59:57.624+0000] {processor.py:830} INFO - Processing file /opt/airflow/dags/create_dag_with_python_operator.py for tasks to queue
[2024-04-21T01:59:57.627+0000] {logging_mixin.py:188} INFO - [2024-04-21T01:59:57.626+0000] {dagbag.py:540} INFO - Filling up the DagBag from /opt/airflow/dags/create_dag_with_python_operator.py
[2024-04-21T01:59:57.665+0000] {processor.py:840} INFO - DAG(s) 'our_dag_with_python_operator_v02' retrieved from /opt/airflow/dags/create_dag_with_python_operator.py
[2024-04-21T01:59:57.732+0000] {logging_mixin.py:188} INFO - [2024-04-21T01:59:57.731+0000] {dag.py:3096} INFO - Sync 1 DAGs
[2024-04-21T01:59:57.802+0000] {logging_mixin.py:188} INFO - [2024-04-21T01:59:57.801+0000] {dag.py:3954} INFO - Setting next_dagrun for our_dag_with_python_operator_v02 to 2024-04-21 00:00:00+00:00, run_after=2024-04-22 00:00:00+00:00
[2024-04-21T01:59:57.841+0000] {processor.py:183} INFO - Processing /opt/airflow/dags/create_dag_with_python_operator.py took 0.244 seconds
[2024-04-21T02:56:20.279+0000] {processor.py:161} INFO - Started process (PID=8350) to work on /opt/airflow/dags/create_dag_with_python_operator.py
[2024-04-21T02:56:20.288+0000] {processor.py:830} INFO - Processing file /opt/airflow/dags/create_dag_with_python_operator.py for tasks to queue
[2024-04-21T02:56:20.304+0000] {logging_mixin.py:188} INFO - [2024-04-21T02:56:20.300+0000] {dagbag.py:540} INFO - Filling up the DagBag from /opt/airflow/dags/create_dag_with_python_operator.py
[2024-04-21T02:56:20.385+0000] {processor.py:840} INFO - DAG(s) 'our_dag_with_python_operator_v02' retrieved from /opt/airflow/dags/create_dag_with_python_operator.py
[2024-04-21T02:56:20.505+0000] {logging_mixin.py:188} INFO - [2024-04-21T02:56:20.503+0000] {dag.py:3096} INFO - Sync 1 DAGs
[2024-04-21T02:56:20.572+0000] {logging_mixin.py:188} INFO - [2024-04-21T02:56:20.571+0000] {dag.py:3954} INFO - Setting next_dagrun for our_dag_with_python_operator_v02 to 2024-04-21 00:00:00+00:00, run_after=2024-04-22 00:00:00+00:00
[2024-04-21T02:56:20.696+0000] {processor.py:183} INFO - Processing /opt/airflow/dags/create_dag_with_python_operator.py took 0.440 seconds
[2024-04-21T04:20:55.081+0000] {processor.py:161} INFO - Started process (PID=8366) to work on /opt/airflow/dags/create_dag_with_python_operator.py
[2024-04-21T04:20:55.083+0000] {processor.py:830} INFO - Processing file /opt/airflow/dags/create_dag_with_python_operator.py for tasks to queue
[2024-04-21T04:20:55.084+0000] {logging_mixin.py:188} INFO - [2024-04-21T04:20:55.084+0000] {dagbag.py:540} INFO - Filling up the DagBag from /opt/airflow/dags/create_dag_with_python_operator.py
[2024-04-21T04:20:55.104+0000] {processor.py:840} INFO - DAG(s) 'our_dag_with_python_operator_v02' retrieved from /opt/airflow/dags/create_dag_with_python_operator.py
[2024-04-21T04:20:55.143+0000] {logging_mixin.py:188} INFO - [2024-04-21T04:20:55.142+0000] {dag.py:3096} INFO - Sync 1 DAGs
[2024-04-21T04:20:55.164+0000] {logging_mixin.py:188} INFO - [2024-04-21T04:20:55.164+0000] {dag.py:3954} INFO - Setting next_dagrun for our_dag_with_python_operator_v02 to 2024-04-21 00:00:00+00:00, run_after=2024-04-22 00:00:00+00:00
[2024-04-21T04:20:55.178+0000] {processor.py:183} INFO - Processing /opt/airflow/dags/create_dag_with_python_operator.py took 0.107 seconds
[2024-04-21T05:18:35.318+0000] {processor.py:161} INFO - Started process (PID=8383) to work on /opt/airflow/dags/create_dag_with_python_operator.py
[2024-04-21T05:18:35.321+0000] {processor.py:830} INFO - Processing file /opt/airflow/dags/create_dag_with_python_operator.py for tasks to queue
[2024-04-21T05:18:35.325+0000] {logging_mixin.py:188} INFO - [2024-04-21T05:18:35.323+0000] {dagbag.py:540} INFO - Filling up the DagBag from /opt/airflow/dags/create_dag_with_python_operator.py
[2024-04-21T05:18:35.370+0000] {processor.py:840} INFO - DAG(s) 'our_dag_with_python_operator_v02' retrieved from /opt/airflow/dags/create_dag_with_python_operator.py
[2024-04-21T05:18:35.429+0000] {logging_mixin.py:188} INFO - [2024-04-21T05:18:35.428+0000] {dag.py:3096} INFO - Sync 1 DAGs
[2024-04-21T05:18:35.475+0000] {logging_mixin.py:188} INFO - [2024-04-21T05:18:35.475+0000] {dag.py:3954} INFO - Setting next_dagrun for our_dag_with_python_operator_v02 to 2024-04-21 00:00:00+00:00, run_after=2024-04-22 00:00:00+00:00
[2024-04-21T05:18:35.510+0000] {processor.py:183} INFO - Processing /opt/airflow/dags/create_dag_with_python_operator.py took 0.206 seconds
[2024-04-21T06:24:17.818+0000] {processor.py:161} INFO - Started process (PID=8400) to work on /opt/airflow/dags/create_dag_with_python_operator.py
[2024-04-21T06:24:17.823+0000] {processor.py:830} INFO - Processing file /opt/airflow/dags/create_dag_with_python_operator.py for tasks to queue
[2024-04-21T06:24:17.827+0000] {logging_mixin.py:188} INFO - [2024-04-21T06:24:17.825+0000] {dagbag.py:540} INFO - Filling up the DagBag from /opt/airflow/dags/create_dag_with_python_operator.py
[2024-04-21T06:24:17.855+0000] {processor.py:840} INFO - DAG(s) 'our_dag_with_python_operator_v02' retrieved from /opt/airflow/dags/create_dag_with_python_operator.py
[2024-04-21T06:24:17.934+0000] {logging_mixin.py:188} INFO - [2024-04-21T06:24:17.933+0000] {dag.py:3096} INFO - Sync 1 DAGs
[2024-04-21T06:24:17.984+0000] {logging_mixin.py:188} INFO - [2024-04-21T06:24:17.983+0000] {dag.py:3954} INFO - Setting next_dagrun for our_dag_with_python_operator_v02 to 2024-04-21 00:00:00+00:00, run_after=2024-04-22 00:00:00+00:00
[2024-04-21T06:24:18.014+0000] {processor.py:183} INFO - Processing /opt/airflow/dags/create_dag_with_python_operator.py took 0.207 seconds
[2024-04-21T07:45:46.593+0000] {processor.py:161} INFO - Started process (PID=8416) to work on /opt/airflow/dags/create_dag_with_python_operator.py
[2024-04-21T07:45:46.595+0000] {processor.py:830} INFO - Processing file /opt/airflow/dags/create_dag_with_python_operator.py for tasks to queue
[2024-04-21T07:45:46.596+0000] {logging_mixin.py:188} INFO - [2024-04-21T07:45:46.595+0000] {dagbag.py:540} INFO - Filling up the DagBag from /opt/airflow/dags/create_dag_with_python_operator.py
[2024-04-21T07:45:46.617+0000] {processor.py:840} INFO - DAG(s) 'our_dag_with_python_operator_v02' retrieved from /opt/airflow/dags/create_dag_with_python_operator.py
[2024-04-21T07:45:46.644+0000] {logging_mixin.py:188} INFO - [2024-04-21T07:45:46.644+0000] {dag.py:3096} INFO - Sync 1 DAGs
[2024-04-21T07:45:46.661+0000] {logging_mixin.py:188} INFO - [2024-04-21T07:45:46.661+0000] {dag.py:3954} INFO - Setting next_dagrun for our_dag_with_python_operator_v02 to 2024-04-21 00:00:00+00:00, run_after=2024-04-22 00:00:00+00:00
[2024-04-21T07:45:46.672+0000] {processor.py:183} INFO - Processing /opt/airflow/dags/create_dag_with_python_operator.py took 0.090 seconds
[2024-04-21T08:27:33.566+0000] {processor.py:161} INFO - Started process (PID=8434) to work on /opt/airflow/dags/create_dag_with_python_operator.py
[2024-04-21T08:27:33.568+0000] {processor.py:830} INFO - Processing file /opt/airflow/dags/create_dag_with_python_operator.py for tasks to queue
[2024-04-21T08:27:33.569+0000] {logging_mixin.py:188} INFO - [2024-04-21T08:27:33.569+0000] {dagbag.py:540} INFO - Filling up the DagBag from /opt/airflow/dags/create_dag_with_python_operator.py
[2024-04-21T08:27:33.622+0000] {processor.py:840} INFO - DAG(s) 'our_dag_with_python_operator_v02' retrieved from /opt/airflow/dags/create_dag_with_python_operator.py
[2024-04-21T08:27:33.930+0000] {logging_mixin.py:188} INFO - [2024-04-21T08:27:33.927+0000] {dag.py:3096} INFO - Sync 1 DAGs
[2024-04-21T08:27:34.027+0000] {logging_mixin.py:188} INFO - [2024-04-21T08:27:34.027+0000] {dag.py:3954} INFO - Setting next_dagrun for our_dag_with_python_operator_v02 to 2024-04-21 00:00:00+00:00, run_after=2024-04-22 00:00:00+00:00
[2024-04-21T08:27:34.086+0000] {processor.py:183} INFO - Processing /opt/airflow/dags/create_dag_with_python_operator.py took 0.531 seconds
[2024-04-21T09:27:10.181+0000] {processor.py:161} INFO - Started process (PID=8450) to work on /opt/airflow/dags/create_dag_with_python_operator.py
[2024-04-21T09:27:10.184+0000] {processor.py:830} INFO - Processing file /opt/airflow/dags/create_dag_with_python_operator.py for tasks to queue
[2024-04-21T09:27:10.188+0000] {logging_mixin.py:188} INFO - [2024-04-21T09:27:10.186+0000] {dagbag.py:540} INFO - Filling up the DagBag from /opt/airflow/dags/create_dag_with_python_operator.py
[2024-04-21T09:27:10.257+0000] {processor.py:840} INFO - DAG(s) 'our_dag_with_python_operator_v02' retrieved from /opt/airflow/dags/create_dag_with_python_operator.py
[2024-04-21T09:27:10.316+0000] {logging_mixin.py:188} INFO - [2024-04-21T09:27:10.315+0000] {dag.py:3096} INFO - Sync 1 DAGs
[2024-04-21T09:27:10.352+0000] {logging_mixin.py:188} INFO - [2024-04-21T09:27:10.352+0000] {dag.py:3954} INFO - Setting next_dagrun for our_dag_with_python_operator_v02 to 2024-04-21 00:00:00+00:00, run_after=2024-04-22 00:00:00+00:00
[2024-04-21T09:27:10.388+0000] {processor.py:183} INFO - Processing /opt/airflow/dags/create_dag_with_python_operator.py took 0.243 seconds
[2024-04-21T10:38:36.060+0000] {processor.py:161} INFO - Started process (PID=8466) to work on /opt/airflow/dags/create_dag_with_python_operator.py
[2024-04-21T10:38:36.069+0000] {processor.py:830} INFO - Processing file /opt/airflow/dags/create_dag_with_python_operator.py for tasks to queue
[2024-04-21T10:38:36.073+0000] {logging_mixin.py:188} INFO - [2024-04-21T10:38:36.072+0000] {dagbag.py:540} INFO - Filling up the DagBag from /opt/airflow/dags/create_dag_with_python_operator.py
[2024-04-21T10:38:36.131+0000] {processor.py:840} INFO - DAG(s) 'our_dag_with_python_operator_v02' retrieved from /opt/airflow/dags/create_dag_with_python_operator.py
[2024-04-21T10:38:36.189+0000] {logging_mixin.py:188} INFO - [2024-04-21T10:38:36.189+0000] {dag.py:3096} INFO - Sync 1 DAGs
[2024-04-21T10:38:36.229+0000] {logging_mixin.py:188} INFO - [2024-04-21T10:38:36.228+0000] {dag.py:3954} INFO - Setting next_dagrun for our_dag_with_python_operator_v02 to 2024-04-21 00:00:00+00:00, run_after=2024-04-22 00:00:00+00:00
[2024-04-21T10:38:36.271+0000] {processor.py:183} INFO - Processing /opt/airflow/dags/create_dag_with_python_operator.py took 0.243 seconds
[2024-04-21T11:07:14.837+0000] {processor.py:161} INFO - Started process (PID=8482) to work on /opt/airflow/dags/create_dag_with_python_operator.py
[2024-04-21T11:07:14.840+0000] {processor.py:830} INFO - Processing file /opt/airflow/dags/create_dag_with_python_operator.py for tasks to queue
[2024-04-21T11:07:14.843+0000] {logging_mixin.py:188} INFO - [2024-04-21T11:07:14.843+0000] {dagbag.py:540} INFO - Filling up the DagBag from /opt/airflow/dags/create_dag_with_python_operator.py
[2024-04-21T11:07:14.874+0000] {processor.py:840} INFO - DAG(s) 'our_dag_with_python_operator_v02' retrieved from /opt/airflow/dags/create_dag_with_python_operator.py
[2024-04-21T11:07:14.899+0000] {logging_mixin.py:188} INFO - [2024-04-21T11:07:14.899+0000] {dag.py:3096} INFO - Sync 1 DAGs
[2024-04-21T11:07:14.921+0000] {logging_mixin.py:188} INFO - [2024-04-21T11:07:14.921+0000] {dag.py:3954} INFO - Setting next_dagrun for our_dag_with_python_operator_v02 to 2024-04-21 00:00:00+00:00, run_after=2024-04-22 00:00:00+00:00
[2024-04-21T11:07:14.932+0000] {processor.py:183} INFO - Processing /opt/airflow/dags/create_dag_with_python_operator.py took 0.105 seconds
[2024-04-21T11:07:45.332+0000] {processor.py:161} INFO - Started process (PID=8498) to work on /opt/airflow/dags/create_dag_with_python_operator.py
[2024-04-21T11:07:45.339+0000] {processor.py:830} INFO - Processing file /opt/airflow/dags/create_dag_with_python_operator.py for tasks to queue
[2024-04-21T11:07:45.341+0000] {logging_mixin.py:188} INFO - [2024-04-21T11:07:45.340+0000] {dagbag.py:540} INFO - Filling up the DagBag from /opt/airflow/dags/create_dag_with_python_operator.py
[2024-04-21T11:07:45.361+0000] {processor.py:840} INFO - DAG(s) 'our_dag_with_python_operator_v02' retrieved from /opt/airflow/dags/create_dag_with_python_operator.py
[2024-04-21T11:07:45.401+0000] {logging_mixin.py:188} INFO - [2024-04-21T11:07:45.401+0000] {dag.py:3096} INFO - Sync 1 DAGs
[2024-04-21T11:07:45.417+0000] {logging_mixin.py:188} INFO - [2024-04-21T11:07:45.417+0000] {dag.py:3954} INFO - Setting next_dagrun for our_dag_with_python_operator_v02 to 2024-04-21 00:00:00+00:00, run_after=2024-04-22 00:00:00+00:00
[2024-04-21T11:07:45.428+0000] {processor.py:183} INFO - Processing /opt/airflow/dags/create_dag_with_python_operator.py took 0.113 seconds
[2024-04-21T11:08:15.835+0000] {processor.py:161} INFO - Started process (PID=8514) to work on /opt/airflow/dags/create_dag_with_python_operator.py
[2024-04-21T11:08:15.837+0000] {processor.py:830} INFO - Processing file /opt/airflow/dags/create_dag_with_python_operator.py for tasks to queue
[2024-04-21T11:08:15.838+0000] {logging_mixin.py:188} INFO - [2024-04-21T11:08:15.838+0000] {dagbag.py:540} INFO - Filling up the DagBag from /opt/airflow/dags/create_dag_with_python_operator.py
[2024-04-21T11:08:15.857+0000] {processor.py:840} INFO - DAG(s) 'our_dag_with_python_operator_v02' retrieved from /opt/airflow/dags/create_dag_with_python_operator.py
[2024-04-21T11:08:15.879+0000] {logging_mixin.py:188} INFO - [2024-04-21T11:08:15.878+0000] {dag.py:3096} INFO - Sync 1 DAGs
[2024-04-21T11:08:15.892+0000] {logging_mixin.py:188} INFO - [2024-04-21T11:08:15.892+0000] {dag.py:3954} INFO - Setting next_dagrun for our_dag_with_python_operator_v02 to 2024-04-21 00:00:00+00:00, run_after=2024-04-22 00:00:00+00:00
[2024-04-21T11:08:15.901+0000] {processor.py:183} INFO - Processing /opt/airflow/dags/create_dag_with_python_operator.py took 0.078 seconds
[2024-04-21T11:08:46.311+0000] {processor.py:161} INFO - Started process (PID=8530) to work on /opt/airflow/dags/create_dag_with_python_operator.py
[2024-04-21T11:08:46.314+0000] {processor.py:830} INFO - Processing file /opt/airflow/dags/create_dag_with_python_operator.py for tasks to queue
[2024-04-21T11:08:46.317+0000] {logging_mixin.py:188} INFO - [2024-04-21T11:08:46.316+0000] {dagbag.py:540} INFO - Filling up the DagBag from /opt/airflow/dags/create_dag_with_python_operator.py
[2024-04-21T11:08:46.340+0000] {processor.py:840} INFO - DAG(s) 'our_dag_with_python_operator_v02' retrieved from /opt/airflow/dags/create_dag_with_python_operator.py
[2024-04-21T11:08:46.374+0000] {logging_mixin.py:188} INFO - [2024-04-21T11:08:46.374+0000] {dag.py:3096} INFO - Sync 1 DAGs
[2024-04-21T11:08:46.389+0000] {logging_mixin.py:188} INFO - [2024-04-21T11:08:46.388+0000] {dag.py:3954} INFO - Setting next_dagrun for our_dag_with_python_operator_v02 to 2024-04-21 00:00:00+00:00, run_after=2024-04-22 00:00:00+00:00
[2024-04-21T11:08:46.399+0000] {processor.py:183} INFO - Processing /opt/airflow/dags/create_dag_with_python_operator.py took 0.099 seconds
[2024-04-21T11:09:24.073+0000] {processor.py:161} INFO - Started process (PID=8546) to work on /opt/airflow/dags/create_dag_with_python_operator.py
[2024-04-21T11:09:24.075+0000] {processor.py:830} INFO - Processing file /opt/airflow/dags/create_dag_with_python_operator.py for tasks to queue
[2024-04-21T11:09:24.078+0000] {logging_mixin.py:188} INFO - [2024-04-21T11:09:24.077+0000] {dagbag.py:540} INFO - Filling up the DagBag from /opt/airflow/dags/create_dag_with_python_operator.py
[2024-04-21T11:09:24.096+0000] {processor.py:840} INFO - DAG(s) 'our_dag_with_python_operator_v02' retrieved from /opt/airflow/dags/create_dag_with_python_operator.py
[2024-04-21T11:09:24.119+0000] {logging_mixin.py:188} INFO - [2024-04-21T11:09:24.118+0000] {dag.py:3096} INFO - Sync 1 DAGs
[2024-04-21T11:09:24.135+0000] {logging_mixin.py:188} INFO - [2024-04-21T11:09:24.135+0000] {dag.py:3954} INFO - Setting next_dagrun for our_dag_with_python_operator_v02 to 2024-04-21 00:00:00+00:00, run_after=2024-04-22 00:00:00+00:00
[2024-04-21T11:09:24.145+0000] {processor.py:183} INFO - Processing /opt/airflow/dags/create_dag_with_python_operator.py took 0.082 seconds
[2024-04-21T11:34:09.643+0000] {processor.py:161} INFO - Started process (PID=8562) to work on /opt/airflow/dags/create_dag_with_python_operator.py
[2024-04-21T11:34:09.645+0000] {processor.py:830} INFO - Processing file /opt/airflow/dags/create_dag_with_python_operator.py for tasks to queue
[2024-04-21T11:34:09.646+0000] {logging_mixin.py:188} INFO - [2024-04-21T11:34:09.645+0000] {dagbag.py:540} INFO - Filling up the DagBag from /opt/airflow/dags/create_dag_with_python_operator.py
[2024-04-21T11:34:09.664+0000] {processor.py:840} INFO - DAG(s) 'our_dag_with_python_operator_v02' retrieved from /opt/airflow/dags/create_dag_with_python_operator.py
[2024-04-21T11:34:09.693+0000] {logging_mixin.py:188} INFO - [2024-04-21T11:34:09.693+0000] {dag.py:3096} INFO - Sync 1 DAGs
[2024-04-21T11:34:09.711+0000] {logging_mixin.py:188} INFO - [2024-04-21T11:34:09.711+0000] {dag.py:3954} INFO - Setting next_dagrun for our_dag_with_python_operator_v02 to 2024-04-21 00:00:00+00:00, run_after=2024-04-22 00:00:00+00:00
[2024-04-21T11:34:09.722+0000] {processor.py:183} INFO - Processing /opt/airflow/dags/create_dag_with_python_operator.py took 0.089 seconds
[2024-04-21T12:40:13.456+0000] {processor.py:161} INFO - Started process (PID=8578) to work on /opt/airflow/dags/create_dag_with_python_operator.py
[2024-04-21T12:40:13.460+0000] {processor.py:830} INFO - Processing file /opt/airflow/dags/create_dag_with_python_operator.py for tasks to queue
[2024-04-21T12:40:13.462+0000] {logging_mixin.py:188} INFO - [2024-04-21T12:40:13.461+0000] {dagbag.py:540} INFO - Filling up the DagBag from /opt/airflow/dags/create_dag_with_python_operator.py
[2024-04-21T12:40:13.540+0000] {processor.py:840} INFO - DAG(s) 'our_dag_with_python_operator_v02' retrieved from /opt/airflow/dags/create_dag_with_python_operator.py
[2024-04-21T12:40:13.604+0000] {logging_mixin.py:188} INFO - [2024-04-21T12:40:13.604+0000] {dag.py:3096} INFO - Sync 1 DAGs
[2024-04-21T12:40:13.653+0000] {logging_mixin.py:188} INFO - [2024-04-21T12:40:13.653+0000] {dag.py:3954} INFO - Setting next_dagrun for our_dag_with_python_operator_v02 to 2024-04-21 00:00:00+00:00, run_after=2024-04-22 00:00:00+00:00
[2024-04-21T12:40:13.690+0000] {processor.py:183} INFO - Processing /opt/airflow/dags/create_dag_with_python_operator.py took 0.252 seconds
[2024-04-21T13:48:20.520+0000] {processor.py:161} INFO - Started process (PID=8594) to work on /opt/airflow/dags/create_dag_with_python_operator.py
[2024-04-21T13:48:20.530+0000] {processor.py:830} INFO - Processing file /opt/airflow/dags/create_dag_with_python_operator.py for tasks to queue
[2024-04-21T13:48:20.544+0000] {logging_mixin.py:188} INFO - [2024-04-21T13:48:20.542+0000] {dagbag.py:540} INFO - Filling up the DagBag from /opt/airflow/dags/create_dag_with_python_operator.py
[2024-04-21T13:48:20.625+0000] {processor.py:840} INFO - DAG(s) 'our_dag_with_python_operator_v02' retrieved from /opt/airflow/dags/create_dag_with_python_operator.py
[2024-04-21T13:48:20.739+0000] {logging_mixin.py:188} INFO - [2024-04-21T13:48:20.739+0000] {dag.py:3096} INFO - Sync 1 DAGs
[2024-04-21T13:48:20.809+0000] {logging_mixin.py:188} INFO - [2024-04-21T13:48:20.808+0000] {dag.py:3954} INFO - Setting next_dagrun for our_dag_with_python_operator_v02 to 2024-04-21 00:00:00+00:00, run_after=2024-04-22 00:00:00+00:00
[2024-04-21T13:48:20.856+0000] {processor.py:183} INFO - Processing /opt/airflow/dags/create_dag_with_python_operator.py took 0.378 seconds
[2024-04-21T15:11:02.357+0000] {processor.py:161} INFO - Started process (PID=8610) to work on /opt/airflow/dags/create_dag_with_python_operator.py
[2024-04-21T15:11:02.358+0000] {processor.py:830} INFO - Processing file /opt/airflow/dags/create_dag_with_python_operator.py for tasks to queue
[2024-04-21T15:11:02.359+0000] {logging_mixin.py:188} INFO - [2024-04-21T15:11:02.359+0000] {dagbag.py:540} INFO - Filling up the DagBag from /opt/airflow/dags/create_dag_with_python_operator.py
[2024-04-21T15:11:02.402+0000] {processor.py:840} INFO - DAG(s) 'our_dag_with_python_operator_v02' retrieved from /opt/airflow/dags/create_dag_with_python_operator.py
[2024-04-21T15:11:02.431+0000] {logging_mixin.py:188} INFO - [2024-04-21T15:11:02.430+0000] {dag.py:3096} INFO - Sync 1 DAGs
[2024-04-21T15:11:02.448+0000] {logging_mixin.py:188} INFO - [2024-04-21T15:11:02.448+0000] {dag.py:3954} INFO - Setting next_dagrun for our_dag_with_python_operator_v02 to 2024-04-21 00:00:00+00:00, run_after=2024-04-22 00:00:00+00:00
[2024-04-21T15:11:02.458+0000] {processor.py:183} INFO - Processing /opt/airflow/dags/create_dag_with_python_operator.py took 0.112 seconds
[2024-04-21T16:17:46.207+0000] {processor.py:161} INFO - Started process (PID=8628) to work on /opt/airflow/dags/create_dag_with_python_operator.py
[2024-04-21T16:17:46.210+0000] {processor.py:830} INFO - Processing file /opt/airflow/dags/create_dag_with_python_operator.py for tasks to queue
[2024-04-21T16:17:46.217+0000] {logging_mixin.py:188} INFO - [2024-04-21T16:17:46.213+0000] {dagbag.py:540} INFO - Filling up the DagBag from /opt/airflow/dags/create_dag_with_python_operator.py
[2024-04-21T16:17:46.249+0000] {processor.py:840} INFO - DAG(s) 'our_dag_with_python_operator_v02' retrieved from /opt/airflow/dags/create_dag_with_python_operator.py
[2024-04-21T16:17:46.321+0000] {logging_mixin.py:188} INFO - [2024-04-21T16:17:46.320+0000] {dag.py:3096} INFO - Sync 1 DAGs
[2024-04-21T16:17:46.368+0000] {logging_mixin.py:188} INFO - [2024-04-21T16:17:46.368+0000] {dag.py:3954} INFO - Setting next_dagrun for our_dag_with_python_operator_v02 to 2024-04-21 00:00:00+00:00, run_after=2024-04-22 00:00:00+00:00
[2024-04-21T16:17:46.404+0000] {processor.py:183} INFO - Processing /opt/airflow/dags/create_dag_with_python_operator.py took 0.222 seconds
[2024-04-21T17:22:55.958+0000] {processor.py:161} INFO - Started process (PID=8644) to work on /opt/airflow/dags/create_dag_with_python_operator.py
[2024-04-21T17:22:55.959+0000] {processor.py:830} INFO - Processing file /opt/airflow/dags/create_dag_with_python_operator.py for tasks to queue
[2024-04-21T17:22:55.960+0000] {logging_mixin.py:188} INFO - [2024-04-21T17:22:55.959+0000] {dagbag.py:540} INFO - Filling up the DagBag from /opt/airflow/dags/create_dag_with_python_operator.py
[2024-04-21T17:22:55.988+0000] {processor.py:840} INFO - DAG(s) 'our_dag_with_python_operator_v02' retrieved from /opt/airflow/dags/create_dag_with_python_operator.py
[2024-04-21T17:22:56.007+0000] {logging_mixin.py:188} INFO - [2024-04-21T17:22:56.007+0000] {dag.py:3096} INFO - Sync 1 DAGs
[2024-04-21T17:22:56.021+0000] {logging_mixin.py:188} INFO - [2024-04-21T17:22:56.020+0000] {dag.py:3954} INFO - Setting next_dagrun for our_dag_with_python_operator_v02 to 2024-04-21 00:00:00+00:00, run_after=2024-04-22 00:00:00+00:00
[2024-04-21T17:22:56.035+0000] {processor.py:183} INFO - Processing /opt/airflow/dags/create_dag_with_python_operator.py took 0.084 seconds
[2024-04-21T18:50:23.055+0000] {processor.py:161} INFO - Started process (PID=8660) to work on /opt/airflow/dags/create_dag_with_python_operator.py
[2024-04-21T18:50:23.056+0000] {processor.py:830} INFO - Processing file /opt/airflow/dags/create_dag_with_python_operator.py for tasks to queue
[2024-04-21T18:50:23.058+0000] {logging_mixin.py:188} INFO - [2024-04-21T18:50:23.057+0000] {dagbag.py:540} INFO - Filling up the DagBag from /opt/airflow/dags/create_dag_with_python_operator.py
[2024-04-21T18:50:23.074+0000] {processor.py:840} INFO - DAG(s) 'our_dag_with_python_operator_v02' retrieved from /opt/airflow/dags/create_dag_with_python_operator.py
[2024-04-21T18:50:23.098+0000] {logging_mixin.py:188} INFO - [2024-04-21T18:50:23.098+0000] {dag.py:3096} INFO - Sync 1 DAGs
[2024-04-21T18:50:23.114+0000] {logging_mixin.py:188} INFO - [2024-04-21T18:50:23.114+0000] {dag.py:3954} INFO - Setting next_dagrun for our_dag_with_python_operator_v02 to 2024-04-21 00:00:00+00:00, run_after=2024-04-22 00:00:00+00:00
[2024-04-21T18:50:23.125+0000] {processor.py:183} INFO - Processing /opt/airflow/dags/create_dag_with_python_operator.py took 0.077 seconds
[2024-04-21T19:54:42.023+0000] {processor.py:161} INFO - Started process (PID=8678) to work on /opt/airflow/dags/create_dag_with_python_operator.py
[2024-04-21T19:54:42.025+0000] {processor.py:830} INFO - Processing file /opt/airflow/dags/create_dag_with_python_operator.py for tasks to queue
[2024-04-21T19:54:42.027+0000] {logging_mixin.py:188} INFO - [2024-04-21T19:54:42.026+0000] {dagbag.py:540} INFO - Filling up the DagBag from /opt/airflow/dags/create_dag_with_python_operator.py
[2024-04-21T19:54:42.062+0000] {processor.py:840} INFO - DAG(s) 'our_dag_with_python_operator_v02' retrieved from /opt/airflow/dags/create_dag_with_python_operator.py
[2024-04-21T19:54:42.140+0000] {logging_mixin.py:188} INFO - [2024-04-21T19:54:42.140+0000] {dag.py:3096} INFO - Sync 1 DAGs
[2024-04-21T19:54:42.195+0000] {logging_mixin.py:188} INFO - [2024-04-21T19:54:42.195+0000] {dag.py:3954} INFO - Setting next_dagrun for our_dag_with_python_operator_v02 to 2024-04-21 00:00:00+00:00, run_after=2024-04-22 00:00:00+00:00
[2024-04-21T19:54:42.233+0000] {processor.py:183} INFO - Processing /opt/airflow/dags/create_dag_with_python_operator.py took 0.240 seconds
[2024-04-21T20:31:09.558+0000] {processor.py:161} INFO - Started process (PID=8696) to work on /opt/airflow/dags/create_dag_with_python_operator.py
[2024-04-21T20:31:09.561+0000] {processor.py:830} INFO - Processing file /opt/airflow/dags/create_dag_with_python_operator.py for tasks to queue
[2024-04-21T20:31:09.563+0000] {logging_mixin.py:188} INFO - [2024-04-21T20:31:09.562+0000] {dagbag.py:540} INFO - Filling up the DagBag from /opt/airflow/dags/create_dag_with_python_operator.py
[2024-04-21T20:31:09.607+0000] {processor.py:840} INFO - DAG(s) 'our_dag_with_python_operator_v02' retrieved from /opt/airflow/dags/create_dag_with_python_operator.py
[2024-04-21T20:31:09.651+0000] {logging_mixin.py:188} INFO - [2024-04-21T20:31:09.650+0000] {dag.py:3096} INFO - Sync 1 DAGs
[2024-04-21T20:31:09.722+0000] {logging_mixin.py:188} INFO - [2024-04-21T20:31:09.722+0000] {dag.py:3954} INFO - Setting next_dagrun for our_dag_with_python_operator_v02 to 2024-04-21 00:00:00+00:00, run_after=2024-04-22 00:00:00+00:00
[2024-04-21T20:31:09.769+0000] {processor.py:183} INFO - Processing /opt/airflow/dags/create_dag_with_python_operator.py took 0.231 seconds
[2024-04-21T20:56:49.947+0000] {processor.py:161} INFO - Started process (PID=8712) to work on /opt/airflow/dags/create_dag_with_python_operator.py
[2024-04-21T20:56:49.949+0000] {processor.py:830} INFO - Processing file /opt/airflow/dags/create_dag_with_python_operator.py for tasks to queue
[2024-04-21T20:56:49.952+0000] {logging_mixin.py:188} INFO - [2024-04-21T20:56:49.950+0000] {dagbag.py:540} INFO - Filling up the DagBag from /opt/airflow/dags/create_dag_with_python_operator.py
[2024-04-21T20:56:49.987+0000] {processor.py:840} INFO - DAG(s) 'our_dag_with_python_operator_v02' retrieved from /opt/airflow/dags/create_dag_with_python_operator.py
[2024-04-21T20:56:50.050+0000] {logging_mixin.py:188} INFO - [2024-04-21T20:56:50.049+0000] {dag.py:3096} INFO - Sync 1 DAGs
[2024-04-21T20:56:50.083+0000] {logging_mixin.py:188} INFO - [2024-04-21T20:56:50.083+0000] {dag.py:3954} INFO - Setting next_dagrun for our_dag_with_python_operator_v02 to 2024-04-21 00:00:00+00:00, run_after=2024-04-22 00:00:00+00:00
[2024-04-21T20:56:50.115+0000] {processor.py:183} INFO - Processing /opt/airflow/dags/create_dag_with_python_operator.py took 0.189 seconds
[2024-04-21T20:57:20.556+0000] {processor.py:161} INFO - Started process (PID=8728) to work on /opt/airflow/dags/create_dag_with_python_operator.py
[2024-04-21T20:57:20.559+0000] {processor.py:830} INFO - Processing file /opt/airflow/dags/create_dag_with_python_operator.py for tasks to queue
[2024-04-21T20:57:20.560+0000] {logging_mixin.py:188} INFO - [2024-04-21T20:57:20.559+0000] {dagbag.py:540} INFO - Filling up the DagBag from /opt/airflow/dags/create_dag_with_python_operator.py
[2024-04-21T20:57:20.597+0000] {processor.py:840} INFO - DAG(s) 'our_dag_with_python_operator_v02' retrieved from /opt/airflow/dags/create_dag_with_python_operator.py
[2024-04-21T20:57:20.638+0000] {logging_mixin.py:188} INFO - [2024-04-21T20:57:20.637+0000] {dag.py:3096} INFO - Sync 1 DAGs
[2024-04-21T20:57:20.654+0000] {logging_mixin.py:188} INFO - [2024-04-21T20:57:20.654+0000] {dag.py:3954} INFO - Setting next_dagrun for our_dag_with_python_operator_v02 to 2024-04-21 00:00:00+00:00, run_after=2024-04-22 00:00:00+00:00
[2024-04-21T20:57:20.665+0000] {processor.py:183} INFO - Processing /opt/airflow/dags/create_dag_with_python_operator.py took 0.124 seconds
[2024-04-21T20:57:50.928+0000] {processor.py:161} INFO - Started process (PID=8744) to work on /opt/airflow/dags/create_dag_with_python_operator.py
[2024-04-21T20:57:50.931+0000] {processor.py:830} INFO - Processing file /opt/airflow/dags/create_dag_with_python_operator.py for tasks to queue
[2024-04-21T20:57:50.932+0000] {logging_mixin.py:188} INFO - [2024-04-21T20:57:50.931+0000] {dagbag.py:540} INFO - Filling up the DagBag from /opt/airflow/dags/create_dag_with_python_operator.py
[2024-04-21T20:57:50.979+0000] {processor.py:840} INFO - DAG(s) 'our_dag_with_python_operator_v02' retrieved from /opt/airflow/dags/create_dag_with_python_operator.py
[2024-04-21T20:57:51.007+0000] {logging_mixin.py:188} INFO - [2024-04-21T20:57:51.007+0000] {dag.py:3096} INFO - Sync 1 DAGs
[2024-04-21T20:57:51.023+0000] {logging_mixin.py:188} INFO - [2024-04-21T20:57:51.023+0000] {dag.py:3954} INFO - Setting next_dagrun for our_dag_with_python_operator_v02 to 2024-04-21 00:00:00+00:00, run_after=2024-04-22 00:00:00+00:00
[2024-04-21T20:57:51.033+0000] {processor.py:183} INFO - Processing /opt/airflow/dags/create_dag_with_python_operator.py took 0.121 seconds
[2024-04-21T20:58:21.335+0000] {processor.py:161} INFO - Started process (PID=8760) to work on /opt/airflow/dags/create_dag_with_python_operator.py
[2024-04-21T20:58:21.338+0000] {processor.py:830} INFO - Processing file /opt/airflow/dags/create_dag_with_python_operator.py for tasks to queue
[2024-04-21T20:58:21.340+0000] {logging_mixin.py:188} INFO - [2024-04-21T20:58:21.339+0000] {dagbag.py:540} INFO - Filling up the DagBag from /opt/airflow/dags/create_dag_with_python_operator.py
[2024-04-21T20:58:21.360+0000] {processor.py:840} INFO - DAG(s) 'our_dag_with_python_operator_v02' retrieved from /opt/airflow/dags/create_dag_with_python_operator.py
[2024-04-21T20:58:21.398+0000] {logging_mixin.py:188} INFO - [2024-04-21T20:58:21.398+0000] {dag.py:3096} INFO - Sync 1 DAGs
[2024-04-21T20:58:21.414+0000] {logging_mixin.py:188} INFO - [2024-04-21T20:58:21.414+0000] {dag.py:3954} INFO - Setting next_dagrun for our_dag_with_python_operator_v02 to 2024-04-21 00:00:00+00:00, run_after=2024-04-22 00:00:00+00:00
[2024-04-21T20:58:21.424+0000] {processor.py:183} INFO - Processing /opt/airflow/dags/create_dag_with_python_operator.py took 0.106 seconds
[2024-04-21T20:58:51.759+0000] {processor.py:161} INFO - Started process (PID=8776) to work on /opt/airflow/dags/create_dag_with_python_operator.py
[2024-04-21T20:58:51.761+0000] {processor.py:830} INFO - Processing file /opt/airflow/dags/create_dag_with_python_operator.py for tasks to queue
[2024-04-21T20:58:51.762+0000] {logging_mixin.py:188} INFO - [2024-04-21T20:58:51.762+0000] {dagbag.py:540} INFO - Filling up the DagBag from /opt/airflow/dags/create_dag_with_python_operator.py
[2024-04-21T20:58:51.784+0000] {processor.py:840} INFO - DAG(s) 'our_dag_with_python_operator_v02' retrieved from /opt/airflow/dags/create_dag_with_python_operator.py
[2024-04-21T20:58:51.815+0000] {logging_mixin.py:188} INFO - [2024-04-21T20:58:51.815+0000] {dag.py:3096} INFO - Sync 1 DAGs
[2024-04-21T20:58:51.832+0000] {logging_mixin.py:188} INFO - [2024-04-21T20:58:51.832+0000] {dag.py:3954} INFO - Setting next_dagrun for our_dag_with_python_operator_v02 to 2024-04-21 00:00:00+00:00, run_after=2024-04-22 00:00:00+00:00
[2024-04-21T20:58:51.843+0000] {processor.py:183} INFO - Processing /opt/airflow/dags/create_dag_with_python_operator.py took 0.093 seconds
[2024-04-21T20:59:22.208+0000] {processor.py:161} INFO - Started process (PID=8792) to work on /opt/airflow/dags/create_dag_with_python_operator.py
[2024-04-21T20:59:22.211+0000] {processor.py:830} INFO - Processing file /opt/airflow/dags/create_dag_with_python_operator.py for tasks to queue
[2024-04-21T20:59:22.212+0000] {logging_mixin.py:188} INFO - [2024-04-21T20:59:22.211+0000] {dagbag.py:540} INFO - Filling up the DagBag from /opt/airflow/dags/create_dag_with_python_operator.py
[2024-04-21T20:59:22.236+0000] {processor.py:840} INFO - DAG(s) 'our_dag_with_python_operator_v02' retrieved from /opt/airflow/dags/create_dag_with_python_operator.py
[2024-04-21T20:59:22.282+0000] {logging_mixin.py:188} INFO - [2024-04-21T20:59:22.281+0000] {dag.py:3096} INFO - Sync 1 DAGs
[2024-04-21T20:59:22.298+0000] {logging_mixin.py:188} INFO - [2024-04-21T20:59:22.298+0000] {dag.py:3954} INFO - Setting next_dagrun for our_dag_with_python_operator_v02 to 2024-04-21 00:00:00+00:00, run_after=2024-04-22 00:00:00+00:00
[2024-04-21T20:59:22.310+0000] {processor.py:183} INFO - Processing /opt/airflow/dags/create_dag_with_python_operator.py took 0.113 seconds
[2024-04-21T20:59:52.639+0000] {processor.py:161} INFO - Started process (PID=8808) to work on /opt/airflow/dags/create_dag_with_python_operator.py
[2024-04-21T20:59:52.641+0000] {processor.py:830} INFO - Processing file /opt/airflow/dags/create_dag_with_python_operator.py for tasks to queue
[2024-04-21T20:59:52.642+0000] {logging_mixin.py:188} INFO - [2024-04-21T20:59:52.642+0000] {dagbag.py:540} INFO - Filling up the DagBag from /opt/airflow/dags/create_dag_with_python_operator.py
[2024-04-21T20:59:52.661+0000] {processor.py:840} INFO - DAG(s) 'our_dag_with_python_operator_v02' retrieved from /opt/airflow/dags/create_dag_with_python_operator.py
[2024-04-21T20:59:52.683+0000] {logging_mixin.py:188} INFO - [2024-04-21T20:59:52.682+0000] {dag.py:3096} INFO - Sync 1 DAGs
[2024-04-21T20:59:52.710+0000] {logging_mixin.py:188} INFO - [2024-04-21T20:59:52.710+0000] {dag.py:3954} INFO - Setting next_dagrun for our_dag_with_python_operator_v02 to 2024-04-21 00:00:00+00:00, run_after=2024-04-22 00:00:00+00:00
[2024-04-21T20:59:52.721+0000] {processor.py:183} INFO - Processing /opt/airflow/dags/create_dag_with_python_operator.py took 0.092 seconds
[2024-04-21T21:00:23.067+0000] {processor.py:161} INFO - Started process (PID=8824) to work on /opt/airflow/dags/create_dag_with_python_operator.py
[2024-04-21T21:00:23.069+0000] {processor.py:830} INFO - Processing file /opt/airflow/dags/create_dag_with_python_operator.py for tasks to queue
[2024-04-21T21:00:23.071+0000] {logging_mixin.py:188} INFO - [2024-04-21T21:00:23.070+0000] {dagbag.py:540} INFO - Filling up the DagBag from /opt/airflow/dags/create_dag_with_python_operator.py
[2024-04-21T21:00:23.090+0000] {processor.py:840} INFO - DAG(s) 'our_dag_with_python_operator_v02' retrieved from /opt/airflow/dags/create_dag_with_python_operator.py
[2024-04-21T21:00:23.128+0000] {logging_mixin.py:188} INFO - [2024-04-21T21:00:23.128+0000] {dag.py:3096} INFO - Sync 1 DAGs
[2024-04-21T21:00:23.147+0000] {logging_mixin.py:188} INFO - [2024-04-21T21:00:23.147+0000] {dag.py:3954} INFO - Setting next_dagrun for our_dag_with_python_operator_v02 to 2024-04-21 00:00:00+00:00, run_after=2024-04-22 00:00:00+00:00
[2024-04-21T21:00:23.159+0000] {processor.py:183} INFO - Processing /opt/airflow/dags/create_dag_with_python_operator.py took 0.104 seconds
[2024-04-21T21:00:53.506+0000] {processor.py:161} INFO - Started process (PID=8840) to work on /opt/airflow/dags/create_dag_with_python_operator.py
[2024-04-21T21:00:53.507+0000] {processor.py:830} INFO - Processing file /opt/airflow/dags/create_dag_with_python_operator.py for tasks to queue
[2024-04-21T21:00:53.509+0000] {logging_mixin.py:188} INFO - [2024-04-21T21:00:53.508+0000] {dagbag.py:540} INFO - Filling up the DagBag from /opt/airflow/dags/create_dag_with_python_operator.py
[2024-04-21T21:00:53.525+0000] {processor.py:840} INFO - DAG(s) 'our_dag_with_python_operator_v02' retrieved from /opt/airflow/dags/create_dag_with_python_operator.py
[2024-04-21T21:00:53.556+0000] {logging_mixin.py:188} INFO - [2024-04-21T21:00:53.556+0000] {dag.py:3096} INFO - Sync 1 DAGs
[2024-04-21T21:00:53.573+0000] {logging_mixin.py:188} INFO - [2024-04-21T21:00:53.573+0000] {dag.py:3954} INFO - Setting next_dagrun for our_dag_with_python_operator_v02 to 2024-04-21 00:00:00+00:00, run_after=2024-04-22 00:00:00+00:00
[2024-04-21T21:00:53.584+0000] {processor.py:183} INFO - Processing /opt/airflow/dags/create_dag_with_python_operator.py took 0.089 seconds
[2024-04-21T21:01:23.994+0000] {processor.py:161} INFO - Started process (PID=8856) to work on /opt/airflow/dags/create_dag_with_python_operator.py
[2024-04-21T21:01:23.996+0000] {processor.py:830} INFO - Processing file /opt/airflow/dags/create_dag_with_python_operator.py for tasks to queue
[2024-04-21T21:01:23.997+0000] {logging_mixin.py:188} INFO - [2024-04-21T21:01:23.996+0000] {dagbag.py:540} INFO - Filling up the DagBag from /opt/airflow/dags/create_dag_with_python_operator.py
[2024-04-21T21:01:24.017+0000] {processor.py:840} INFO - DAG(s) 'our_dag_with_python_operator_v02' retrieved from /opt/airflow/dags/create_dag_with_python_operator.py
[2024-04-21T21:01:24.045+0000] {logging_mixin.py:188} INFO - [2024-04-21T21:01:24.045+0000] {dag.py:3096} INFO - Sync 1 DAGs
[2024-04-21T21:01:24.068+0000] {logging_mixin.py:188} INFO - [2024-04-21T21:01:24.068+0000] {dag.py:3954} INFO - Setting next_dagrun for our_dag_with_python_operator_v02 to 2024-04-21 00:00:00+00:00, run_after=2024-04-22 00:00:00+00:00
[2024-04-21T21:01:24.083+0000] {processor.py:183} INFO - Processing /opt/airflow/dags/create_dag_with_python_operator.py took 0.115 seconds
[2024-04-21T21:19:14.741+0000] {processor.py:161} INFO - Started process (PID=8872) to work on /opt/airflow/dags/create_dag_with_python_operator.py
[2024-04-21T21:19:14.747+0000] {processor.py:830} INFO - Processing file /opt/airflow/dags/create_dag_with_python_operator.py for tasks to queue
[2024-04-21T21:19:14.752+0000] {logging_mixin.py:188} INFO - [2024-04-21T21:19:14.750+0000] {dagbag.py:540} INFO - Filling up the DagBag from /opt/airflow/dags/create_dag_with_python_operator.py
[2024-04-21T21:19:14.780+0000] {processor.py:840} INFO - DAG(s) 'our_dag_with_python_operator_v02' retrieved from /opt/airflow/dags/create_dag_with_python_operator.py
[2024-04-21T21:19:14.831+0000] {logging_mixin.py:188} INFO - [2024-04-21T21:19:14.830+0000] {dag.py:3096} INFO - Sync 1 DAGs
[2024-04-21T21:19:14.848+0000] {logging_mixin.py:188} INFO - [2024-04-21T21:19:14.848+0000] {dag.py:3954} INFO - Setting next_dagrun for our_dag_with_python_operator_v02 to 2024-04-21 00:00:00+00:00, run_after=2024-04-22 00:00:00+00:00
[2024-04-21T21:19:14.860+0000] {processor.py:183} INFO - Processing /opt/airflow/dags/create_dag_with_python_operator.py took 0.142 seconds
[2024-04-21T22:13:49.654+0000] {processor.py:161} INFO - Started process (PID=8889) to work on /opt/airflow/dags/create_dag_with_python_operator.py
[2024-04-21T22:13:49.667+0000] {processor.py:830} INFO - Processing file /opt/airflow/dags/create_dag_with_python_operator.py for tasks to queue
[2024-04-21T22:13:49.670+0000] {logging_mixin.py:188} INFO - [2024-04-21T22:13:49.670+0000] {dagbag.py:540} INFO - Filling up the DagBag from /opt/airflow/dags/create_dag_with_python_operator.py
[2024-04-21T22:13:49.731+0000] {processor.py:840} INFO - DAG(s) 'our_dag_with_python_operator_v02' retrieved from /opt/airflow/dags/create_dag_with_python_operator.py
[2024-04-21T22:13:49.799+0000] {logging_mixin.py:188} INFO - [2024-04-21T22:13:49.798+0000] {dag.py:3096} INFO - Sync 1 DAGs
[2024-04-21T22:13:49.848+0000] {logging_mixin.py:188} INFO - [2024-04-21T22:13:49.848+0000] {dag.py:3954} INFO - Setting next_dagrun for our_dag_with_python_operator_v02 to 2024-04-21 00:00:00+00:00, run_after=2024-04-22 00:00:00+00:00
[2024-04-21T22:13:49.883+0000] {processor.py:183} INFO - Processing /opt/airflow/dags/create_dag_with_python_operator.py took 0.246 seconds
[2024-04-21T23:16:00.441+0000] {processor.py:161} INFO - Started process (PID=8908) to work on /opt/airflow/dags/create_dag_with_python_operator.py
[2024-04-21T23:16:00.481+0000] {processor.py:830} INFO - Processing file /opt/airflow/dags/create_dag_with_python_operator.py for tasks to queue
[2024-04-21T23:16:00.482+0000] {logging_mixin.py:188} INFO - [2024-04-21T23:16:00.481+0000] {dagbag.py:540} INFO - Filling up the DagBag from /opt/airflow/dags/create_dag_with_python_operator.py
[2024-04-21T23:16:00.512+0000] {processor.py:840} INFO - DAG(s) 'our_dag_with_python_operator_v02' retrieved from /opt/airflow/dags/create_dag_with_python_operator.py
[2024-04-21T23:16:00.536+0000] {logging_mixin.py:188} INFO - [2024-04-21T23:16:00.535+0000] {dag.py:3096} INFO - Sync 1 DAGs
[2024-04-21T23:16:00.558+0000] {logging_mixin.py:188} INFO - [2024-04-21T23:16:00.558+0000] {dag.py:3954} INFO - Setting next_dagrun for our_dag_with_python_operator_v02 to 2024-04-21 00:00:00+00:00, run_after=2024-04-22 00:00:00+00:00
[2024-04-21T23:16:00.572+0000] {processor.py:183} INFO - Processing /opt/airflow/dags/create_dag_with_python_operator.py took 0.143 seconds
[2024-04-21T23:42:57.337+0000] {processor.py:161} INFO - Started process (PID=8923) to work on /opt/airflow/dags/create_dag_with_python_operator.py
[2024-04-21T23:42:57.339+0000] {processor.py:830} INFO - Processing file /opt/airflow/dags/create_dag_with_python_operator.py for tasks to queue
[2024-04-21T23:42:57.342+0000] {logging_mixin.py:188} INFO - [2024-04-21T23:42:57.341+0000] {dagbag.py:540} INFO - Filling up the DagBag from /opt/airflow/dags/create_dag_with_python_operator.py
[2024-04-21T23:42:57.365+0000] {processor.py:840} INFO - DAG(s) 'our_dag_with_python_operator_v02' retrieved from /opt/airflow/dags/create_dag_with_python_operator.py
[2024-04-21T23:42:57.416+0000] {logging_mixin.py:188} INFO - [2024-04-21T23:42:57.416+0000] {dag.py:3096} INFO - Sync 1 DAGs
[2024-04-21T23:42:57.461+0000] {logging_mixin.py:188} INFO - [2024-04-21T23:42:57.461+0000] {dag.py:3954} INFO - Setting next_dagrun for our_dag_with_python_operator_v02 to 2024-04-21 00:00:00+00:00, run_after=2024-04-22 00:00:00+00:00
[2024-04-21T23:42:57.501+0000] {processor.py:183} INFO - Processing /opt/airflow/dags/create_dag_with_python_operator.py took 0.184 seconds
