[2024-04-21T00:12:20.341+0000] {processor.py:161} INFO - Started process (PID=8303) to work on /opt/airflow/dags/our_first_dag.py
[2024-04-21T00:12:20.349+0000] {processor.py:830} INFO - Processing file /opt/airflow/dags/our_first_dag.py for tasks to queue
[2024-04-21T00:12:20.357+0000] {logging_mixin.py:188} INFO - [2024-04-21T00:12:20.353+0000] {dagbag.py:540} INFO - Filling up the DagBag from /opt/airflow/dags/our_first_dag.py
[2024-04-21T00:12:20.489+0000] {processor.py:840} INFO - DAG(s) 'our_first_dag_v5' retrieved from /opt/airflow/dags/our_first_dag.py
[2024-04-21T00:12:20.550+0000] {logging_mixin.py:188} INFO - [2024-04-21T00:12:20.550+0000] {dag.py:3096} INFO - Sync 1 DAGs
[2024-04-21T00:12:20.600+0000] {logging_mixin.py:188} INFO - [2024-04-21T00:12:20.599+0000] {dag.py:3954} INFO - Setting next_dagrun for our_first_dag_v5 to 2024-04-11 00:00:00+00:00, run_after=2024-04-12 00:00:00+00:00
[2024-04-21T00:12:20.613+0000] {processor.py:183} INFO - Processing /opt/airflow/dags/our_first_dag.py took 0.333 seconds
[2024-04-21T01:08:47.651+0000] {processor.py:161} INFO - Started process (PID=8318) to work on /opt/airflow/dags/our_first_dag.py
[2024-04-21T01:08:47.653+0000] {processor.py:830} INFO - Processing file /opt/airflow/dags/our_first_dag.py for tasks to queue
[2024-04-21T01:08:47.654+0000] {logging_mixin.py:188} INFO - [2024-04-21T01:08:47.654+0000] {dagbag.py:540} INFO - Filling up the DagBag from /opt/airflow/dags/our_first_dag.py
[2024-04-21T01:08:47.703+0000] {processor.py:840} INFO - DAG(s) 'our_first_dag_v5' retrieved from /opt/airflow/dags/our_first_dag.py
[2024-04-21T01:08:47.769+0000] {logging_mixin.py:188} INFO - [2024-04-21T01:08:47.769+0000] {dag.py:3096} INFO - Sync 1 DAGs
[2024-04-21T01:08:47.811+0000] {logging_mixin.py:188} INFO - [2024-04-21T01:08:47.811+0000] {dag.py:3954} INFO - Setting next_dagrun for our_first_dag_v5 to 2024-04-11 00:00:00+00:00, run_after=2024-04-12 00:00:00+00:00
[2024-04-21T01:08:47.836+0000] {processor.py:183} INFO - Processing /opt/airflow/dags/our_first_dag.py took 0.195 seconds
[2024-04-21T01:59:57.622+0000] {processor.py:161} INFO - Started process (PID=8336) to work on /opt/airflow/dags/our_first_dag.py
[2024-04-21T01:59:57.625+0000] {processor.py:830} INFO - Processing file /opt/airflow/dags/our_first_dag.py for tasks to queue
[2024-04-21T01:59:57.627+0000] {logging_mixin.py:188} INFO - [2024-04-21T01:59:57.626+0000] {dagbag.py:540} INFO - Filling up the DagBag from /opt/airflow/dags/our_first_dag.py
[2024-04-21T01:59:57.665+0000] {processor.py:840} INFO - DAG(s) 'our_first_dag_v5' retrieved from /opt/airflow/dags/our_first_dag.py
[2024-04-21T01:59:57.733+0000] {logging_mixin.py:188} INFO - [2024-04-21T01:59:57.733+0000] {dag.py:3096} INFO - Sync 1 DAGs
[2024-04-21T01:59:57.804+0000] {logging_mixin.py:188} INFO - [2024-04-21T01:59:57.804+0000] {dag.py:3954} INFO - Setting next_dagrun for our_first_dag_v5 to 2024-04-11 00:00:00+00:00, run_after=2024-04-12 00:00:00+00:00
[2024-04-21T01:59:57.845+0000] {processor.py:183} INFO - Processing /opt/airflow/dags/our_first_dag.py took 0.244 seconds
[2024-04-21T02:56:20.273+0000] {processor.py:161} INFO - Started process (PID=8351) to work on /opt/airflow/dags/our_first_dag.py
[2024-04-21T02:56:20.279+0000] {processor.py:830} INFO - Processing file /opt/airflow/dags/our_first_dag.py for tasks to queue
[2024-04-21T02:56:20.299+0000] {logging_mixin.py:188} INFO - [2024-04-21T02:56:20.294+0000] {dagbag.py:540} INFO - Filling up the DagBag from /opt/airflow/dags/our_first_dag.py
[2024-04-21T02:56:20.384+0000] {processor.py:840} INFO - DAG(s) 'our_first_dag_v5' retrieved from /opt/airflow/dags/our_first_dag.py
[2024-04-21T02:56:20.516+0000] {logging_mixin.py:188} INFO - [2024-04-21T02:56:20.516+0000] {dag.py:3096} INFO - Sync 1 DAGs
[2024-04-21T02:56:20.574+0000] {logging_mixin.py:188} INFO - [2024-04-21T02:56:20.574+0000] {dag.py:3954} INFO - Setting next_dagrun for our_first_dag_v5 to 2024-04-11 00:00:00+00:00, run_after=2024-04-12 00:00:00+00:00
[2024-04-21T02:56:20.710+0000] {processor.py:183} INFO - Processing /opt/airflow/dags/our_first_dag.py took 0.455 seconds
[2024-04-21T04:20:55.081+0000] {processor.py:161} INFO - Started process (PID=8368) to work on /opt/airflow/dags/our_first_dag.py
[2024-04-21T04:20:55.083+0000] {processor.py:830} INFO - Processing file /opt/airflow/dags/our_first_dag.py for tasks to queue
[2024-04-21T04:20:55.084+0000] {logging_mixin.py:188} INFO - [2024-04-21T04:20:55.084+0000] {dagbag.py:540} INFO - Filling up the DagBag from /opt/airflow/dags/our_first_dag.py
[2024-04-21T04:20:55.104+0000] {processor.py:840} INFO - DAG(s) 'our_first_dag_v5' retrieved from /opt/airflow/dags/our_first_dag.py
[2024-04-21T04:20:55.143+0000] {logging_mixin.py:188} INFO - [2024-04-21T04:20:55.142+0000] {dag.py:3096} INFO - Sync 1 DAGs
[2024-04-21T04:20:55.164+0000] {logging_mixin.py:188} INFO - [2024-04-21T04:20:55.164+0000] {dag.py:3954} INFO - Setting next_dagrun for our_first_dag_v5 to 2024-04-11 00:00:00+00:00, run_after=2024-04-12 00:00:00+00:00
[2024-04-21T04:20:55.178+0000] {processor.py:183} INFO - Processing /opt/airflow/dags/our_first_dag.py took 0.105 seconds
[2024-04-21T05:18:35.322+0000] {processor.py:161} INFO - Started process (PID=8386) to work on /opt/airflow/dags/our_first_dag.py
[2024-04-21T05:18:35.324+0000] {processor.py:830} INFO - Processing file /opt/airflow/dags/our_first_dag.py for tasks to queue
[2024-04-21T05:18:35.326+0000] {logging_mixin.py:188} INFO - [2024-04-21T05:18:35.325+0000] {dagbag.py:540} INFO - Filling up the DagBag from /opt/airflow/dags/our_first_dag.py
[2024-04-21T05:18:35.370+0000] {processor.py:840} INFO - DAG(s) 'our_first_dag_v5' retrieved from /opt/airflow/dags/our_first_dag.py
[2024-04-21T05:18:35.430+0000] {logging_mixin.py:188} INFO - [2024-04-21T05:18:35.430+0000] {dag.py:3096} INFO - Sync 1 DAGs
[2024-04-21T05:18:35.474+0000] {logging_mixin.py:188} INFO - [2024-04-21T05:18:35.474+0000] {dag.py:3954} INFO - Setting next_dagrun for our_first_dag_v5 to 2024-04-11 00:00:00+00:00, run_after=2024-04-12 00:00:00+00:00
[2024-04-21T05:18:35.510+0000] {processor.py:183} INFO - Processing /opt/airflow/dags/our_first_dag.py took 0.200 seconds
[2024-04-21T06:24:17.819+0000] {processor.py:161} INFO - Started process (PID=8402) to work on /opt/airflow/dags/our_first_dag.py
[2024-04-21T06:24:17.824+0000] {processor.py:830} INFO - Processing file /opt/airflow/dags/our_first_dag.py for tasks to queue
[2024-04-21T06:24:17.827+0000] {logging_mixin.py:188} INFO - [2024-04-21T06:24:17.825+0000] {dagbag.py:540} INFO - Filling up the DagBag from /opt/airflow/dags/our_first_dag.py
[2024-04-21T06:24:17.854+0000] {processor.py:840} INFO - DAG(s) 'our_first_dag_v5' retrieved from /opt/airflow/dags/our_first_dag.py
[2024-04-21T06:24:17.934+0000] {logging_mixin.py:188} INFO - [2024-04-21T06:24:17.934+0000] {dag.py:3096} INFO - Sync 1 DAGs
[2024-04-21T06:24:17.983+0000] {logging_mixin.py:188} INFO - [2024-04-21T06:24:17.982+0000] {dag.py:3954} INFO - Setting next_dagrun for our_first_dag_v5 to 2024-04-11 00:00:00+00:00, run_after=2024-04-12 00:00:00+00:00
[2024-04-21T06:24:18.009+0000] {processor.py:183} INFO - Processing /opt/airflow/dags/our_first_dag.py took 0.199 seconds
[2024-04-21T07:45:46.593+0000] {processor.py:161} INFO - Started process (PID=8418) to work on /opt/airflow/dags/our_first_dag.py
[2024-04-21T07:45:46.595+0000] {processor.py:830} INFO - Processing file /opt/airflow/dags/our_first_dag.py for tasks to queue
[2024-04-21T07:45:46.596+0000] {logging_mixin.py:188} INFO - [2024-04-21T07:45:46.595+0000] {dagbag.py:540} INFO - Filling up the DagBag from /opt/airflow/dags/our_first_dag.py
[2024-04-21T07:45:46.617+0000] {processor.py:840} INFO - DAG(s) 'our_first_dag_v5' retrieved from /opt/airflow/dags/our_first_dag.py
[2024-04-21T07:45:46.644+0000] {logging_mixin.py:188} INFO - [2024-04-21T07:45:46.644+0000] {dag.py:3096} INFO - Sync 1 DAGs
[2024-04-21T07:45:46.661+0000] {logging_mixin.py:188} INFO - [2024-04-21T07:45:46.661+0000] {dag.py:3954} INFO - Setting next_dagrun for our_first_dag_v5 to 2024-04-11 00:00:00+00:00, run_after=2024-04-12 00:00:00+00:00
[2024-04-21T07:45:46.672+0000] {processor.py:183} INFO - Processing /opt/airflow/dags/our_first_dag.py took 0.087 seconds
[2024-04-21T08:27:33.566+0000] {processor.py:161} INFO - Started process (PID=8436) to work on /opt/airflow/dags/our_first_dag.py
[2024-04-21T08:27:33.568+0000] {processor.py:830} INFO - Processing file /opt/airflow/dags/our_first_dag.py for tasks to queue
[2024-04-21T08:27:33.569+0000] {logging_mixin.py:188} INFO - [2024-04-21T08:27:33.569+0000] {dagbag.py:540} INFO - Filling up the DagBag from /opt/airflow/dags/our_first_dag.py
[2024-04-21T08:27:33.623+0000] {processor.py:840} INFO - DAG(s) 'our_first_dag_v5' retrieved from /opt/airflow/dags/our_first_dag.py
[2024-04-21T08:27:33.929+0000] {logging_mixin.py:188} INFO - [2024-04-21T08:27:33.929+0000] {dag.py:3096} INFO - Sync 1 DAGs
[2024-04-21T08:27:34.027+0000] {logging_mixin.py:188} INFO - [2024-04-21T08:27:34.027+0000] {dag.py:3954} INFO - Setting next_dagrun for our_first_dag_v5 to 2024-04-11 00:00:00+00:00, run_after=2024-04-12 00:00:00+00:00
[2024-04-21T08:27:34.085+0000] {processor.py:183} INFO - Processing /opt/airflow/dags/our_first_dag.py took 0.528 seconds
[2024-04-21T09:27:10.181+0000] {processor.py:161} INFO - Started process (PID=8453) to work on /opt/airflow/dags/our_first_dag.py
[2024-04-21T09:27:10.184+0000] {processor.py:830} INFO - Processing file /opt/airflow/dags/our_first_dag.py for tasks to queue
[2024-04-21T09:27:10.188+0000] {logging_mixin.py:188} INFO - [2024-04-21T09:27:10.186+0000] {dagbag.py:540} INFO - Filling up the DagBag from /opt/airflow/dags/our_first_dag.py
[2024-04-21T09:27:10.257+0000] {processor.py:840} INFO - DAG(s) 'our_first_dag_v5' retrieved from /opt/airflow/dags/our_first_dag.py
[2024-04-21T09:27:10.316+0000] {logging_mixin.py:188} INFO - [2024-04-21T09:27:10.315+0000] {dag.py:3096} INFO - Sync 1 DAGs
[2024-04-21T09:27:10.349+0000] {logging_mixin.py:188} INFO - [2024-04-21T09:27:10.349+0000] {dag.py:3954} INFO - Setting next_dagrun for our_first_dag_v5 to 2024-04-11 00:00:00+00:00, run_after=2024-04-12 00:00:00+00:00
[2024-04-21T09:27:10.398+0000] {processor.py:183} INFO - Processing /opt/airflow/dags/our_first_dag.py took 0.227 seconds
[2024-04-21T10:38:36.060+0000] {processor.py:161} INFO - Started process (PID=8468) to work on /opt/airflow/dags/our_first_dag.py
[2024-04-21T10:38:36.069+0000] {processor.py:830} INFO - Processing file /opt/airflow/dags/our_first_dag.py for tasks to queue
[2024-04-21T10:38:36.073+0000] {logging_mixin.py:188} INFO - [2024-04-21T10:38:36.072+0000] {dagbag.py:540} INFO - Filling up the DagBag from /opt/airflow/dags/our_first_dag.py
[2024-04-21T10:38:36.131+0000] {processor.py:840} INFO - DAG(s) 'our_first_dag_v5' retrieved from /opt/airflow/dags/our_first_dag.py
[2024-04-21T10:38:36.189+0000] {logging_mixin.py:188} INFO - [2024-04-21T10:38:36.189+0000] {dag.py:3096} INFO - Sync 1 DAGs
[2024-04-21T10:38:36.229+0000] {logging_mixin.py:188} INFO - [2024-04-21T10:38:36.228+0000] {dag.py:3954} INFO - Setting next_dagrun for our_first_dag_v5 to 2024-04-11 00:00:00+00:00, run_after=2024-04-12 00:00:00+00:00
[2024-04-21T10:38:36.277+0000] {processor.py:183} INFO - Processing /opt/airflow/dags/our_first_dag.py took 0.249 seconds
[2024-04-21T11:07:14.838+0000] {processor.py:161} INFO - Started process (PID=8484) to work on /opt/airflow/dags/our_first_dag.py
[2024-04-21T11:07:14.842+0000] {processor.py:830} INFO - Processing file /opt/airflow/dags/our_first_dag.py for tasks to queue
[2024-04-21T11:07:14.844+0000] {logging_mixin.py:188} INFO - [2024-04-21T11:07:14.844+0000] {dagbag.py:540} INFO - Filling up the DagBag from /opt/airflow/dags/our_first_dag.py
[2024-04-21T11:07:14.874+0000] {processor.py:840} INFO - DAG(s) 'our_first_dag_v5' retrieved from /opt/airflow/dags/our_first_dag.py
[2024-04-21T11:07:14.899+0000] {logging_mixin.py:188} INFO - [2024-04-21T11:07:14.899+0000] {dag.py:3096} INFO - Sync 1 DAGs
[2024-04-21T11:07:14.921+0000] {logging_mixin.py:188} INFO - [2024-04-21T11:07:14.920+0000] {dag.py:3954} INFO - Setting next_dagrun for our_first_dag_v5 to 2024-04-11 00:00:00+00:00, run_after=2024-04-12 00:00:00+00:00
[2024-04-21T11:07:14.932+0000] {processor.py:183} INFO - Processing /opt/airflow/dags/our_first_dag.py took 0.100 seconds
[2024-04-21T11:07:45.332+0000] {processor.py:161} INFO - Started process (PID=8500) to work on /opt/airflow/dags/our_first_dag.py
[2024-04-21T11:07:45.339+0000] {processor.py:830} INFO - Processing file /opt/airflow/dags/our_first_dag.py for tasks to queue
[2024-04-21T11:07:45.341+0000] {logging_mixin.py:188} INFO - [2024-04-21T11:07:45.340+0000] {dagbag.py:540} INFO - Filling up the DagBag from /opt/airflow/dags/our_first_dag.py
[2024-04-21T11:07:45.361+0000] {processor.py:840} INFO - DAG(s) 'our_first_dag_v5' retrieved from /opt/airflow/dags/our_first_dag.py
[2024-04-21T11:07:45.401+0000] {logging_mixin.py:188} INFO - [2024-04-21T11:07:45.401+0000] {dag.py:3096} INFO - Sync 1 DAGs
[2024-04-21T11:07:45.417+0000] {logging_mixin.py:188} INFO - [2024-04-21T11:07:45.417+0000] {dag.py:3954} INFO - Setting next_dagrun for our_first_dag_v5 to 2024-04-11 00:00:00+00:00, run_after=2024-04-12 00:00:00+00:00
[2024-04-21T11:07:45.428+0000] {processor.py:183} INFO - Processing /opt/airflow/dags/our_first_dag.py took 0.108 seconds
[2024-04-21T11:08:15.838+0000] {processor.py:161} INFO - Started process (PID=8517) to work on /opt/airflow/dags/our_first_dag.py
[2024-04-21T11:08:15.839+0000] {processor.py:830} INFO - Processing file /opt/airflow/dags/our_first_dag.py for tasks to queue
[2024-04-21T11:08:15.840+0000] {logging_mixin.py:188} INFO - [2024-04-21T11:08:15.840+0000] {dagbag.py:540} INFO - Filling up the DagBag from /opt/airflow/dags/our_first_dag.py
[2024-04-21T11:08:15.857+0000] {processor.py:840} INFO - DAG(s) 'our_first_dag_v5' retrieved from /opt/airflow/dags/our_first_dag.py
[2024-04-21T11:08:15.879+0000] {logging_mixin.py:188} INFO - [2024-04-21T11:08:15.878+0000] {dag.py:3096} INFO - Sync 1 DAGs
[2024-04-21T11:08:15.892+0000] {logging_mixin.py:188} INFO - [2024-04-21T11:08:15.892+0000] {dag.py:3954} INFO - Setting next_dagrun for our_first_dag_v5 to 2024-04-11 00:00:00+00:00, run_after=2024-04-12 00:00:00+00:00
[2024-04-21T11:08:15.901+0000] {processor.py:183} INFO - Processing /opt/airflow/dags/our_first_dag.py took 0.071 seconds
[2024-04-21T11:08:46.311+0000] {processor.py:161} INFO - Started process (PID=8533) to work on /opt/airflow/dags/our_first_dag.py
[2024-04-21T11:08:46.314+0000] {processor.py:830} INFO - Processing file /opt/airflow/dags/our_first_dag.py for tasks to queue
[2024-04-21T11:08:46.316+0000] {logging_mixin.py:188} INFO - [2024-04-21T11:08:46.315+0000] {dagbag.py:540} INFO - Filling up the DagBag from /opt/airflow/dags/our_first_dag.py
[2024-04-21T11:08:46.340+0000] {processor.py:840} INFO - DAG(s) 'our_first_dag_v5' retrieved from /opt/airflow/dags/our_first_dag.py
[2024-04-21T11:08:46.374+0000] {logging_mixin.py:188} INFO - [2024-04-21T11:08:46.374+0000] {dag.py:3096} INFO - Sync 1 DAGs
[2024-04-21T11:08:46.388+0000] {logging_mixin.py:188} INFO - [2024-04-21T11:08:46.388+0000] {dag.py:3954} INFO - Setting next_dagrun for our_first_dag_v5 to 2024-04-11 00:00:00+00:00, run_after=2024-04-12 00:00:00+00:00
[2024-04-21T11:08:46.399+0000] {processor.py:183} INFO - Processing /opt/airflow/dags/our_first_dag.py took 0.096 seconds
[2024-04-21T11:09:24.073+0000] {processor.py:161} INFO - Started process (PID=8548) to work on /opt/airflow/dags/our_first_dag.py
[2024-04-21T11:09:24.076+0000] {processor.py:830} INFO - Processing file /opt/airflow/dags/our_first_dag.py for tasks to queue
[2024-04-21T11:09:24.078+0000] {logging_mixin.py:188} INFO - [2024-04-21T11:09:24.077+0000] {dagbag.py:540} INFO - Filling up the DagBag from /opt/airflow/dags/our_first_dag.py
[2024-04-21T11:09:24.096+0000] {processor.py:840} INFO - DAG(s) 'our_first_dag_v5' retrieved from /opt/airflow/dags/our_first_dag.py
[2024-04-21T11:09:24.119+0000] {logging_mixin.py:188} INFO - [2024-04-21T11:09:24.118+0000] {dag.py:3096} INFO - Sync 1 DAGs
[2024-04-21T11:09:24.135+0000] {logging_mixin.py:188} INFO - [2024-04-21T11:09:24.135+0000] {dag.py:3954} INFO - Setting next_dagrun for our_first_dag_v5 to 2024-04-11 00:00:00+00:00, run_after=2024-04-12 00:00:00+00:00
[2024-04-21T11:09:24.145+0000] {processor.py:183} INFO - Processing /opt/airflow/dags/our_first_dag.py took 0.080 seconds
[2024-04-21T11:34:09.643+0000] {processor.py:161} INFO - Started process (PID=8565) to work on /opt/airflow/dags/our_first_dag.py
[2024-04-21T11:34:09.645+0000] {processor.py:830} INFO - Processing file /opt/airflow/dags/our_first_dag.py for tasks to queue
[2024-04-21T11:34:09.646+0000] {logging_mixin.py:188} INFO - [2024-04-21T11:34:09.645+0000] {dagbag.py:540} INFO - Filling up the DagBag from /opt/airflow/dags/our_first_dag.py
[2024-04-21T11:34:09.664+0000] {processor.py:840} INFO - DAG(s) 'our_first_dag_v5' retrieved from /opt/airflow/dags/our_first_dag.py
[2024-04-21T11:34:09.693+0000] {logging_mixin.py:188} INFO - [2024-04-21T11:34:09.693+0000] {dag.py:3096} INFO - Sync 1 DAGs
[2024-04-21T11:34:09.711+0000] {logging_mixin.py:188} INFO - [2024-04-21T11:34:09.711+0000] {dag.py:3954} INFO - Setting next_dagrun for our_first_dag_v5 to 2024-04-11 00:00:00+00:00, run_after=2024-04-12 00:00:00+00:00
[2024-04-21T11:34:09.722+0000] {processor.py:183} INFO - Processing /opt/airflow/dags/our_first_dag.py took 0.085 seconds
[2024-04-21T12:40:13.460+0000] {processor.py:161} INFO - Started process (PID=8581) to work on /opt/airflow/dags/our_first_dag.py
[2024-04-21T12:40:13.463+0000] {processor.py:830} INFO - Processing file /opt/airflow/dags/our_first_dag.py for tasks to queue
[2024-04-21T12:40:13.464+0000] {logging_mixin.py:188} INFO - [2024-04-21T12:40:13.464+0000] {dagbag.py:540} INFO - Filling up the DagBag from /opt/airflow/dags/our_first_dag.py
[2024-04-21T12:40:13.543+0000] {processor.py:840} INFO - DAG(s) 'our_first_dag_v5' retrieved from /opt/airflow/dags/our_first_dag.py
[2024-04-21T12:40:13.606+0000] {logging_mixin.py:188} INFO - [2024-04-21T12:40:13.605+0000] {dag.py:3096} INFO - Sync 1 DAGs
[2024-04-21T12:40:13.655+0000] {logging_mixin.py:188} INFO - [2024-04-21T12:40:13.655+0000] {dag.py:3954} INFO - Setting next_dagrun for our_first_dag_v5 to 2024-04-11 00:00:00+00:00, run_after=2024-04-12 00:00:00+00:00
[2024-04-21T12:40:13.686+0000] {processor.py:183} INFO - Processing /opt/airflow/dags/our_first_dag.py took 0.241 seconds
[2024-04-21T13:48:20.520+0000] {processor.py:161} INFO - Started process (PID=8597) to work on /opt/airflow/dags/our_first_dag.py
[2024-04-21T13:48:20.530+0000] {processor.py:830} INFO - Processing file /opt/airflow/dags/our_first_dag.py for tasks to queue
[2024-04-21T13:48:20.545+0000] {logging_mixin.py:188} INFO - [2024-04-21T13:48:20.542+0000] {dagbag.py:540} INFO - Filling up the DagBag from /opt/airflow/dags/our_first_dag.py
[2024-04-21T13:48:20.654+0000] {processor.py:840} INFO - DAG(s) 'our_first_dag_v5' retrieved from /opt/airflow/dags/our_first_dag.py
[2024-04-21T13:48:20.742+0000] {logging_mixin.py:188} INFO - [2024-04-21T13:48:20.741+0000] {dag.py:3096} INFO - Sync 1 DAGs
[2024-04-21T13:48:20.807+0000] {logging_mixin.py:188} INFO - [2024-04-21T13:48:20.805+0000] {dag.py:3954} INFO - Setting next_dagrun for our_first_dag_v5 to 2024-04-11 00:00:00+00:00, run_after=2024-04-12 00:00:00+00:00
[2024-04-21T13:48:20.856+0000] {processor.py:183} INFO - Processing /opt/airflow/dags/our_first_dag.py took 0.358 seconds
[2024-04-21T15:11:02.357+0000] {processor.py:161} INFO - Started process (PID=8613) to work on /opt/airflow/dags/our_first_dag.py
[2024-04-21T15:11:02.358+0000] {processor.py:830} INFO - Processing file /opt/airflow/dags/our_first_dag.py for tasks to queue
[2024-04-21T15:11:02.359+0000] {logging_mixin.py:188} INFO - [2024-04-21T15:11:02.359+0000] {dagbag.py:540} INFO - Filling up the DagBag from /opt/airflow/dags/our_first_dag.py
[2024-04-21T15:11:02.402+0000] {processor.py:840} INFO - DAG(s) 'our_first_dag_v5' retrieved from /opt/airflow/dags/our_first_dag.py
[2024-04-21T15:11:02.431+0000] {logging_mixin.py:188} INFO - [2024-04-21T15:11:02.430+0000] {dag.py:3096} INFO - Sync 1 DAGs
[2024-04-21T15:11:02.448+0000] {logging_mixin.py:188} INFO - [2024-04-21T15:11:02.448+0000] {dag.py:3954} INFO - Setting next_dagrun for our_first_dag_v5 to 2024-04-11 00:00:00+00:00, run_after=2024-04-12 00:00:00+00:00
[2024-04-21T15:11:02.458+0000] {processor.py:183} INFO - Processing /opt/airflow/dags/our_first_dag.py took 0.108 seconds
[2024-04-21T16:17:46.221+0000] {processor.py:161} INFO - Started process (PID=8630) to work on /opt/airflow/dags/our_first_dag.py
[2024-04-21T16:17:46.226+0000] {processor.py:830} INFO - Processing file /opt/airflow/dags/our_first_dag.py for tasks to queue
[2024-04-21T16:17:46.230+0000] {logging_mixin.py:188} INFO - [2024-04-21T16:17:46.228+0000] {dagbag.py:540} INFO - Filling up the DagBag from /opt/airflow/dags/our_first_dag.py
[2024-04-21T16:17:46.256+0000] {processor.py:840} INFO - DAG(s) 'our_first_dag_v5' retrieved from /opt/airflow/dags/our_first_dag.py
[2024-04-21T16:17:46.321+0000] {logging_mixin.py:188} INFO - [2024-04-21T16:17:46.320+0000] {dag.py:3096} INFO - Sync 1 DAGs
[2024-04-21T16:17:46.373+0000] {logging_mixin.py:188} INFO - [2024-04-21T16:17:46.372+0000] {dag.py:3954} INFO - Setting next_dagrun for our_first_dag_v5 to 2024-04-11 00:00:00+00:00, run_after=2024-04-12 00:00:00+00:00
[2024-04-21T16:17:46.407+0000] {processor.py:183} INFO - Processing /opt/airflow/dags/our_first_dag.py took 0.208 seconds
[2024-04-21T17:22:55.958+0000] {processor.py:161} INFO - Started process (PID=8647) to work on /opt/airflow/dags/our_first_dag.py
[2024-04-21T17:22:55.959+0000] {processor.py:830} INFO - Processing file /opt/airflow/dags/our_first_dag.py for tasks to queue
[2024-04-21T17:22:55.960+0000] {logging_mixin.py:188} INFO - [2024-04-21T17:22:55.959+0000] {dagbag.py:540} INFO - Filling up the DagBag from /opt/airflow/dags/our_first_dag.py
[2024-04-21T17:22:55.988+0000] {processor.py:840} INFO - DAG(s) 'our_first_dag_v5' retrieved from /opt/airflow/dags/our_first_dag.py
[2024-04-21T17:22:56.007+0000] {logging_mixin.py:188} INFO - [2024-04-21T17:22:56.007+0000] {dag.py:3096} INFO - Sync 1 DAGs
[2024-04-21T17:22:56.020+0000] {logging_mixin.py:188} INFO - [2024-04-21T17:22:56.020+0000] {dag.py:3954} INFO - Setting next_dagrun for our_first_dag_v5 to 2024-04-11 00:00:00+00:00, run_after=2024-04-12 00:00:00+00:00
[2024-04-21T17:22:56.035+0000] {processor.py:183} INFO - Processing /opt/airflow/dags/our_first_dag.py took 0.083 seconds
[2024-04-21T18:50:23.057+0000] {processor.py:161} INFO - Started process (PID=8663) to work on /opt/airflow/dags/our_first_dag.py
[2024-04-21T18:50:23.058+0000] {processor.py:830} INFO - Processing file /opt/airflow/dags/our_first_dag.py for tasks to queue
[2024-04-21T18:50:23.058+0000] {logging_mixin.py:188} INFO - [2024-04-21T18:50:23.058+0000] {dagbag.py:540} INFO - Filling up the DagBag from /opt/airflow/dags/our_first_dag.py
[2024-04-21T18:50:23.074+0000] {processor.py:840} INFO - DAG(s) 'our_first_dag_v5' retrieved from /opt/airflow/dags/our_first_dag.py
[2024-04-21T18:50:23.098+0000] {logging_mixin.py:188} INFO - [2024-04-21T18:50:23.098+0000] {dag.py:3096} INFO - Sync 1 DAGs
[2024-04-21T18:50:23.114+0000] {logging_mixin.py:188} INFO - [2024-04-21T18:50:23.114+0000] {dag.py:3954} INFO - Setting next_dagrun for our_first_dag_v5 to 2024-04-11 00:00:00+00:00, run_after=2024-04-12 00:00:00+00:00
[2024-04-21T18:50:23.125+0000] {processor.py:183} INFO - Processing /opt/airflow/dags/our_first_dag.py took 0.073 seconds
[2024-04-21T19:54:42.023+0000] {processor.py:161} INFO - Started process (PID=8680) to work on /opt/airflow/dags/our_first_dag.py
[2024-04-21T19:54:42.025+0000] {processor.py:830} INFO - Processing file /opt/airflow/dags/our_first_dag.py for tasks to queue
[2024-04-21T19:54:42.027+0000] {logging_mixin.py:188} INFO - [2024-04-21T19:54:42.026+0000] {dagbag.py:540} INFO - Filling up the DagBag from /opt/airflow/dags/our_first_dag.py
[2024-04-21T19:54:42.060+0000] {processor.py:840} INFO - DAG(s) 'our_first_dag_v5' retrieved from /opt/airflow/dags/our_first_dag.py
[2024-04-21T19:54:42.136+0000] {logging_mixin.py:188} INFO - [2024-04-21T19:54:42.134+0000] {dag.py:3096} INFO - Sync 1 DAGs
[2024-04-21T19:54:42.187+0000] {logging_mixin.py:188} INFO - [2024-04-21T19:54:42.187+0000] {dag.py:3954} INFO - Setting next_dagrun for our_first_dag_v5 to 2024-04-11 00:00:00+00:00, run_after=2024-04-12 00:00:00+00:00
[2024-04-21T19:54:42.221+0000] {processor.py:183} INFO - Processing /opt/airflow/dags/our_first_dag.py took 0.224 seconds
[2024-04-21T20:31:09.559+0000] {processor.py:161} INFO - Started process (PID=8699) to work on /opt/airflow/dags/our_first_dag.py
[2024-04-21T20:31:09.561+0000] {processor.py:830} INFO - Processing file /opt/airflow/dags/our_first_dag.py for tasks to queue
[2024-04-21T20:31:09.563+0000] {logging_mixin.py:188} INFO - [2024-04-21T20:31:09.562+0000] {dagbag.py:540} INFO - Filling up the DagBag from /opt/airflow/dags/our_first_dag.py
[2024-04-21T20:31:09.604+0000] {processor.py:840} INFO - DAG(s) 'our_first_dag_v5' retrieved from /opt/airflow/dags/our_first_dag.py
[2024-04-21T20:31:09.651+0000] {logging_mixin.py:188} INFO - [2024-04-21T20:31:09.650+0000] {dag.py:3096} INFO - Sync 1 DAGs
[2024-04-21T20:31:09.723+0000] {logging_mixin.py:188} INFO - [2024-04-21T20:31:09.722+0000] {dag.py:3954} INFO - Setting next_dagrun for our_first_dag_v5 to 2024-04-11 00:00:00+00:00, run_after=2024-04-12 00:00:00+00:00
[2024-04-21T20:31:09.767+0000] {processor.py:183} INFO - Processing /opt/airflow/dags/our_first_dag.py took 0.228 seconds
[2024-04-21T20:56:49.948+0000] {processor.py:161} INFO - Started process (PID=8715) to work on /opt/airflow/dags/our_first_dag.py
[2024-04-21T20:56:49.951+0000] {processor.py:830} INFO - Processing file /opt/airflow/dags/our_first_dag.py for tasks to queue
[2024-04-21T20:56:49.952+0000] {logging_mixin.py:188} INFO - [2024-04-21T20:56:49.951+0000] {dagbag.py:540} INFO - Filling up the DagBag from /opt/airflow/dags/our_first_dag.py
[2024-04-21T20:56:49.987+0000] {processor.py:840} INFO - DAG(s) 'our_first_dag_v5' retrieved from /opt/airflow/dags/our_first_dag.py
[2024-04-21T20:56:50.049+0000] {logging_mixin.py:188} INFO - [2024-04-21T20:56:50.048+0000] {dag.py:3096} INFO - Sync 1 DAGs
[2024-04-21T20:56:50.084+0000] {logging_mixin.py:188} INFO - [2024-04-21T20:56:50.083+0000] {dag.py:3954} INFO - Setting next_dagrun for our_first_dag_v5 to 2024-04-11 00:00:00+00:00, run_after=2024-04-12 00:00:00+00:00
[2024-04-21T20:56:50.123+0000] {processor.py:183} INFO - Processing /opt/airflow/dags/our_first_dag.py took 0.193 seconds
[2024-04-21T20:57:20.556+0000] {processor.py:161} INFO - Started process (PID=8731) to work on /opt/airflow/dags/our_first_dag.py
[2024-04-21T20:57:20.559+0000] {processor.py:830} INFO - Processing file /opt/airflow/dags/our_first_dag.py for tasks to queue
[2024-04-21T20:57:20.560+0000] {logging_mixin.py:188} INFO - [2024-04-21T20:57:20.560+0000] {dagbag.py:540} INFO - Filling up the DagBag from /opt/airflow/dags/our_first_dag.py
[2024-04-21T20:57:20.597+0000] {processor.py:840} INFO - DAG(s) 'our_first_dag_v5' retrieved from /opt/airflow/dags/our_first_dag.py
[2024-04-21T20:57:20.638+0000] {logging_mixin.py:188} INFO - [2024-04-21T20:57:20.637+0000] {dag.py:3096} INFO - Sync 1 DAGs
[2024-04-21T20:57:20.654+0000] {logging_mixin.py:188} INFO - [2024-04-21T20:57:20.654+0000] {dag.py:3954} INFO - Setting next_dagrun for our_first_dag_v5 to 2024-04-11 00:00:00+00:00, run_after=2024-04-12 00:00:00+00:00
[2024-04-21T20:57:20.665+0000] {processor.py:183} INFO - Processing /opt/airflow/dags/our_first_dag.py took 0.120 seconds
[2024-04-21T20:57:50.929+0000] {processor.py:161} INFO - Started process (PID=8747) to work on /opt/airflow/dags/our_first_dag.py
[2024-04-21T20:57:50.931+0000] {processor.py:830} INFO - Processing file /opt/airflow/dags/our_first_dag.py for tasks to queue
[2024-04-21T20:57:50.932+0000] {logging_mixin.py:188} INFO - [2024-04-21T20:57:50.931+0000] {dagbag.py:540} INFO - Filling up the DagBag from /opt/airflow/dags/our_first_dag.py
[2024-04-21T20:57:50.979+0000] {processor.py:840} INFO - DAG(s) 'our_first_dag_v5' retrieved from /opt/airflow/dags/our_first_dag.py
[2024-04-21T20:57:51.007+0000] {logging_mixin.py:188} INFO - [2024-04-21T20:57:51.007+0000] {dag.py:3096} INFO - Sync 1 DAGs
[2024-04-21T20:57:51.023+0000] {logging_mixin.py:188} INFO - [2024-04-21T20:57:51.023+0000] {dag.py:3954} INFO - Setting next_dagrun for our_first_dag_v5 to 2024-04-11 00:00:00+00:00, run_after=2024-04-12 00:00:00+00:00
[2024-04-21T20:57:51.033+0000] {processor.py:183} INFO - Processing /opt/airflow/dags/our_first_dag.py took 0.115 seconds
[2024-04-21T20:58:21.335+0000] {processor.py:161} INFO - Started process (PID=8763) to work on /opt/airflow/dags/our_first_dag.py
[2024-04-21T20:58:21.338+0000] {processor.py:830} INFO - Processing file /opt/airflow/dags/our_first_dag.py for tasks to queue
[2024-04-21T20:58:21.340+0000] {logging_mixin.py:188} INFO - [2024-04-21T20:58:21.339+0000] {dagbag.py:540} INFO - Filling up the DagBag from /opt/airflow/dags/our_first_dag.py
[2024-04-21T20:58:21.360+0000] {processor.py:840} INFO - DAG(s) 'our_first_dag_v5' retrieved from /opt/airflow/dags/our_first_dag.py
[2024-04-21T20:58:21.398+0000] {logging_mixin.py:188} INFO - [2024-04-21T20:58:21.398+0000] {dag.py:3096} INFO - Sync 1 DAGs
[2024-04-21T20:58:21.414+0000] {logging_mixin.py:188} INFO - [2024-04-21T20:58:21.414+0000] {dag.py:3954} INFO - Setting next_dagrun for our_first_dag_v5 to 2024-04-11 00:00:00+00:00, run_after=2024-04-12 00:00:00+00:00
[2024-04-21T20:58:21.424+0000] {processor.py:183} INFO - Processing /opt/airflow/dags/our_first_dag.py took 0.103 seconds
[2024-04-21T20:58:51.759+0000] {processor.py:161} INFO - Started process (PID=8777) to work on /opt/airflow/dags/our_first_dag.py
[2024-04-21T20:58:51.761+0000] {processor.py:830} INFO - Processing file /opt/airflow/dags/our_first_dag.py for tasks to queue
[2024-04-21T20:58:51.762+0000] {logging_mixin.py:188} INFO - [2024-04-21T20:58:51.762+0000] {dagbag.py:540} INFO - Filling up the DagBag from /opt/airflow/dags/our_first_dag.py
[2024-04-21T20:58:51.784+0000] {processor.py:840} INFO - DAG(s) 'our_first_dag_v5' retrieved from /opt/airflow/dags/our_first_dag.py
[2024-04-21T20:58:51.815+0000] {logging_mixin.py:188} INFO - [2024-04-21T20:58:51.815+0000] {dag.py:3096} INFO - Sync 1 DAGs
[2024-04-21T20:58:51.832+0000] {logging_mixin.py:188} INFO - [2024-04-21T20:58:51.832+0000] {dag.py:3954} INFO - Setting next_dagrun for our_first_dag_v5 to 2024-04-11 00:00:00+00:00, run_after=2024-04-12 00:00:00+00:00
[2024-04-21T20:58:51.843+0000] {processor.py:183} INFO - Processing /opt/airflow/dags/our_first_dag.py took 0.093 seconds
[2024-04-21T20:59:22.208+0000] {processor.py:161} INFO - Started process (PID=8795) to work on /opt/airflow/dags/our_first_dag.py
[2024-04-21T20:59:22.211+0000] {processor.py:830} INFO - Processing file /opt/airflow/dags/our_first_dag.py for tasks to queue
[2024-04-21T20:59:22.212+0000] {logging_mixin.py:188} INFO - [2024-04-21T20:59:22.211+0000] {dagbag.py:540} INFO - Filling up the DagBag from /opt/airflow/dags/our_first_dag.py
[2024-04-21T20:59:22.236+0000] {processor.py:840} INFO - DAG(s) 'our_first_dag_v5' retrieved from /opt/airflow/dags/our_first_dag.py
[2024-04-21T20:59:22.282+0000] {logging_mixin.py:188} INFO - [2024-04-21T20:59:22.281+0000] {dag.py:3096} INFO - Sync 1 DAGs
[2024-04-21T20:59:22.298+0000] {logging_mixin.py:188} INFO - [2024-04-21T20:59:22.298+0000] {dag.py:3954} INFO - Setting next_dagrun for our_first_dag_v5 to 2024-04-11 00:00:00+00:00, run_after=2024-04-12 00:00:00+00:00
[2024-04-21T20:59:22.310+0000] {processor.py:183} INFO - Processing /opt/airflow/dags/our_first_dag.py took 0.111 seconds
[2024-04-21T20:59:52.639+0000] {processor.py:161} INFO - Started process (PID=8810) to work on /opt/airflow/dags/our_first_dag.py
[2024-04-21T20:59:52.641+0000] {processor.py:830} INFO - Processing file /opt/airflow/dags/our_first_dag.py for tasks to queue
[2024-04-21T20:59:52.642+0000] {logging_mixin.py:188} INFO - [2024-04-21T20:59:52.642+0000] {dagbag.py:540} INFO - Filling up the DagBag from /opt/airflow/dags/our_first_dag.py
[2024-04-21T20:59:52.661+0000] {processor.py:840} INFO - DAG(s) 'our_first_dag_v5' retrieved from /opt/airflow/dags/our_first_dag.py
[2024-04-21T20:59:52.683+0000] {logging_mixin.py:188} INFO - [2024-04-21T20:59:52.682+0000] {dag.py:3096} INFO - Sync 1 DAGs
[2024-04-21T20:59:52.710+0000] {logging_mixin.py:188} INFO - [2024-04-21T20:59:52.710+0000] {dag.py:3954} INFO - Setting next_dagrun for our_first_dag_v5 to 2024-04-11 00:00:00+00:00, run_after=2024-04-12 00:00:00+00:00
[2024-04-21T20:59:52.721+0000] {processor.py:183} INFO - Processing /opt/airflow/dags/our_first_dag.py took 0.090 seconds
[2024-04-21T21:00:23.067+0000] {processor.py:161} INFO - Started process (PID=8827) to work on /opt/airflow/dags/our_first_dag.py
[2024-04-21T21:00:23.069+0000] {processor.py:830} INFO - Processing file /opt/airflow/dags/our_first_dag.py for tasks to queue
[2024-04-21T21:00:23.071+0000] {logging_mixin.py:188} INFO - [2024-04-21T21:00:23.070+0000] {dagbag.py:540} INFO - Filling up the DagBag from /opt/airflow/dags/our_first_dag.py
[2024-04-21T21:00:23.090+0000] {processor.py:840} INFO - DAG(s) 'our_first_dag_v5' retrieved from /opt/airflow/dags/our_first_dag.py
[2024-04-21T21:00:23.128+0000] {logging_mixin.py:188} INFO - [2024-04-21T21:00:23.128+0000] {dag.py:3096} INFO - Sync 1 DAGs
[2024-04-21T21:00:23.147+0000] {logging_mixin.py:188} INFO - [2024-04-21T21:00:23.147+0000] {dag.py:3954} INFO - Setting next_dagrun for our_first_dag_v5 to 2024-04-11 00:00:00+00:00, run_after=2024-04-12 00:00:00+00:00
[2024-04-21T21:00:23.159+0000] {processor.py:183} INFO - Processing /opt/airflow/dags/our_first_dag.py took 0.100 seconds
[2024-04-21T21:00:53.506+0000] {processor.py:161} INFO - Started process (PID=8842) to work on /opt/airflow/dags/our_first_dag.py
[2024-04-21T21:00:53.507+0000] {processor.py:830} INFO - Processing file /opt/airflow/dags/our_first_dag.py for tasks to queue
[2024-04-21T21:00:53.509+0000] {logging_mixin.py:188} INFO - [2024-04-21T21:00:53.508+0000] {dagbag.py:540} INFO - Filling up the DagBag from /opt/airflow/dags/our_first_dag.py
[2024-04-21T21:00:53.525+0000] {processor.py:840} INFO - DAG(s) 'our_first_dag_v5' retrieved from /opt/airflow/dags/our_first_dag.py
[2024-04-21T21:00:53.556+0000] {logging_mixin.py:188} INFO - [2024-04-21T21:00:53.556+0000] {dag.py:3096} INFO - Sync 1 DAGs
[2024-04-21T21:00:53.573+0000] {logging_mixin.py:188} INFO - [2024-04-21T21:00:53.572+0000] {dag.py:3954} INFO - Setting next_dagrun for our_first_dag_v5 to 2024-04-11 00:00:00+00:00, run_after=2024-04-12 00:00:00+00:00
[2024-04-21T21:00:53.584+0000] {processor.py:183} INFO - Processing /opt/airflow/dags/our_first_dag.py took 0.087 seconds
[2024-04-21T21:01:23.994+0000] {processor.py:161} INFO - Started process (PID=8858) to work on /opt/airflow/dags/our_first_dag.py
[2024-04-21T21:01:23.996+0000] {processor.py:830} INFO - Processing file /opt/airflow/dags/our_first_dag.py for tasks to queue
[2024-04-21T21:01:23.997+0000] {logging_mixin.py:188} INFO - [2024-04-21T21:01:23.996+0000] {dagbag.py:540} INFO - Filling up the DagBag from /opt/airflow/dags/our_first_dag.py
[2024-04-21T21:01:24.017+0000] {processor.py:840} INFO - DAG(s) 'our_first_dag_v5' retrieved from /opt/airflow/dags/our_first_dag.py
[2024-04-21T21:01:24.045+0000] {logging_mixin.py:188} INFO - [2024-04-21T21:01:24.045+0000] {dag.py:3096} INFO - Sync 1 DAGs
[2024-04-21T21:01:24.068+0000] {logging_mixin.py:188} INFO - [2024-04-21T21:01:24.068+0000] {dag.py:3954} INFO - Setting next_dagrun for our_first_dag_v5 to 2024-04-11 00:00:00+00:00, run_after=2024-04-12 00:00:00+00:00
[2024-04-21T21:01:24.083+0000] {processor.py:183} INFO - Processing /opt/airflow/dags/our_first_dag.py took 0.114 seconds
[2024-04-21T21:19:14.743+0000] {processor.py:161} INFO - Started process (PID=8875) to work on /opt/airflow/dags/our_first_dag.py
[2024-04-21T21:19:14.750+0000] {processor.py:830} INFO - Processing file /opt/airflow/dags/our_first_dag.py for tasks to queue
[2024-04-21T21:19:14.752+0000] {logging_mixin.py:188} INFO - [2024-04-21T21:19:14.751+0000] {dagbag.py:540} INFO - Filling up the DagBag from /opt/airflow/dags/our_first_dag.py
[2024-04-21T21:19:14.780+0000] {processor.py:840} INFO - DAG(s) 'our_first_dag_v5' retrieved from /opt/airflow/dags/our_first_dag.py
[2024-04-21T21:19:14.831+0000] {logging_mixin.py:188} INFO - [2024-04-21T21:19:14.830+0000] {dag.py:3096} INFO - Sync 1 DAGs
[2024-04-21T21:19:14.848+0000] {logging_mixin.py:188} INFO - [2024-04-21T21:19:14.848+0000] {dag.py:3954} INFO - Setting next_dagrun for our_first_dag_v5 to 2024-04-11 00:00:00+00:00, run_after=2024-04-12 00:00:00+00:00
[2024-04-21T21:19:14.860+0000] {processor.py:183} INFO - Processing /opt/airflow/dags/our_first_dag.py took 0.125 seconds
[2024-04-21T22:13:49.654+0000] {processor.py:161} INFO - Started process (PID=8892) to work on /opt/airflow/dags/our_first_dag.py
[2024-04-21T22:13:49.668+0000] {processor.py:830} INFO - Processing file /opt/airflow/dags/our_first_dag.py for tasks to queue
[2024-04-21T22:13:49.670+0000] {logging_mixin.py:188} INFO - [2024-04-21T22:13:49.670+0000] {dagbag.py:540} INFO - Filling up the DagBag from /opt/airflow/dags/our_first_dag.py
[2024-04-21T22:13:49.730+0000] {processor.py:840} INFO - DAG(s) 'our_first_dag_v5' retrieved from /opt/airflow/dags/our_first_dag.py
[2024-04-21T22:13:49.798+0000] {logging_mixin.py:188} INFO - [2024-04-21T22:13:49.798+0000] {dag.py:3096} INFO - Sync 1 DAGs
[2024-04-21T22:13:49.847+0000] {logging_mixin.py:188} INFO - [2024-04-21T22:13:49.847+0000] {dag.py:3954} INFO - Setting next_dagrun for our_first_dag_v5 to 2024-04-11 00:00:00+00:00, run_after=2024-04-12 00:00:00+00:00
[2024-04-21T22:13:49.884+0000] {processor.py:183} INFO - Processing /opt/airflow/dags/our_first_dag.py took 0.247 seconds
[2024-04-21T23:16:00.441+0000] {processor.py:161} INFO - Started process (PID=8911) to work on /opt/airflow/dags/our_first_dag.py
[2024-04-21T23:16:00.481+0000] {processor.py:830} INFO - Processing file /opt/airflow/dags/our_first_dag.py for tasks to queue
[2024-04-21T23:16:00.482+0000] {logging_mixin.py:188} INFO - [2024-04-21T23:16:00.481+0000] {dagbag.py:540} INFO - Filling up the DagBag from /opt/airflow/dags/our_first_dag.py
[2024-04-21T23:16:00.512+0000] {processor.py:840} INFO - DAG(s) 'our_first_dag_v5' retrieved from /opt/airflow/dags/our_first_dag.py
[2024-04-21T23:16:00.536+0000] {logging_mixin.py:188} INFO - [2024-04-21T23:16:00.535+0000] {dag.py:3096} INFO - Sync 1 DAGs
[2024-04-21T23:16:00.558+0000] {logging_mixin.py:188} INFO - [2024-04-21T23:16:00.558+0000] {dag.py:3954} INFO - Setting next_dagrun for our_first_dag_v5 to 2024-04-11 00:00:00+00:00, run_after=2024-04-12 00:00:00+00:00
[2024-04-21T23:16:00.572+0000] {processor.py:183} INFO - Processing /opt/airflow/dags/our_first_dag.py took 0.139 seconds
[2024-04-21T23:42:57.339+0000] {processor.py:161} INFO - Started process (PID=8926) to work on /opt/airflow/dags/our_first_dag.py
[2024-04-21T23:42:57.341+0000] {processor.py:830} INFO - Processing file /opt/airflow/dags/our_first_dag.py for tasks to queue
[2024-04-21T23:42:57.342+0000] {logging_mixin.py:188} INFO - [2024-04-21T23:42:57.342+0000] {dagbag.py:540} INFO - Filling up the DagBag from /opt/airflow/dags/our_first_dag.py
[2024-04-21T23:42:57.364+0000] {processor.py:840} INFO - DAG(s) 'our_first_dag_v5' retrieved from /opt/airflow/dags/our_first_dag.py
[2024-04-21T23:42:57.417+0000] {logging_mixin.py:188} INFO - [2024-04-21T23:42:57.417+0000] {dag.py:3096} INFO - Sync 1 DAGs
[2024-04-21T23:42:57.466+0000] {logging_mixin.py:188} INFO - [2024-04-21T23:42:57.466+0000] {dag.py:3954} INFO - Setting next_dagrun for our_first_dag_v5 to 2024-04-11 00:00:00+00:00, run_after=2024-04-12 00:00:00+00:00
[2024-04-21T23:42:57.503+0000] {processor.py:183} INFO - Processing /opt/airflow/dags/our_first_dag.py took 0.175 seconds
