[2024-04-22T17:33:42.535+0000] {local_task_job_runner.py:120} INFO - ::group::Pre task execution logs
[2024-04-22T17:33:42.560+0000] {taskinstance.py:2073} INFO - Dependencies all met for dep_context=non-requeueable deps ti=<TaskInstance: our_dag_with_python_operator_v06.get_name scheduled__2024-04-21T00:00:00+00:00 [queued]>
[2024-04-22T17:33:42.564+0000] {taskinstance.py:2073} INFO - Dependencies all met for dep_context=requeueable deps ti=<TaskInstance: our_dag_with_python_operator_v06.get_name scheduled__2024-04-21T00:00:00+00:00 [queued]>
[2024-04-22T17:33:42.564+0000] {taskinstance.py:2303} INFO - Starting attempt 1 of 6
[2024-04-22T17:33:42.575+0000] {taskinstance.py:2327} INFO - Executing <Task(PythonOperator): get_name> on 2024-04-21 00:00:00+00:00
[2024-04-22T17:33:42.586+0000] {standard_task_runner.py:90} INFO - Running: ['***', 'tasks', 'run', 'our_dag_with_python_operator_v06', 'get_name', 'scheduled__2024-04-21T00:00:00+00:00', '--job-id', '363', '--raw', '--subdir', 'DAGS_FOLDER/create_dag_with_python_operator.py', '--cfg-path', '/tmp/tmp8i1j9nlu']
[2024-04-22T17:33:42.595+0000] {standard_task_runner.py:91} INFO - Job 363: Subtask get_name
[2024-04-22T17:33:42.595+0000] {logging_mixin.py:188} WARNING - /home/***/.local/lib/python3.12/site-packages/***/task/task_runner/standard_task_runner.py:61 DeprecationWarning: This process (pid=10191) is multi-threaded, use of fork() may lead to deadlocks in the child.
[2024-04-22T17:33:42.597+0000] {standard_task_runner.py:63} INFO - Started process 10193 to run task
[2024-04-22T17:33:42.635+0000] {task_command.py:426} INFO - Running <TaskInstance: our_dag_with_python_operator_v06.get_name scheduled__2024-04-21T00:00:00+00:00 [running]> on host e87e2f3305bd
[2024-04-22T17:33:42.685+0000] {taskinstance.py:2644} INFO - Exporting env vars: AIRFLOW_CTX_DAG_OWNER='julionevadod' AIRFLOW_CTX_DAG_ID='our_dag_with_python_operator_v06' AIRFLOW_CTX_TASK_ID='get_name' AIRFLOW_CTX_EXECUTION_DATE='2024-04-21T00:00:00+00:00' AIRFLOW_CTX_TRY_NUMBER='1' AIRFLOW_CTX_DAG_RUN_ID='scheduled__2024-04-21T00:00:00+00:00'
[2024-04-22T17:33:42.685+0000] {taskinstance.py:430} INFO - ::endgroup::
[2024-04-22T17:33:42.705+0000] {python.py:237} INFO - Done. Returned value was: None
[2024-04-22T17:33:42.705+0000] {taskinstance.py:441} INFO - ::group::Post task execution logs
[2024-04-22T17:33:42.709+0000] {taskinstance.py:1205} INFO - Marking task as SUCCESS. dag_id=our_dag_with_python_operator_v06, task_id=get_name, execution_date=20240421T000000, start_date=20240422T173342, end_date=20240422T173342
[2024-04-22T17:33:42.738+0000] {local_task_job_runner.py:240} INFO - Task exited with return code 0
[2024-04-22T17:33:42.748+0000] {taskinstance.py:3482} INFO - 1 downstream tasks scheduled from follow-on schedule check
[2024-04-22T17:33:42.749+0000] {local_task_job_runner.py:222} INFO - ::endgroup::
[2024-04-22T17:35:18.192+0000] {local_task_job_runner.py:120} INFO - ::group::Pre task execution logs
[2024-04-22T17:35:18.217+0000] {taskinstance.py:2073} INFO - Dependencies all met for dep_context=non-requeueable deps ti=<TaskInstance: our_dag_with_python_operator_v06.get_name scheduled__2024-04-21T00:00:00+00:00 [queued]>
[2024-04-22T17:35:18.222+0000] {taskinstance.py:2073} INFO - Dependencies all met for dep_context=requeueable deps ti=<TaskInstance: our_dag_with_python_operator_v06.get_name scheduled__2024-04-21T00:00:00+00:00 [queued]>
[2024-04-22T17:35:18.222+0000] {taskinstance.py:2303} INFO - Starting attempt 1 of 6
[2024-04-22T17:35:18.228+0000] {taskinstance.py:2327} INFO - Executing <Task(PythonOperator): get_name> on 2024-04-21 00:00:00+00:00
[2024-04-22T17:35:18.235+0000] {logging_mixin.py:188} WARNING - /home/***/.local/lib/python3.12/site-packages/***/task/task_runner/standard_task_runner.py:61 DeprecationWarning: This process (pid=10250) is multi-threaded, use of fork() may lead to deadlocks in the child.
[2024-04-22T17:35:18.236+0000] {standard_task_runner.py:63} INFO - Started process 10257 to run task
[2024-04-22T17:35:18.235+0000] {standard_task_runner.py:90} INFO - Running: ['***', 'tasks', 'run', 'our_dag_with_python_operator_v06', 'get_name', 'scheduled__2024-04-21T00:00:00+00:00', '--job-id', '366', '--raw', '--subdir', 'DAGS_FOLDER/create_dag_with_python_operator.py', '--cfg-path', '/tmp/tmpwclp6eqx']
[2024-04-22T17:35:18.238+0000] {standard_task_runner.py:91} INFO - Job 366: Subtask get_name
[2024-04-22T17:35:18.269+0000] {task_command.py:426} INFO - Running <TaskInstance: our_dag_with_python_operator_v06.get_name scheduled__2024-04-21T00:00:00+00:00 [running]> on host e87e2f3305bd
[2024-04-22T17:35:18.324+0000] {taskinstance.py:2644} INFO - Exporting env vars: AIRFLOW_CTX_DAG_OWNER='julionevadod' AIRFLOW_CTX_DAG_ID='our_dag_with_python_operator_v06' AIRFLOW_CTX_TASK_ID='get_name' AIRFLOW_CTX_EXECUTION_DATE='2024-04-21T00:00:00+00:00' AIRFLOW_CTX_TRY_NUMBER='1' AIRFLOW_CTX_DAG_RUN_ID='scheduled__2024-04-21T00:00:00+00:00'
[2024-04-22T17:35:18.325+0000] {taskinstance.py:430} INFO - ::endgroup::
[2024-04-22T17:35:18.345+0000] {python.py:237} INFO - Done. Returned value was: None
[2024-04-22T17:35:18.345+0000] {taskinstance.py:441} INFO - ::group::Post task execution logs
[2024-04-22T17:35:18.350+0000] {taskinstance.py:1205} INFO - Marking task as SUCCESS. dag_id=our_dag_with_python_operator_v06, task_id=get_name, execution_date=20240421T000000, start_date=20240422T173518, end_date=20240422T173518
[2024-04-22T17:35:18.377+0000] {local_task_job_runner.py:240} INFO - Task exited with return code 0
[2024-04-22T17:35:18.387+0000] {taskinstance.py:3482} INFO - 1 downstream tasks scheduled from follow-on schedule check
[2024-04-22T17:35:18.387+0000] {local_task_job_runner.py:222} INFO - ::endgroup::
[2024-04-22T17:36:13.298+0000] {local_task_job_runner.py:120} INFO - ::group::Pre task execution logs
[2024-04-22T17:36:13.327+0000] {taskinstance.py:2073} INFO - Dependencies all met for dep_context=non-requeueable deps ti=<TaskInstance: our_dag_with_python_operator_v06.get_name scheduled__2024-04-21T00:00:00+00:00 [queued]>
[2024-04-22T17:36:13.332+0000] {taskinstance.py:2073} INFO - Dependencies all met for dep_context=requeueable deps ti=<TaskInstance: our_dag_with_python_operator_v06.get_name scheduled__2024-04-21T00:00:00+00:00 [queued]>
[2024-04-22T17:36:13.332+0000] {taskinstance.py:2303} INFO - Starting attempt 1 of 6
[2024-04-22T17:36:13.340+0000] {taskinstance.py:2327} INFO - Executing <Task(PythonOperator): get_name> on 2024-04-21 00:00:00+00:00
[2024-04-22T17:36:13.346+0000] {logging_mixin.py:188} WARNING - /home/***/.local/lib/python3.12/site-packages/***/task/task_runner/standard_task_runner.py:61 DeprecationWarning: This process (pid=10293) is multi-threaded, use of fork() may lead to deadlocks in the child.
[2024-04-22T17:36:13.345+0000] {standard_task_runner.py:90} INFO - Running: ['***', 'tasks', 'run', 'our_dag_with_python_operator_v06', 'get_name', 'scheduled__2024-04-21T00:00:00+00:00', '--job-id', '370', '--raw', '--subdir', 'DAGS_FOLDER/create_dag_with_python_operator.py', '--cfg-path', '/tmp/tmpeclpwc2r']
[2024-04-22T17:36:13.347+0000] {standard_task_runner.py:63} INFO - Started process 10295 to run task
[2024-04-22T17:36:13.347+0000] {standard_task_runner.py:91} INFO - Job 370: Subtask get_name
[2024-04-22T17:36:13.377+0000] {task_command.py:426} INFO - Running <TaskInstance: our_dag_with_python_operator_v06.get_name scheduled__2024-04-21T00:00:00+00:00 [running]> on host e87e2f3305bd
[2024-04-22T17:36:13.425+0000] {taskinstance.py:2644} INFO - Exporting env vars: AIRFLOW_CTX_DAG_OWNER='julionevadod' AIRFLOW_CTX_DAG_ID='our_dag_with_python_operator_v06' AIRFLOW_CTX_TASK_ID='get_name' AIRFLOW_CTX_EXECUTION_DATE='2024-04-21T00:00:00+00:00' AIRFLOW_CTX_TRY_NUMBER='1' AIRFLOW_CTX_DAG_RUN_ID='scheduled__2024-04-21T00:00:00+00:00'
[2024-04-22T17:36:13.429+0000] {taskinstance.py:430} INFO - ::endgroup::
[2024-04-22T17:36:13.451+0000] {python.py:237} INFO - Done. Returned value was: None
[2024-04-22T17:36:13.452+0000] {taskinstance.py:441} INFO - ::group::Post task execution logs
[2024-04-22T17:36:13.456+0000] {taskinstance.py:1205} INFO - Marking task as SUCCESS. dag_id=our_dag_with_python_operator_v06, task_id=get_name, execution_date=20240421T000000, start_date=20240422T173613, end_date=20240422T173613
[2024-04-22T17:36:13.486+0000] {local_task_job_runner.py:240} INFO - Task exited with return code 0
[2024-04-22T17:36:13.502+0000] {taskinstance.py:3482} INFO - 0 downstream tasks scheduled from follow-on schedule check
[2024-04-22T17:36:13.502+0000] {local_task_job_runner.py:222} INFO - ::endgroup::
[2024-04-22T17:38:49.262+0000] {local_task_job_runner.py:120} INFO - ::group::Pre task execution logs
[2024-04-22T17:38:49.293+0000] {taskinstance.py:2073} INFO - Dependencies all met for dep_context=non-requeueable deps ti=<TaskInstance: our_dag_with_python_operator_v06.get_name scheduled__2024-04-21T00:00:00+00:00 [queued]>
[2024-04-22T17:38:49.298+0000] {taskinstance.py:2073} INFO - Dependencies all met for dep_context=requeueable deps ti=<TaskInstance: our_dag_with_python_operator_v06.get_name scheduled__2024-04-21T00:00:00+00:00 [queued]>
[2024-04-22T17:38:49.299+0000] {taskinstance.py:2303} INFO - Starting attempt 1 of 6
[2024-04-22T17:38:49.306+0000] {taskinstance.py:2327} INFO - Executing <Task(PythonOperator): get_name> on 2024-04-21 00:00:00+00:00
[2024-04-22T17:38:49.314+0000] {logging_mixin.py:188} WARNING - /home/***/.local/lib/python3.12/site-packages/***/task/task_runner/standard_task_runner.py:61 DeprecationWarning: This process (pid=10389) is multi-threaded, use of fork() may lead to deadlocks in the child.
[2024-04-22T17:38:49.312+0000] {standard_task_runner.py:90} INFO - Running: ['***', 'tasks', 'run', 'our_dag_with_python_operator_v06', 'get_name', 'scheduled__2024-04-21T00:00:00+00:00', '--job-id', '373', '--raw', '--subdir', 'DAGS_FOLDER/create_dag_with_python_operator.py', '--cfg-path', '/tmp/tmpgvrfd4a9']
[2024-04-22T17:38:49.315+0000] {standard_task_runner.py:63} INFO - Started process 10392 to run task
[2024-04-22T17:38:49.315+0000] {standard_task_runner.py:91} INFO - Job 373: Subtask get_name
[2024-04-22T17:38:49.342+0000] {task_command.py:426} INFO - Running <TaskInstance: our_dag_with_python_operator_v06.get_name scheduled__2024-04-21T00:00:00+00:00 [running]> on host e87e2f3305bd
[2024-04-22T17:38:49.383+0000] {taskinstance.py:2644} INFO - Exporting env vars: AIRFLOW_CTX_DAG_OWNER='julionevadod' AIRFLOW_CTX_DAG_ID='our_dag_with_python_operator_v06' AIRFLOW_CTX_TASK_ID='get_name' AIRFLOW_CTX_EXECUTION_DATE='2024-04-21T00:00:00+00:00' AIRFLOW_CTX_TRY_NUMBER='1' AIRFLOW_CTX_DAG_RUN_ID='scheduled__2024-04-21T00:00:00+00:00'
[2024-04-22T17:38:49.384+0000] {taskinstance.py:430} INFO - ::endgroup::
[2024-04-22T17:38:49.402+0000] {python.py:237} INFO - Done. Returned value was: None
[2024-04-22T17:38:49.404+0000] {taskinstance.py:441} INFO - ::group::Post task execution logs
[2024-04-22T17:38:49.411+0000] {taskinstance.py:1205} INFO - Marking task as SUCCESS. dag_id=our_dag_with_python_operator_v06, task_id=get_name, execution_date=20240421T000000, start_date=20240422T173849, end_date=20240422T173849
[2024-04-22T17:38:49.455+0000] {local_task_job_runner.py:240} INFO - Task exited with return code 0
[2024-04-22T17:38:49.466+0000] {taskinstance.py:3482} INFO - 1 downstream tasks scheduled from follow-on schedule check
[2024-04-22T17:38:49.468+0000] {local_task_job_runner.py:222} INFO - ::endgroup::
