[2024-04-22T21:33:49.575+0000] {local_task_job_runner.py:120} INFO - ::group::Pre task execution logs
[2024-04-22T21:33:49.620+0000] {taskinstance.py:2073} INFO - Dependencies all met for dep_context=non-requeueable deps ti=<TaskInstance: dag_with_cron_expression_v04.task1 scheduled__2024-04-12T03:00:00+00:00 [queued]>
[2024-04-22T21:33:49.631+0000] {taskinstance.py:2073} INFO - Dependencies all met for dep_context=requeueable deps ti=<TaskInstance: dag_with_cron_expression_v04.task1 scheduled__2024-04-12T03:00:00+00:00 [queued]>
[2024-04-22T21:33:49.632+0000] {taskinstance.py:2303} INFO - Starting attempt 1 of 6
[2024-04-22T21:33:49.653+0000] {taskinstance.py:2327} INFO - Executing <Task(BashOperator): task1> on 2024-04-12 03:00:00+00:00
[2024-04-22T21:33:49.660+0000] {standard_task_runner.py:90} INFO - Running: ['***', 'tasks', 'run', 'dag_with_cron_expression_v04', 'task1', 'scheduled__2024-04-12T03:00:00+00:00', '--job-id', '405', '--raw', '--subdir', 'DAGS_FOLDER/dag_with_cron_expression.py', '--cfg-path', '/tmp/tmp9th_4bw5']
[2024-04-22T21:33:49.670+0000] {standard_task_runner.py:91} INFO - Job 405: Subtask task1
[2024-04-22T21:33:49.676+0000] {logging_mixin.py:188} WARNING - /home/***/.local/lib/python3.12/site-packages/***/task/task_runner/standard_task_runner.py:61 DeprecationWarning: This process (pid=3320) is multi-threaded, use of fork() may lead to deadlocks in the child.
[2024-04-22T21:33:49.682+0000] {standard_task_runner.py:63} INFO - Started process 3326 to run task
[2024-04-22T21:33:49.754+0000] {task_command.py:426} INFO - Running <TaskInstance: dag_with_cron_expression_v04.task1 scheduled__2024-04-12T03:00:00+00:00 [running]> on host e87e2f3305bd
[2024-04-22T21:33:49.844+0000] {taskinstance.py:2644} INFO - Exporting env vars: AIRFLOW_CTX_DAG_OWNER='julionevadod' AIRFLOW_CTX_DAG_ID='dag_with_cron_expression_v04' AIRFLOW_CTX_TASK_ID='task1' AIRFLOW_CTX_EXECUTION_DATE='2024-04-12T03:00:00+00:00' AIRFLOW_CTX_TRY_NUMBER='1' AIRFLOW_CTX_DAG_RUN_ID='scheduled__2024-04-12T03:00:00+00:00'
[2024-04-22T21:33:49.845+0000] {taskinstance.py:430} INFO - ::endgroup::
[2024-04-22T21:33:49.854+0000] {subprocess.py:63} INFO - Tmp dir root location: /tmp
[2024-04-22T21:33:49.855+0000] {subprocess.py:75} INFO - Running command: ['/usr/bin/bash', '-c', 'echo dag with cron expression!']
[2024-04-22T21:33:49.861+0000] {subprocess.py:86} INFO - Output:
[2024-04-22T21:33:49.864+0000] {subprocess.py:93} INFO - dag with cron expression!
[2024-04-22T21:33:49.868+0000] {subprocess.py:97} INFO - Command exited with return code 0
[2024-04-22T21:33:49.869+0000] {taskinstance.py:441} INFO - ::group::Post task execution logs
[2024-04-22T21:33:49.897+0000] {taskinstance.py:1205} INFO - Marking task as SUCCESS. dag_id=dag_with_cron_expression_v04, task_id=task1, execution_date=20240412T030000, start_date=20240422T213349, end_date=20240422T213349
[2024-04-22T21:33:49.908+0000] {local_task_job_runner.py:240} INFO - Task exited with return code 0
[2024-04-22T21:33:49.920+0000] {taskinstance.py:3482} INFO - 0 downstream tasks scheduled from follow-on schedule check
[2024-04-22T21:33:49.922+0000] {local_task_job_runner.py:222} INFO - ::endgroup::
