[2024-04-22T18:14:04.204+0000] {local_task_job_runner.py:120} INFO - ::group::Pre task execution logs
[2024-04-22T18:14:04.222+0000] {taskinstance.py:2073} INFO - Dependencies all met for dep_context=non-requeueable deps ti=<TaskInstance: dag_with_catchup_backfill_v02.task1 scheduled__2024-04-21T00:00:00+00:00 [queued]>
[2024-04-22T18:14:04.226+0000] {taskinstance.py:2073} INFO - Dependencies all met for dep_context=requeueable deps ti=<TaskInstance: dag_with_catchup_backfill_v02.task1 scheduled__2024-04-21T00:00:00+00:00 [queued]>
[2024-04-22T18:14:04.226+0000] {taskinstance.py:2303} INFO - Starting attempt 1 of 6
[2024-04-22T18:14:04.231+0000] {taskinstance.py:2327} INFO - Executing <Task(BashOperator): task1> on 2024-04-21 00:00:00+00:00
[2024-04-22T18:14:04.235+0000] {standard_task_runner.py:90} INFO - Running: ['***', 'tasks', 'run', 'dag_with_catchup_backfill_v02', 'task1', 'scheduled__2024-04-21T00:00:00+00:00', '--job-id', '391', '--raw', '--subdir', 'DAGS_FOLDER/dag_with_catchup_and_backfill.py', '--cfg-path', '/tmp/tmpxp995imp']
[2024-04-22T18:14:04.237+0000] {standard_task_runner.py:91} INFO - Job 391: Subtask task1
[2024-04-22T18:14:04.237+0000] {logging_mixin.py:188} WARNING - /home/***/.local/lib/python3.12/site-packages/***/task/task_runner/standard_task_runner.py:61 DeprecationWarning: This process (pid=778) is multi-threaded, use of fork() may lead to deadlocks in the child.
[2024-04-22T18:14:04.237+0000] {standard_task_runner.py:63} INFO - Started process 779 to run task
[2024-04-22T18:14:04.263+0000] {task_command.py:426} INFO - Running <TaskInstance: dag_with_catchup_backfill_v02.task1 scheduled__2024-04-21T00:00:00+00:00 [running]> on host e87e2f3305bd
[2024-04-22T18:14:04.303+0000] {taskinstance.py:2644} INFO - Exporting env vars: AIRFLOW_CTX_DAG_OWNER='julionevadod' AIRFLOW_CTX_DAG_ID='dag_with_catchup_backfill_v02' AIRFLOW_CTX_TASK_ID='task1' AIRFLOW_CTX_EXECUTION_DATE='2024-04-21T00:00:00+00:00' AIRFLOW_CTX_TRY_NUMBER='1' AIRFLOW_CTX_DAG_RUN_ID='scheduled__2024-04-21T00:00:00+00:00'
[2024-04-22T18:14:04.303+0000] {taskinstance.py:430} INFO - ::endgroup::
[2024-04-22T18:14:04.310+0000] {subprocess.py:63} INFO - Tmp dir root location: /tmp
[2024-04-22T18:14:04.311+0000] {subprocess.py:75} INFO - Running command: ['/usr/bin/bash', '-c', 'echo This is a simple bash command!']
[2024-04-22T18:14:04.314+0000] {subprocess.py:86} INFO - Output:
[2024-04-22T18:14:04.316+0000] {subprocess.py:93} INFO - This is a simple bash command!
[2024-04-22T18:14:04.316+0000] {subprocess.py:97} INFO - Command exited with return code 0
[2024-04-22T18:14:04.316+0000] {taskinstance.py:441} INFO - ::group::Post task execution logs
[2024-04-22T18:14:04.327+0000] {taskinstance.py:1205} INFO - Marking task as SUCCESS. dag_id=dag_with_catchup_backfill_v02, task_id=task1, execution_date=20240421T000000, start_date=20240422T181404, end_date=20240422T181404
[2024-04-22T18:14:04.340+0000] {local_task_job_runner.py:240} INFO - Task exited with return code 0
[2024-04-22T18:14:04.349+0000] {taskinstance.py:3482} INFO - 0 downstream tasks scheduled from follow-on schedule check
[2024-04-22T18:14:04.349+0000] {local_task_job_runner.py:222} INFO - ::endgroup::
