[2024-04-23T16:59:36.214+0000] {local_task_job_runner.py:120} INFO - ::group::Pre task execution logs
[2024-04-23T16:59:36.241+0000] {taskinstance.py:2073} INFO - Dependencies all met for dep_context=non-requeueable deps ti=<TaskInstance: dag_with_postgres_operator_v01.create_postgres_table scheduled__2024-04-21T00:00:00+00:00 [queued]>
[2024-04-23T16:59:36.245+0000] {taskinstance.py:2073} INFO - Dependencies all met for dep_context=requeueable deps ti=<TaskInstance: dag_with_postgres_operator_v01.create_postgres_table scheduled__2024-04-21T00:00:00+00:00 [queued]>
[2024-04-23T16:59:36.245+0000] {taskinstance.py:2303} INFO - Starting attempt 2 of 6
[2024-04-23T16:59:36.252+0000] {taskinstance.py:2327} INFO - Executing <Task(PostgresOperator): create_postgres_table> on 2024-04-21 00:00:00+00:00
[2024-04-23T16:59:36.256+0000] {standard_task_runner.py:90} INFO - Running: ['***', 'tasks', 'run', 'dag_with_postgres_operator_v01', 'create_postgres_table', 'scheduled__2024-04-21T00:00:00+00:00', '--job-id', '416', '--raw', '--subdir', 'DAGS_FOLDER/dag_with_postgres_operator.py', '--cfg-path', '/tmp/tmp51dm7h7m']
[2024-04-23T16:59:36.257+0000] {logging_mixin.py:188} WARNING - /home/***/.local/lib/python3.12/site-packages/***/task/task_runner/standard_task_runner.py:61 DeprecationWarning: This process (pid=1889) is multi-threaded, use of fork() may lead to deadlocks in the child.
[2024-04-23T16:59:36.257+0000] {standard_task_runner.py:91} INFO - Job 416: Subtask create_postgres_table
[2024-04-23T16:59:36.257+0000] {standard_task_runner.py:63} INFO - Started process 1900 to run task
[2024-04-23T16:59:36.277+0000] {task_command.py:426} INFO - Running <TaskInstance: dag_with_postgres_operator_v01.create_postgres_table scheduled__2024-04-21T00:00:00+00:00 [running]> on host e87e2f3305bd
[2024-04-23T16:59:36.313+0000] {taskinstance.py:2644} INFO - Exporting env vars: AIRFLOW_CTX_DAG_OWNER='julionevadod' AIRFLOW_CTX_DAG_ID='dag_with_postgres_operator_v01' AIRFLOW_CTX_TASK_ID='create_postgres_table' AIRFLOW_CTX_EXECUTION_DATE='2024-04-21T00:00:00+00:00' AIRFLOW_CTX_TRY_NUMBER='2' AIRFLOW_CTX_DAG_RUN_ID='scheduled__2024-04-21T00:00:00+00:00'
[2024-04-23T16:59:36.314+0000] {taskinstance.py:430} INFO - ::endgroup::
[2024-04-23T16:59:36.321+0000] {sql.py:276} INFO - Executing: 
            create table if not exists dag_runs (
            dt date,
            dag_id character varying,
            primary key (dt, dag_id)
            )
        
[2024-04-23T16:59:36.325+0000] {base.py:84} INFO - Using connection ID 'postgres_localhost' for task execution.
[2024-04-23T16:59:36.329+0000] {base.py:84} INFO - Using connection ID 'postgres_localhost' for task execution.
[2024-04-23T16:59:36.337+0000] {sql.py:457} INFO - Running statement: 
            create table if not exists dag_runs (
            dt date,
            dag_id character varying,
            primary key (dt, dag_id)
            )
        , parameters: None
[2024-04-23T16:59:36.340+0000] {logging_mixin.py:188} WARNING - /home/***/.local/lib/python3.12/site-packages/***/providers/common/sql/hooks/sql.py:407 AirflowProviderDeprecationWarning: Call to deprecated method _make_common_data_structure. (The `_make_serializable` method is deprecated and support will be removed in a future version of the common.sql provider. Please update the DbApiHook's provider to a version based on common.sql >= 1.9.1.)
[2024-04-23T16:59:36.341+0000] {taskinstance.py:441} INFO - ::group::Post task execution logs
[2024-04-23T16:59:36.346+0000] {taskinstance.py:1205} INFO - Marking task as SUCCESS. dag_id=dag_with_postgres_operator_v01, task_id=create_postgres_table, execution_date=20240421T000000, start_date=20240423T165936, end_date=20240423T165936
[2024-04-23T16:59:36.357+0000] {local_task_job_runner.py:240} INFO - Task exited with return code 0
[2024-04-23T16:59:36.364+0000] {taskinstance.py:3482} INFO - 0 downstream tasks scheduled from follow-on schedule check
[2024-04-23T16:59:36.365+0000] {local_task_job_runner.py:222} INFO - ::endgroup::
