[2024-04-20T15:29:11.027+0000] {local_task_job_runner.py:120} INFO - ::group::Pre task execution logs
[2024-04-20T15:29:11.048+0000] {taskinstance.py:2073} INFO - Dependencies all met for dep_context=non-requeueable deps ti=<TaskInstance: our_first_dag.first_task scheduled__2023-11-10T00:00:00+00:00 [queued]>
[2024-04-20T15:29:11.054+0000] {taskinstance.py:2073} INFO - Dependencies all met for dep_context=requeueable deps ti=<TaskInstance: our_first_dag.first_task scheduled__2023-11-10T00:00:00+00:00 [queued]>
[2024-04-20T15:29:11.055+0000] {taskinstance.py:2303} INFO - Starting attempt 1 of 6
[2024-04-20T15:29:11.072+0000] {taskinstance.py:2327} INFO - Executing <Task(BashOperator): first_task> on 2023-11-10 00:00:00+00:00
[2024-04-20T15:29:11.077+0000] {logging_mixin.py:188} WARNING - /home/***/.local/lib/python3.12/site-packages/***/task/task_runner/standard_task_runner.py:61 DeprecationWarning: This process (pid=926) is multi-threaded, use of fork() may lead to deadlocks in the child.
[2024-04-20T15:29:11.078+0000] {standard_task_runner.py:63} INFO - Started process 930 to run task
[2024-04-20T15:29:11.077+0000] {standard_task_runner.py:90} INFO - Running: ['***', 'tasks', 'run', 'our_first_dag', 'first_task', 'scheduled__2023-11-10T00:00:00+00:00', '--job-id', '106', '--raw', '--subdir', 'DAGS_FOLDER/our_first_dag.py', '--cfg-path', '/tmp/tmpw9w_1jgp']
[2024-04-20T15:29:11.080+0000] {standard_task_runner.py:91} INFO - Job 106: Subtask first_task
[2024-04-20T15:29:11.117+0000] {task_command.py:426} INFO - Running <TaskInstance: our_first_dag.first_task scheduled__2023-11-10T00:00:00+00:00 [running]> on host e87e2f3305bd
[2024-04-20T15:29:11.181+0000] {taskinstance.py:2644} INFO - Exporting env vars: AIRFLOW_CTX_DAG_OWNER='julionevadod' AIRFLOW_CTX_DAG_ID='our_first_dag' AIRFLOW_CTX_TASK_ID='first_task' AIRFLOW_CTX_EXECUTION_DATE='2023-11-10T00:00:00+00:00' AIRFLOW_CTX_TRY_NUMBER='1' AIRFLOW_CTX_DAG_RUN_ID='scheduled__2023-11-10T00:00:00+00:00'
[2024-04-20T15:29:11.182+0000] {taskinstance.py:430} INFO - ::endgroup::
[2024-04-20T15:29:11.193+0000] {subprocess.py:63} INFO - Tmp dir root location: /tmp
[2024-04-20T15:29:11.195+0000] {subprocess.py:75} INFO - Running command: ['/usr/bin/bash', '-c', 'echo hello world, this is the first task!']
[2024-04-20T15:29:11.203+0000] {subprocess.py:86} INFO - Output:
[2024-04-20T15:29:11.205+0000] {subprocess.py:93} INFO - hello world, this is the first task!
[2024-04-20T15:29:11.206+0000] {subprocess.py:97} INFO - Command exited with return code 0
[2024-04-20T15:29:11.207+0000] {taskinstance.py:441} INFO - ::group::Post task execution logs
[2024-04-20T15:29:11.230+0000] {taskinstance.py:1205} INFO - Marking task as SUCCESS. dag_id=our_first_dag, task_id=first_task, execution_date=20231110T000000, start_date=20240420T152911, end_date=20240420T152911
[2024-04-20T15:29:11.260+0000] {local_task_job_runner.py:240} INFO - Task exited with return code 0
[2024-04-20T15:29:11.315+0000] {taskinstance.py:3482} INFO - 0 downstream tasks scheduled from follow-on schedule check
[2024-04-20T15:29:11.321+0000] {local_task_job_runner.py:222} INFO - ::endgroup::
