[2024-04-20T15:28:53.997+0000] {local_task_job_runner.py:120} INFO - ::group::Pre task execution logs
[2024-04-20T15:28:54.021+0000] {taskinstance.py:2073} INFO - Dependencies all met for dep_context=non-requeueable deps ti=<TaskInstance: our_first_dag.first_task scheduled__2023-09-14T00:00:00+00:00 [queued]>
[2024-04-20T15:28:54.031+0000] {taskinstance.py:2073} INFO - Dependencies all met for dep_context=requeueable deps ti=<TaskInstance: our_first_dag.first_task scheduled__2023-09-14T00:00:00+00:00 [queued]>
[2024-04-20T15:28:54.031+0000] {taskinstance.py:2303} INFO - Starting attempt 1 of 6
[2024-04-20T15:28:54.046+0000] {taskinstance.py:2327} INFO - Executing <Task(BashOperator): first_task> on 2023-09-14 00:00:00+00:00
[2024-04-20T15:28:54.052+0000] {logging_mixin.py:188} WARNING - /home/***/.local/lib/python3.12/site-packages/***/task/task_runner/standard_task_runner.py:61 DeprecationWarning: This process (pid=747) is multi-threaded, use of fork() may lead to deadlocks in the child.
[2024-04-20T15:28:54.052+0000] {standard_task_runner.py:90} INFO - Running: ['***', 'tasks', 'run', 'our_first_dag', 'first_task', 'scheduled__2023-09-14T00:00:00+00:00', '--job-id', '49', '--raw', '--subdir', 'DAGS_FOLDER/our_first_dag.py', '--cfg-path', '/tmp/tmplpjucls6']
[2024-04-20T15:28:54.056+0000] {standard_task_runner.py:63} INFO - Started process 753 to run task
[2024-04-20T15:28:54.056+0000] {standard_task_runner.py:91} INFO - Job 49: Subtask first_task
[2024-04-20T15:28:54.102+0000] {task_command.py:426} INFO - Running <TaskInstance: our_first_dag.first_task scheduled__2023-09-14T00:00:00+00:00 [running]> on host e87e2f3305bd
[2024-04-20T15:28:54.172+0000] {taskinstance.py:2644} INFO - Exporting env vars: AIRFLOW_CTX_DAG_OWNER='julionevadod' AIRFLOW_CTX_DAG_ID='our_first_dag' AIRFLOW_CTX_TASK_ID='first_task' AIRFLOW_CTX_EXECUTION_DATE='2023-09-14T00:00:00+00:00' AIRFLOW_CTX_TRY_NUMBER='1' AIRFLOW_CTX_DAG_RUN_ID='scheduled__2023-09-14T00:00:00+00:00'
[2024-04-20T15:28:54.176+0000] {taskinstance.py:430} INFO - ::endgroup::
[2024-04-20T15:28:54.187+0000] {subprocess.py:63} INFO - Tmp dir root location: /tmp
[2024-04-20T15:28:54.189+0000] {subprocess.py:75} INFO - Running command: ['/usr/bin/bash', '-c', 'echo hello world, this is the first task!']
[2024-04-20T15:28:54.195+0000] {subprocess.py:86} INFO - Output:
[2024-04-20T15:28:54.196+0000] {subprocess.py:93} INFO - hello world, this is the first task!
[2024-04-20T15:28:54.200+0000] {subprocess.py:97} INFO - Command exited with return code 0
[2024-04-20T15:28:54.201+0000] {taskinstance.py:441} INFO - ::group::Post task execution logs
[2024-04-20T15:28:54.216+0000] {taskinstance.py:1205} INFO - Marking task as SUCCESS. dag_id=our_first_dag, task_id=first_task, execution_date=20230914T000000, start_date=20240420T152854, end_date=20240420T152854
[2024-04-20T15:28:54.238+0000] {local_task_job_runner.py:240} INFO - Task exited with return code 0
[2024-04-20T15:28:54.248+0000] {taskinstance.py:3482} INFO - 0 downstream tasks scheduled from follow-on schedule check
[2024-04-20T15:28:54.249+0000] {local_task_job_runner.py:222} INFO - ::endgroup::
