[2024-04-20T15:28:40.081+0000] {local_task_job_runner.py:120} INFO - ::group::Pre task execution logs
[2024-04-20T15:28:40.128+0000] {taskinstance.py:2073} INFO - Dependencies all met for dep_context=non-requeueable deps ti=<TaskInstance: our_first_dag.first_task scheduled__2023-08-05T00:00:00+00:00 [queued]>
[2024-04-20T15:28:40.140+0000] {taskinstance.py:2073} INFO - Dependencies all met for dep_context=requeueable deps ti=<TaskInstance: our_first_dag.first_task scheduled__2023-08-05T00:00:00+00:00 [queued]>
[2024-04-20T15:28:40.141+0000] {taskinstance.py:2303} INFO - Starting attempt 1 of 6
[2024-04-20T15:28:40.160+0000] {taskinstance.py:2327} INFO - Executing <Task(BashOperator): first_task> on 2023-08-05 00:00:00+00:00
[2024-04-20T15:28:40.181+0000] {logging_mixin.py:188} WARNING - /home/***/.local/lib/python3.12/site-packages/***/task/task_runner/standard_task_runner.py:61 DeprecationWarning: This process (pid=617) is multi-threaded, use of fork() may lead to deadlocks in the child.
[2024-04-20T15:28:40.181+0000] {standard_task_runner.py:90} INFO - Running: ['***', 'tasks', 'run', 'our_first_dag', 'first_task', 'scheduled__2023-08-05T00:00:00+00:00', '--job-id', '9', '--raw', '--subdir', 'DAGS_FOLDER/our_first_dag.py', '--cfg-path', '/tmp/tmp6owfwhl2']
[2024-04-20T15:28:40.183+0000] {standard_task_runner.py:63} INFO - Started process 625 to run task
[2024-04-20T15:28:40.184+0000] {standard_task_runner.py:91} INFO - Job 9: Subtask first_task
[2024-04-20T15:28:40.270+0000] {task_command.py:426} INFO - Running <TaskInstance: our_first_dag.first_task scheduled__2023-08-05T00:00:00+00:00 [running]> on host e87e2f3305bd
[2024-04-20T15:28:40.335+0000] {taskinstance.py:2644} INFO - Exporting env vars: AIRFLOW_CTX_DAG_OWNER='julionevadod' AIRFLOW_CTX_DAG_ID='our_first_dag' AIRFLOW_CTX_TASK_ID='first_task' AIRFLOW_CTX_EXECUTION_DATE='2023-08-05T00:00:00+00:00' AIRFLOW_CTX_TRY_NUMBER='1' AIRFLOW_CTX_DAG_RUN_ID='scheduled__2023-08-05T00:00:00+00:00'
[2024-04-20T15:28:40.336+0000] {taskinstance.py:430} INFO - ::endgroup::
[2024-04-20T15:28:40.354+0000] {subprocess.py:63} INFO - Tmp dir root location: /tmp
[2024-04-20T15:28:40.355+0000] {subprocess.py:75} INFO - Running command: ['/usr/bin/bash', '-c', 'echo hello world, this is the first task!']
[2024-04-20T15:28:40.362+0000] {subprocess.py:86} INFO - Output:
[2024-04-20T15:28:40.364+0000] {subprocess.py:93} INFO - hello world, this is the first task!
[2024-04-20T15:28:40.365+0000] {subprocess.py:97} INFO - Command exited with return code 0
[2024-04-20T15:28:40.365+0000] {taskinstance.py:441} INFO - ::group::Post task execution logs
[2024-04-20T15:28:40.401+0000] {taskinstance.py:1205} INFO - Marking task as SUCCESS. dag_id=our_first_dag, task_id=first_task, execution_date=20230805T000000, start_date=20240420T152840, end_date=20240420T152840
[2024-04-20T15:28:40.450+0000] {local_task_job_runner.py:240} INFO - Task exited with return code 0
[2024-04-20T15:28:40.461+0000] {taskinstance.py:3482} INFO - 0 downstream tasks scheduled from follow-on schedule check
[2024-04-20T15:28:40.463+0000] {local_task_job_runner.py:222} INFO - ::endgroup::
