[2024-04-20T15:29:23.038+0000] {local_task_job_runner.py:120} INFO - ::group::Pre task execution logs
[2024-04-20T15:29:23.059+0000] {taskinstance.py:2073} INFO - Dependencies all met for dep_context=non-requeueable deps ti=<TaskInstance: our_first_dag.first_task scheduled__2023-12-20T00:00:00+00:00 [queued]>
[2024-04-20T15:29:23.067+0000] {taskinstance.py:2073} INFO - Dependencies all met for dep_context=requeueable deps ti=<TaskInstance: our_first_dag.first_task scheduled__2023-12-20T00:00:00+00:00 [queued]>
[2024-04-20T15:29:23.068+0000] {taskinstance.py:2303} INFO - Starting attempt 1 of 6
[2024-04-20T15:29:23.082+0000] {taskinstance.py:2327} INFO - Executing <Task(BashOperator): first_task> on 2023-12-20 00:00:00+00:00
[2024-04-20T15:29:23.090+0000] {logging_mixin.py:188} WARNING - /home/***/.local/lib/python3.12/site-packages/***/task/task_runner/standard_task_runner.py:61 DeprecationWarning: This process (pid=1047) is multi-threaded, use of fork() may lead to deadlocks in the child.
[2024-04-20T15:29:23.091+0000] {standard_task_runner.py:63} INFO - Started process 1053 to run task
[2024-04-20T15:29:23.092+0000] {standard_task_runner.py:90} INFO - Running: ['***', 'tasks', 'run', 'our_first_dag', 'first_task', 'scheduled__2023-12-20T00:00:00+00:00', '--job-id', '146', '--raw', '--subdir', 'DAGS_FOLDER/our_first_dag.py', '--cfg-path', '/tmp/tmpz96w824g']
[2024-04-20T15:29:23.097+0000] {standard_task_runner.py:91} INFO - Job 146: Subtask first_task
[2024-04-20T15:29:23.145+0000] {task_command.py:426} INFO - Running <TaskInstance: our_first_dag.first_task scheduled__2023-12-20T00:00:00+00:00 [running]> on host e87e2f3305bd
[2024-04-20T15:29:23.200+0000] {taskinstance.py:2644} INFO - Exporting env vars: AIRFLOW_CTX_DAG_OWNER='julionevadod' AIRFLOW_CTX_DAG_ID='our_first_dag' AIRFLOW_CTX_TASK_ID='first_task' AIRFLOW_CTX_EXECUTION_DATE='2023-12-20T00:00:00+00:00' AIRFLOW_CTX_TRY_NUMBER='1' AIRFLOW_CTX_DAG_RUN_ID='scheduled__2023-12-20T00:00:00+00:00'
[2024-04-20T15:29:23.201+0000] {taskinstance.py:430} INFO - ::endgroup::
[2024-04-20T15:29:23.211+0000] {subprocess.py:63} INFO - Tmp dir root location: /tmp
[2024-04-20T15:29:23.212+0000] {subprocess.py:75} INFO - Running command: ['/usr/bin/bash', '-c', 'echo hello world, this is the first task!']
[2024-04-20T15:29:23.217+0000] {subprocess.py:86} INFO - Output:
[2024-04-20T15:29:23.218+0000] {subprocess.py:93} INFO - hello world, this is the first task!
[2024-04-20T15:29:23.219+0000] {subprocess.py:97} INFO - Command exited with return code 0
[2024-04-20T15:29:23.219+0000] {taskinstance.py:441} INFO - ::group::Post task execution logs
[2024-04-20T15:29:23.234+0000] {taskinstance.py:1205} INFO - Marking task as SUCCESS. dag_id=our_first_dag, task_id=first_task, execution_date=20231220T000000, start_date=20240420T152923, end_date=20240420T152923
[2024-04-20T15:29:23.277+0000] {local_task_job_runner.py:240} INFO - Task exited with return code 0
[2024-04-20T15:29:23.285+0000] {taskinstance.py:3482} INFO - 0 downstream tasks scheduled from follow-on schedule check
[2024-04-20T15:29:23.285+0000] {local_task_job_runner.py:222} INFO - ::endgroup::
