[2024-04-20T15:30:40.153+0000] {local_task_job_runner.py:120} INFO - ::group::Pre task execution logs
[2024-04-20T15:30:40.168+0000] {taskinstance.py:2073} INFO - Dependencies all met for dep_context=non-requeueable deps ti=<TaskInstance: our_first_dag.first_task scheduled__2024-04-19T00:00:00+00:00 [queued]>
[2024-04-20T15:30:40.173+0000] {taskinstance.py:2073} INFO - Dependencies all met for dep_context=requeueable deps ti=<TaskInstance: our_first_dag.first_task scheduled__2024-04-19T00:00:00+00:00 [queued]>
[2024-04-20T15:30:40.174+0000] {taskinstance.py:2303} INFO - Starting attempt 1 of 6
[2024-04-20T15:30:40.180+0000] {taskinstance.py:2327} INFO - Executing <Task(BashOperator): first_task> on 2024-04-19 00:00:00+00:00
[2024-04-20T15:30:40.187+0000] {logging_mixin.py:188} WARNING - /home/***/.local/lib/python3.12/site-packages/***/task/task_runner/standard_task_runner.py:61 DeprecationWarning: This process (pid=1443) is multi-threaded, use of fork() may lead to deadlocks in the child.
[2024-04-20T15:30:40.186+0000] {standard_task_runner.py:90} INFO - Running: ['***', 'tasks', 'run', 'our_first_dag', 'first_task', 'scheduled__2024-04-19T00:00:00+00:00', '--job-id', '267', '--raw', '--subdir', 'DAGS_FOLDER/our_first_dag.py', '--cfg-path', '/tmp/tmp7zkc8t2e']
[2024-04-20T15:30:40.188+0000] {standard_task_runner.py:63} INFO - Started process 1444 to run task
[2024-04-20T15:30:40.188+0000] {standard_task_runner.py:91} INFO - Job 267: Subtask first_task
[2024-04-20T15:30:40.217+0000] {task_command.py:426} INFO - Running <TaskInstance: our_first_dag.first_task scheduled__2024-04-19T00:00:00+00:00 [running]> on host e87e2f3305bd
[2024-04-20T15:30:40.260+0000] {taskinstance.py:2644} INFO - Exporting env vars: AIRFLOW_CTX_DAG_OWNER='julionevadod' AIRFLOW_CTX_DAG_ID='our_first_dag' AIRFLOW_CTX_TASK_ID='first_task' AIRFLOW_CTX_EXECUTION_DATE='2024-04-19T00:00:00+00:00' AIRFLOW_CTX_TRY_NUMBER='1' AIRFLOW_CTX_DAG_RUN_ID='scheduled__2024-04-19T00:00:00+00:00'
[2024-04-20T15:30:40.260+0000] {taskinstance.py:430} INFO - ::endgroup::
[2024-04-20T15:30:40.267+0000] {subprocess.py:63} INFO - Tmp dir root location: /tmp
[2024-04-20T15:30:40.268+0000] {subprocess.py:75} INFO - Running command: ['/usr/bin/bash', '-c', 'echo hello world, this is the first task!']
[2024-04-20T15:30:40.272+0000] {subprocess.py:86} INFO - Output:
[2024-04-20T15:30:40.273+0000] {subprocess.py:93} INFO - hello world, this is the first task!
[2024-04-20T15:30:40.273+0000] {subprocess.py:97} INFO - Command exited with return code 0
[2024-04-20T15:30:40.273+0000] {taskinstance.py:441} INFO - ::group::Post task execution logs
[2024-04-20T15:30:40.284+0000] {taskinstance.py:1205} INFO - Marking task as SUCCESS. dag_id=our_first_dag, task_id=first_task, execution_date=20240419T000000, start_date=20240420T153040, end_date=20240420T153040
[2024-04-20T15:30:40.330+0000] {local_task_job_runner.py:240} INFO - Task exited with return code 0
[2024-04-20T15:30:40.338+0000] {taskinstance.py:3482} INFO - 0 downstream tasks scheduled from follow-on schedule check
[2024-04-20T15:30:40.339+0000] {local_task_job_runner.py:222} INFO - ::endgroup::
