[2024-04-20T15:29:16.085+0000] {local_task_job_runner.py:120} INFO - ::group::Pre task execution logs
[2024-04-20T15:29:16.110+0000] {taskinstance.py:2073} INFO - Dependencies all met for dep_context=non-requeueable deps ti=<TaskInstance: our_first_dag.first_task scheduled__2023-11-26T00:00:00+00:00 [queued]>
[2024-04-20T15:29:16.119+0000] {taskinstance.py:2073} INFO - Dependencies all met for dep_context=requeueable deps ti=<TaskInstance: our_first_dag.first_task scheduled__2023-11-26T00:00:00+00:00 [queued]>
[2024-04-20T15:29:16.119+0000] {taskinstance.py:2303} INFO - Starting attempt 1 of 6
[2024-04-20T15:29:16.136+0000] {taskinstance.py:2327} INFO - Executing <Task(BashOperator): first_task> on 2023-11-26 00:00:00+00:00
[2024-04-20T15:29:16.142+0000] {logging_mixin.py:188} WARNING - /home/***/.local/lib/python3.12/site-packages/***/task/task_runner/standard_task_runner.py:61 DeprecationWarning: This process (pid=976) is multi-threaded, use of fork() may lead to deadlocks in the child.
[2024-04-20T15:29:16.144+0000] {standard_task_runner.py:63} INFO - Started process 980 to run task
[2024-04-20T15:29:16.143+0000] {standard_task_runner.py:90} INFO - Running: ['***', 'tasks', 'run', 'our_first_dag', 'first_task', 'scheduled__2023-11-26T00:00:00+00:00', '--job-id', '122', '--raw', '--subdir', 'DAGS_FOLDER/our_first_dag.py', '--cfg-path', '/tmp/tmp3q0h7xig']
[2024-04-20T15:29:16.146+0000] {standard_task_runner.py:91} INFO - Job 122: Subtask first_task
[2024-04-20T15:29:16.197+0000] {task_command.py:426} INFO - Running <TaskInstance: our_first_dag.first_task scheduled__2023-11-26T00:00:00+00:00 [running]> on host e87e2f3305bd
[2024-04-20T15:29:16.278+0000] {taskinstance.py:2644} INFO - Exporting env vars: AIRFLOW_CTX_DAG_OWNER='julionevadod' AIRFLOW_CTX_DAG_ID='our_first_dag' AIRFLOW_CTX_TASK_ID='first_task' AIRFLOW_CTX_EXECUTION_DATE='2023-11-26T00:00:00+00:00' AIRFLOW_CTX_TRY_NUMBER='1' AIRFLOW_CTX_DAG_RUN_ID='scheduled__2023-11-26T00:00:00+00:00'
[2024-04-20T15:29:16.279+0000] {taskinstance.py:430} INFO - ::endgroup::
[2024-04-20T15:29:16.297+0000] {subprocess.py:63} INFO - Tmp dir root location: /tmp
[2024-04-20T15:29:16.299+0000] {subprocess.py:75} INFO - Running command: ['/usr/bin/bash', '-c', 'echo hello world, this is the first task!']
[2024-04-20T15:29:16.311+0000] {subprocess.py:86} INFO - Output:
[2024-04-20T15:29:16.312+0000] {subprocess.py:93} INFO - hello world, this is the first task!
[2024-04-20T15:29:16.313+0000] {subprocess.py:97} INFO - Command exited with return code 0
[2024-04-20T15:29:16.314+0000] {taskinstance.py:441} INFO - ::group::Post task execution logs
[2024-04-20T15:29:16.359+0000] {taskinstance.py:1205} INFO - Marking task as SUCCESS. dag_id=our_first_dag, task_id=first_task, execution_date=20231126T000000, start_date=20240420T152916, end_date=20240420T152916
[2024-04-20T15:29:16.414+0000] {local_task_job_runner.py:240} INFO - Task exited with return code 0
[2024-04-20T15:29:16.451+0000] {taskinstance.py:3482} INFO - 0 downstream tasks scheduled from follow-on schedule check
[2024-04-20T15:29:16.456+0000] {local_task_job_runner.py:222} INFO - ::endgroup::
