[2024-04-23T21:20:41.686+0000] {local_task_job_runner.py:120} INFO - ::group::Pre task execution logs
[2024-04-23T21:20:41.707+0000] {taskinstance.py:2073} INFO - Dependencies all met for dep_context=non-requeueable deps ti=<TaskInstance: dag_with_postgres_operator_v02.create_postgres_table scheduled__2024-04-22T00:00:00+00:00 [queued]>
[2024-04-23T21:20:41.711+0000] {taskinstance.py:2073} INFO - Dependencies all met for dep_context=requeueable deps ti=<TaskInstance: dag_with_postgres_operator_v02.create_postgres_table scheduled__2024-04-22T00:00:00+00:00 [queued]>
[2024-04-23T21:20:41.712+0000] {taskinstance.py:2303} INFO - Starting attempt 1 of 6
[2024-04-23T21:20:41.718+0000] {taskinstance.py:2327} INFO - Executing <Task(PostgresOperator): create_postgres_table> on 2024-04-22 00:00:00+00:00
[2024-04-23T21:20:41.723+0000] {logging_mixin.py:188} WARNING - /home/***/.local/lib/python3.12/site-packages/***/task/task_runner/standard_task_runner.py:61 DeprecationWarning: This process (pid=4585) is multi-threaded, use of fork() may lead to deadlocks in the child.
[2024-04-23T21:20:41.722+0000] {standard_task_runner.py:90} INFO - Running: ['***', 'tasks', 'run', 'dag_with_postgres_operator_v02', 'create_postgres_table', 'scheduled__2024-04-22T00:00:00+00:00', '--job-id', '417', '--raw', '--subdir', 'DAGS_FOLDER/dag_with_postgres_operator.py', '--cfg-path', '/tmp/tmp6u_yniku']
[2024-04-23T21:20:41.723+0000] {standard_task_runner.py:63} INFO - Started process 4586 to run task
[2024-04-23T21:20:41.724+0000] {standard_task_runner.py:91} INFO - Job 417: Subtask create_postgres_table
[2024-04-23T21:20:41.746+0000] {task_command.py:426} INFO - Running <TaskInstance: dag_with_postgres_operator_v02.create_postgres_table scheduled__2024-04-22T00:00:00+00:00 [running]> on host e87e2f3305bd
[2024-04-23T21:20:41.782+0000] {taskinstance.py:2644} INFO - Exporting env vars: AIRFLOW_CTX_DAG_OWNER='julionevadod' AIRFLOW_CTX_DAG_ID='dag_with_postgres_operator_v02' AIRFLOW_CTX_TASK_ID='create_postgres_table' AIRFLOW_CTX_EXECUTION_DATE='2024-04-22T00:00:00+00:00' AIRFLOW_CTX_TRY_NUMBER='1' AIRFLOW_CTX_DAG_RUN_ID='scheduled__2024-04-22T00:00:00+00:00'
[2024-04-23T21:20:41.783+0000] {taskinstance.py:430} INFO - ::endgroup::
[2024-04-23T21:20:41.796+0000] {sql.py:276} INFO - Executing: 
            create table if not exists dag_runs (
            dt date,
            dag_id character varying,
            primary key (dt, dag_id)
            )
        
[2024-04-23T21:20:41.801+0000] {base.py:84} INFO - Using connection ID 'postgres_localhost' for task execution.
[2024-04-23T21:20:41.807+0000] {base.py:84} INFO - Using connection ID 'postgres_localhost' for task execution.
[2024-04-23T21:20:41.824+0000] {sql.py:457} INFO - Running statement: 
            create table if not exists dag_runs (
            dt date,
            dag_id character varying,
            primary key (dt, dag_id)
            )
        , parameters: None
[2024-04-23T21:20:41.828+0000] {logging_mixin.py:188} WARNING - /home/***/.local/lib/python3.12/site-packages/***/providers/common/sql/hooks/sql.py:407 AirflowProviderDeprecationWarning: Call to deprecated method _make_common_data_structure. (The `_make_serializable` method is deprecated and support will be removed in a future version of the common.sql provider. Please update the DbApiHook's provider to a version based on common.sql >= 1.9.1.)
[2024-04-23T21:20:41.828+0000] {taskinstance.py:441} INFO - ::group::Post task execution logs
[2024-04-23T21:20:41.832+0000] {taskinstance.py:1205} INFO - Marking task as SUCCESS. dag_id=dag_with_postgres_operator_v02, task_id=create_postgres_table, execution_date=20240422T000000, start_date=20240423T212041, end_date=20240423T212041
[2024-04-23T21:20:41.865+0000] {local_task_job_runner.py:240} INFO - Task exited with return code 0
[2024-04-23T21:20:41.871+0000] {logging_mixin.py:188} WARNING - /home/***/.local/lib/python3.12/site-packages/***/models/baseoperator.py:1296 AirflowProviderDeprecationWarning: Call to deprecated class PostgresOperator. (Please use `***.providers.common.sql.operators.sql.SQLExecuteQueryOperator`.Also, you can provide `hook_params={'schema': <database>}`.)
[2024-04-23T21:20:41.877+0000] {taskinstance.py:3482} INFO - 1 downstream tasks scheduled from follow-on schedule check
[2024-04-23T21:20:41.877+0000] {local_task_job_runner.py:222} INFO - ::endgroup::
[2024-04-23T21:22:40.095+0000] {local_task_job_runner.py:120} INFO - ::group::Pre task execution logs
[2024-04-23T21:22:40.114+0000] {taskinstance.py:2073} INFO - Dependencies all met for dep_context=non-requeueable deps ti=<TaskInstance: dag_with_postgres_operator_v02.create_postgres_table scheduled__2024-04-22T00:00:00+00:00 [queued]>
[2024-04-23T21:22:40.122+0000] {taskinstance.py:2073} INFO - Dependencies all met for dep_context=requeueable deps ti=<TaskInstance: dag_with_postgres_operator_v02.create_postgres_table scheduled__2024-04-22T00:00:00+00:00 [queued]>
[2024-04-23T21:22:40.124+0000] {taskinstance.py:2303} INFO - Starting attempt 1 of 6
[2024-04-23T21:22:40.131+0000] {taskinstance.py:2327} INFO - Executing <Task(PostgresOperator): create_postgres_table> on 2024-04-22 00:00:00+00:00
[2024-04-23T21:22:40.138+0000] {standard_task_runner.py:90} INFO - Running: ['***', 'tasks', 'run', 'dag_with_postgres_operator_v02', 'create_postgres_table', 'scheduled__2024-04-22T00:00:00+00:00', '--job-id', '422', '--raw', '--subdir', 'DAGS_FOLDER/dag_with_postgres_operator.py', '--cfg-path', '/tmp/tmp0q5dh723']
[2024-04-23T21:22:40.140+0000] {logging_mixin.py:188} WARNING - /home/***/.local/lib/python3.12/site-packages/***/task/task_runner/standard_task_runner.py:61 DeprecationWarning: This process (pid=4737) is multi-threaded, use of fork() may lead to deadlocks in the child.
[2024-04-23T21:22:40.143+0000] {standard_task_runner.py:91} INFO - Job 422: Subtask create_postgres_table
[2024-04-23T21:22:40.143+0000] {standard_task_runner.py:63} INFO - Started process 4739 to run task
[2024-04-23T21:22:40.176+0000] {task_command.py:426} INFO - Running <TaskInstance: dag_with_postgres_operator_v02.create_postgres_table scheduled__2024-04-22T00:00:00+00:00 [running]> on host e87e2f3305bd
[2024-04-23T21:22:40.233+0000] {taskinstance.py:2644} INFO - Exporting env vars: AIRFLOW_CTX_DAG_OWNER='julionevadod' AIRFLOW_CTX_DAG_ID='dag_with_postgres_operator_v02' AIRFLOW_CTX_TASK_ID='create_postgres_table' AIRFLOW_CTX_EXECUTION_DATE='2024-04-22T00:00:00+00:00' AIRFLOW_CTX_TRY_NUMBER='1' AIRFLOW_CTX_DAG_RUN_ID='scheduled__2024-04-22T00:00:00+00:00'
[2024-04-23T21:22:40.234+0000] {taskinstance.py:430} INFO - ::endgroup::
[2024-04-23T21:22:40.242+0000] {sql.py:276} INFO - Executing: 
            create table if not exists dag_runs (
            dt date,
            dag_id character varying,
            primary key (dt, dag_id)
            )
        
[2024-04-23T21:22:40.247+0000] {base.py:84} INFO - Using connection ID 'postgres_localhost' for task execution.
[2024-04-23T21:22:40.253+0000] {base.py:84} INFO - Using connection ID 'postgres_localhost' for task execution.
[2024-04-23T21:22:40.260+0000] {sql.py:457} INFO - Running statement: 
            create table if not exists dag_runs (
            dt date,
            dag_id character varying,
            primary key (dt, dag_id)
            )
        , parameters: None
[2024-04-23T21:22:40.265+0000] {logging_mixin.py:188} WARNING - /home/***/.local/lib/python3.12/site-packages/***/providers/common/sql/hooks/sql.py:407 AirflowProviderDeprecationWarning: Call to deprecated method _make_common_data_structure. (The `_make_serializable` method is deprecated and support will be removed in a future version of the common.sql provider. Please update the DbApiHook's provider to a version based on common.sql >= 1.9.1.)
[2024-04-23T21:22:40.266+0000] {taskinstance.py:441} INFO - ::group::Post task execution logs
[2024-04-23T21:22:40.271+0000] {taskinstance.py:1205} INFO - Marking task as SUCCESS. dag_id=dag_with_postgres_operator_v02, task_id=create_postgres_table, execution_date=20240422T000000, start_date=20240423T212240, end_date=20240423T212240
[2024-04-23T21:22:40.283+0000] {local_task_job_runner.py:240} INFO - Task exited with return code 0
[2024-04-23T21:22:40.289+0000] {logging_mixin.py:188} WARNING - /home/***/.local/lib/python3.12/site-packages/***/models/baseoperator.py:1296 AirflowProviderDeprecationWarning: Call to deprecated class PostgresOperator. (Please use `***.providers.common.sql.operators.sql.SQLExecuteQueryOperator`.Also, you can provide `hook_params={'schema': <database>}`.)
[2024-04-23T21:22:40.293+0000] {taskinstance.py:3482} INFO - 1 downstream tasks scheduled from follow-on schedule check
[2024-04-23T21:22:40.294+0000] {local_task_job_runner.py:222} INFO - ::endgroup::
[2024-04-23T21:29:56.312+0000] {local_task_job_runner.py:120} INFO - ::group::Pre task execution logs
[2024-04-23T21:29:56.331+0000] {taskinstance.py:2073} INFO - Dependencies all met for dep_context=non-requeueable deps ti=<TaskInstance: dag_with_postgres_operator_v02.create_postgres_table scheduled__2024-04-22T00:00:00+00:00 [queued]>
[2024-04-23T21:29:56.335+0000] {taskinstance.py:2073} INFO - Dependencies all met for dep_context=requeueable deps ti=<TaskInstance: dag_with_postgres_operator_v02.create_postgres_table scheduled__2024-04-22T00:00:00+00:00 [queued]>
[2024-04-23T21:29:56.336+0000] {taskinstance.py:2303} INFO - Starting attempt 1 of 6
[2024-04-23T21:29:56.344+0000] {taskinstance.py:2327} INFO - Executing <Task(PostgresOperator): create_postgres_table> on 2024-04-22 00:00:00+00:00
[2024-04-23T21:29:56.348+0000] {standard_task_runner.py:90} INFO - Running: ['***', 'tasks', 'run', 'dag_with_postgres_operator_v02', 'create_postgres_table', 'scheduled__2024-04-22T00:00:00+00:00', '--job-id', '427', '--raw', '--subdir', 'DAGS_FOLDER/dag_with_postgres_operator.py', '--cfg-path', '/tmp/tmpm371ewox']
[2024-04-23T21:29:56.349+0000] {logging_mixin.py:188} WARNING - /home/***/.local/lib/python3.12/site-packages/***/task/task_runner/standard_task_runner.py:61 DeprecationWarning: This process (pid=5259) is multi-threaded, use of fork() may lead to deadlocks in the child.
[2024-04-23T21:29:56.350+0000] {standard_task_runner.py:91} INFO - Job 427: Subtask create_postgres_table
[2024-04-23T21:29:56.350+0000] {standard_task_runner.py:63} INFO - Started process 5260 to run task
[2024-04-23T21:29:56.375+0000] {task_command.py:426} INFO - Running <TaskInstance: dag_with_postgres_operator_v02.create_postgres_table scheduled__2024-04-22T00:00:00+00:00 [running]> on host e87e2f3305bd
[2024-04-23T21:29:56.416+0000] {taskinstance.py:2644} INFO - Exporting env vars: AIRFLOW_CTX_DAG_OWNER='julionevadod' AIRFLOW_CTX_DAG_ID='dag_with_postgres_operator_v02' AIRFLOW_CTX_TASK_ID='create_postgres_table' AIRFLOW_CTX_EXECUTION_DATE='2024-04-22T00:00:00+00:00' AIRFLOW_CTX_TRY_NUMBER='1' AIRFLOW_CTX_DAG_RUN_ID='scheduled__2024-04-22T00:00:00+00:00'
[2024-04-23T21:29:56.417+0000] {taskinstance.py:430} INFO - ::endgroup::
[2024-04-23T21:29:56.428+0000] {sql.py:276} INFO - Executing: 
            create table if not exists dag_runs (
            dt date,
            dag_id character varying,
            primary key (dt, dag_id)
            )
        
[2024-04-23T21:29:56.431+0000] {base.py:84} INFO - Using connection ID 'postgres_localhost' for task execution.
[2024-04-23T21:29:56.436+0000] {base.py:84} INFO - Using connection ID 'postgres_localhost' for task execution.
[2024-04-23T21:29:56.444+0000] {sql.py:457} INFO - Running statement: 
            create table if not exists dag_runs (
            dt date,
            dag_id character varying,
            primary key (dt, dag_id)
            )
        , parameters: None
[2024-04-23T21:29:56.449+0000] {logging_mixin.py:188} WARNING - /home/***/.local/lib/python3.12/site-packages/***/providers/common/sql/hooks/sql.py:407 AirflowProviderDeprecationWarning: Call to deprecated method _make_common_data_structure. (The `_make_serializable` method is deprecated and support will be removed in a future version of the common.sql provider. Please update the DbApiHook's provider to a version based on common.sql >= 1.9.1.)
[2024-04-23T21:29:56.450+0000] {taskinstance.py:441} INFO - ::group::Post task execution logs
[2024-04-23T21:29:56.455+0000] {taskinstance.py:1205} INFO - Marking task as SUCCESS. dag_id=dag_with_postgres_operator_v02, task_id=create_postgres_table, execution_date=20240422T000000, start_date=20240423T212956, end_date=20240423T212956
[2024-04-23T21:29:56.489+0000] {local_task_job_runner.py:240} INFO - Task exited with return code 0
[2024-04-23T21:29:56.494+0000] {logging_mixin.py:188} WARNING - /home/***/.local/lib/python3.12/site-packages/***/models/baseoperator.py:1296 AirflowProviderDeprecationWarning: Call to deprecated class PostgresOperator. (Please use `***.providers.common.sql.operators.sql.SQLExecuteQueryOperator`.Also, you can provide `hook_params={'schema': <database>}`.)
[2024-04-23T21:29:56.499+0000] {taskinstance.py:3482} INFO - 1 downstream tasks scheduled from follow-on schedule check
[2024-04-23T21:29:56.500+0000] {local_task_job_runner.py:222} INFO - ::endgroup::
