[2024-04-24T16:56:55.425+0000] {local_task_job_runner.py:120} INFO - ::group::Pre task execution logs
[2024-04-24T16:56:55.448+0000] {taskinstance.py:2073} INFO - Dependencies all met for dep_context=non-requeueable deps ti=<TaskInstance: dag_with_python_dependencies_v02.get_sklearn scheduled__2024-04-22T00:00:00+00:00 [queued]>
[2024-04-24T16:56:55.451+0000] {taskinstance.py:2073} INFO - Dependencies all met for dep_context=requeueable deps ti=<TaskInstance: dag_with_python_dependencies_v02.get_sklearn scheduled__2024-04-22T00:00:00+00:00 [queued]>
[2024-04-24T16:56:55.452+0000] {taskinstance.py:2303} INFO - Starting attempt 1 of 6
[2024-04-24T16:56:55.458+0000] {taskinstance.py:2327} INFO - Executing <Task(PythonOperator): get_sklearn> on 2024-04-22 00:00:00+00:00
[2024-04-24T16:56:55.464+0000] {logging_mixin.py:188} WARNING - /home/***/.local/lib/python3.12/site-packages/***/task/task_runner/standard_task_runner.py:61 DeprecationWarning: This process (pid=515) is multi-threaded, use of fork() may lead to deadlocks in the child.
[2024-04-24T16:56:55.462+0000] {standard_task_runner.py:90} INFO - Running: ['***', 'tasks', 'run', 'dag_with_python_dependencies_v02', 'get_sklearn', 'scheduled__2024-04-22T00:00:00+00:00', '--job-id', '436', '--raw', '--subdir', 'DAGS_FOLDER/dag_with_python_dependencies.py', '--cfg-path', '/tmp/tmp7966s4e0']
[2024-04-24T16:56:55.466+0000] {standard_task_runner.py:63} INFO - Started process 517 to run task
[2024-04-24T16:56:55.466+0000] {standard_task_runner.py:91} INFO - Job 436: Subtask get_sklearn
[2024-04-24T16:56:55.514+0000] {task_command.py:426} INFO - Running <TaskInstance: dag_with_python_dependencies_v02.get_sklearn scheduled__2024-04-22T00:00:00+00:00 [running]> on host ad2a90cae733
[2024-04-24T16:56:55.563+0000] {taskinstance.py:2644} INFO - Exporting env vars: AIRFLOW_CTX_DAG_OWNER='julionevadod' AIRFLOW_CTX_DAG_ID='dag_with_python_dependencies_v02' AIRFLOW_CTX_TASK_ID='get_sklearn' AIRFLOW_CTX_EXECUTION_DATE='2024-04-22T00:00:00+00:00' AIRFLOW_CTX_TRY_NUMBER='1' AIRFLOW_CTX_DAG_RUN_ID='scheduled__2024-04-22T00:00:00+00:00'
[2024-04-24T16:56:55.564+0000] {taskinstance.py:430} INFO - ::endgroup::
[2024-04-24T16:56:56.236+0000] {logging_mixin.py:188} INFO - scikit-learn with version: 1.4.2
[2024-04-24T16:56:56.236+0000] {python.py:237} INFO - Done. Returned value was: None
[2024-04-24T16:56:56.236+0000] {taskinstance.py:441} INFO - ::group::Post task execution logs
[2024-04-24T16:56:56.245+0000] {taskinstance.py:1205} INFO - Marking task as SUCCESS. dag_id=dag_with_python_dependencies_v02, task_id=get_sklearn, execution_date=20240422T000000, start_date=20240424T165655, end_date=20240424T165656
[2024-04-24T16:56:56.270+0000] {local_task_job_runner.py:240} INFO - Task exited with return code 0
[2024-04-24T16:56:56.289+0000] {taskinstance.py:3482} INFO - 1 downstream tasks scheduled from follow-on schedule check
[2024-04-24T16:56:56.290+0000] {local_task_job_runner.py:222} INFO - ::endgroup::
[2024-04-24T17:00:28.162+0000] {local_task_job_runner.py:120} INFO - ::group::Pre task execution logs
[2024-04-24T17:00:28.296+0000] {taskinstance.py:2073} INFO - Dependencies all met for dep_context=non-requeueable deps ti=<TaskInstance: dag_with_python_dependencies_v02.get_sklearn scheduled__2024-04-22T00:00:00+00:00 [queued]>
[2024-04-24T17:00:28.304+0000] {taskinstance.py:2073} INFO - Dependencies all met for dep_context=requeueable deps ti=<TaskInstance: dag_with_python_dependencies_v02.get_sklearn scheduled__2024-04-22T00:00:00+00:00 [queued]>
[2024-04-24T17:00:28.304+0000] {taskinstance.py:2303} INFO - Starting attempt 1 of 6
[2024-04-24T17:00:28.317+0000] {taskinstance.py:2327} INFO - Executing <Task(PythonOperator): get_sklearn> on 2024-04-22 00:00:00+00:00
[2024-04-24T17:00:28.346+0000] {standard_task_runner.py:90} INFO - Running: ['***', 'tasks', 'run', 'dag_with_python_dependencies_v02', 'get_sklearn', 'scheduled__2024-04-22T00:00:00+00:00', '--job-id', '442', '--raw', '--subdir', 'DAGS_FOLDER/dag_with_python_dependencies.py', '--cfg-path', '/tmp/tmpxzqhigr1']
[2024-04-24T17:00:28.355+0000] {standard_task_runner.py:91} INFO - Job 442: Subtask get_sklearn
[2024-04-24T17:00:28.356+0000] {logging_mixin.py:188} WARNING - /home/***/.local/lib/python3.12/site-packages/***/task/task_runner/standard_task_runner.py:61 DeprecationWarning: This process (pid=323) is multi-threaded, use of fork() may lead to deadlocks in the child.
[2024-04-24T17:00:28.357+0000] {standard_task_runner.py:63} INFO - Started process 326 to run task
[2024-04-24T17:00:28.533+0000] {task_command.py:426} INFO - Running <TaskInstance: dag_with_python_dependencies_v02.get_sklearn scheduled__2024-04-22T00:00:00+00:00 [running]> on host 93ff25214622
[2024-04-24T17:00:28.841+0000] {taskinstance.py:2644} INFO - Exporting env vars: AIRFLOW_CTX_DAG_OWNER='julionevadod' AIRFLOW_CTX_DAG_ID='dag_with_python_dependencies_v02' AIRFLOW_CTX_TASK_ID='get_sklearn' AIRFLOW_CTX_EXECUTION_DATE='2024-04-22T00:00:00+00:00' AIRFLOW_CTX_TRY_NUMBER='1' AIRFLOW_CTX_DAG_RUN_ID='scheduled__2024-04-22T00:00:00+00:00'
[2024-04-24T17:00:28.846+0000] {taskinstance.py:430} INFO - ::endgroup::
[2024-04-24T17:00:32.915+0000] {logging_mixin.py:188} INFO - scikit-learn with version: 1.4.2
[2024-04-24T17:00:32.916+0000] {python.py:237} INFO - Done. Returned value was: None
[2024-04-24T17:00:32.916+0000] {taskinstance.py:441} INFO - ::group::Post task execution logs
[2024-04-24T17:00:32.941+0000] {taskinstance.py:1205} INFO - Marking task as SUCCESS. dag_id=dag_with_python_dependencies_v02, task_id=get_sklearn, execution_date=20240422T000000, start_date=20240424T170028, end_date=20240424T170032
[2024-04-24T17:00:33.047+0000] {local_task_job_runner.py:240} INFO - Task exited with return code 0
[2024-04-24T17:00:33.133+0000] {taskinstance.py:3482} INFO - 0 downstream tasks scheduled from follow-on schedule check
[2024-04-24T17:00:33.137+0000] {local_task_job_runner.py:222} INFO - ::endgroup::
