[2024-04-22T17:29:18.385+0000] {local_task_job_runner.py:120} INFO - ::group::Pre task execution logs
[2024-04-22T17:29:18.405+0000] {taskinstance.py:2073} INFO - Dependencies all met for dep_context=non-requeueable deps ti=<TaskInstance: our_dag_with_python_operator_v05.get_name scheduled__2024-04-21T00:00:00+00:00 [queued]>
[2024-04-22T17:29:18.410+0000] {taskinstance.py:2073} INFO - Dependencies all met for dep_context=requeueable deps ti=<TaskInstance: our_dag_with_python_operator_v05.get_name scheduled__2024-04-21T00:00:00+00:00 [queued]>
[2024-04-22T17:29:18.410+0000] {taskinstance.py:2303} INFO - Starting attempt 1 of 6
[2024-04-22T17:29:18.416+0000] {taskinstance.py:2327} INFO - Executing <Task(PythonOperator): get_name> on 2024-04-21 00:00:00+00:00
[2024-04-22T17:29:18.421+0000] {logging_mixin.py:188} WARNING - /home/***/.local/lib/python3.12/site-packages/***/task/task_runner/standard_task_runner.py:61 DeprecationWarning: This process (pid=10025) is multi-threaded, use of fork() may lead to deadlocks in the child.
[2024-04-22T17:29:18.421+0000] {standard_task_runner.py:90} INFO - Running: ['***', 'tasks', 'run', 'our_dag_with_python_operator_v05', 'get_name', 'scheduled__2024-04-21T00:00:00+00:00', '--job-id', '359', '--raw', '--subdir', 'DAGS_FOLDER/create_dag_with_python_operator.py', '--cfg-path', '/tmp/tmpj6b38ey5']
[2024-04-22T17:29:18.422+0000] {standard_task_runner.py:63} INFO - Started process 10026 to run task
[2024-04-22T17:29:18.422+0000] {standard_task_runner.py:91} INFO - Job 359: Subtask get_name
[2024-04-22T17:29:18.447+0000] {task_command.py:426} INFO - Running <TaskInstance: our_dag_with_python_operator_v05.get_name scheduled__2024-04-21T00:00:00+00:00 [running]> on host e87e2f3305bd
[2024-04-22T17:29:18.486+0000] {taskinstance.py:2644} INFO - Exporting env vars: AIRFLOW_CTX_DAG_OWNER='julionevadod' AIRFLOW_CTX_DAG_ID='our_dag_with_python_operator_v05' AIRFLOW_CTX_TASK_ID='get_name' AIRFLOW_CTX_EXECUTION_DATE='2024-04-21T00:00:00+00:00' AIRFLOW_CTX_TRY_NUMBER='1' AIRFLOW_CTX_DAG_RUN_ID='scheduled__2024-04-21T00:00:00+00:00'
[2024-04-22T17:29:18.486+0000] {taskinstance.py:430} INFO - ::endgroup::
[2024-04-22T17:29:18.517+0000] {python.py:237} INFO - Done. Returned value was: None
[2024-04-22T17:29:18.517+0000] {taskinstance.py:441} INFO - ::group::Post task execution logs
[2024-04-22T17:29:18.523+0000] {taskinstance.py:1205} INFO - Marking task as SUCCESS. dag_id=our_dag_with_python_operator_v05, task_id=get_name, execution_date=20240421T000000, start_date=20240422T172918, end_date=20240422T172918
[2024-04-22T17:29:18.566+0000] {local_task_job_runner.py:240} INFO - Task exited with return code 0
[2024-04-22T17:29:18.576+0000] {taskinstance.py:3482} INFO - 1 downstream tasks scheduled from follow-on schedule check
[2024-04-22T17:29:18.577+0000] {local_task_job_runner.py:222} INFO - ::endgroup::
[2024-04-22T17:30:47.215+0000] {local_task_job_runner.py:120} INFO - ::group::Pre task execution logs
[2024-04-22T17:30:47.244+0000] {taskinstance.py:2073} INFO - Dependencies all met for dep_context=non-requeueable deps ti=<TaskInstance: our_dag_with_python_operator_v05.get_name scheduled__2024-04-21T00:00:00+00:00 [queued]>
[2024-04-22T17:30:47.249+0000] {taskinstance.py:2073} INFO - Dependencies all met for dep_context=requeueable deps ti=<TaskInstance: our_dag_with_python_operator_v05.get_name scheduled__2024-04-21T00:00:00+00:00 [queued]>
[2024-04-22T17:30:47.249+0000] {taskinstance.py:2303} INFO - Starting attempt 1 of 6
[2024-04-22T17:30:47.255+0000] {taskinstance.py:2327} INFO - Executing <Task(PythonOperator): get_name> on 2024-04-21 00:00:00+00:00
[2024-04-22T17:30:47.262+0000] {logging_mixin.py:188} WARNING - /home/***/.local/lib/python3.12/site-packages/***/task/task_runner/standard_task_runner.py:61 DeprecationWarning: This process (pid=10079) is multi-threaded, use of fork() may lead to deadlocks in the child.
[2024-04-22T17:30:47.263+0000] {standard_task_runner.py:63} INFO - Started process 10082 to run task
[2024-04-22T17:30:47.262+0000] {standard_task_runner.py:90} INFO - Running: ['***', 'tasks', 'run', 'our_dag_with_python_operator_v05', 'get_name', 'scheduled__2024-04-21T00:00:00+00:00', '--job-id', '361', '--raw', '--subdir', 'DAGS_FOLDER/create_dag_with_python_operator.py', '--cfg-path', '/tmp/tmp5j3w0m6q']
[2024-04-22T17:30:47.263+0000] {standard_task_runner.py:91} INFO - Job 361: Subtask get_name
[2024-04-22T17:30:47.314+0000] {task_command.py:426} INFO - Running <TaskInstance: our_dag_with_python_operator_v05.get_name scheduled__2024-04-21T00:00:00+00:00 [running]> on host e87e2f3305bd
[2024-04-22T17:30:47.366+0000] {taskinstance.py:2644} INFO - Exporting env vars: AIRFLOW_CTX_DAG_OWNER='julionevadod' AIRFLOW_CTX_DAG_ID='our_dag_with_python_operator_v05' AIRFLOW_CTX_TASK_ID='get_name' AIRFLOW_CTX_EXECUTION_DATE='2024-04-21T00:00:00+00:00' AIRFLOW_CTX_TRY_NUMBER='1' AIRFLOW_CTX_DAG_RUN_ID='scheduled__2024-04-21T00:00:00+00:00'
[2024-04-22T17:30:47.367+0000] {taskinstance.py:430} INFO - ::endgroup::
[2024-04-22T17:30:47.389+0000] {python.py:237} INFO - Done. Returned value was: None
[2024-04-22T17:30:47.392+0000] {taskinstance.py:441} INFO - ::group::Post task execution logs
[2024-04-22T17:30:47.396+0000] {taskinstance.py:1205} INFO - Marking task as SUCCESS. dag_id=our_dag_with_python_operator_v05, task_id=get_name, execution_date=20240421T000000, start_date=20240422T173047, end_date=20240422T173047
[2024-04-22T17:30:47.404+0000] {local_task_job_runner.py:240} INFO - Task exited with return code 0
[2024-04-22T17:30:47.416+0000] {taskinstance.py:3482} INFO - 1 downstream tasks scheduled from follow-on schedule check
[2024-04-22T17:30:47.417+0000] {local_task_job_runner.py:222} INFO - ::endgroup::
