[2024-04-20T15:30:13.741+0000] {local_task_job_runner.py:120} INFO - ::group::Pre task execution logs
[2024-04-20T15:30:13.791+0000] {taskinstance.py:2073} INFO - Dependencies all met for dep_context=non-requeueable deps ti=<TaskInstance: our_first_dag.first_task scheduled__2024-02-29T00:00:00+00:00 [queued]>
[2024-04-20T15:30:13.820+0000] {taskinstance.py:2073} INFO - Dependencies all met for dep_context=requeueable deps ti=<TaskInstance: our_first_dag.first_task scheduled__2024-02-29T00:00:00+00:00 [queued]>
[2024-04-20T15:30:13.825+0000] {taskinstance.py:2303} INFO - Starting attempt 1 of 6
[2024-04-20T15:30:13.847+0000] {taskinstance.py:2327} INFO - Executing <Task(BashOperator): first_task> on 2024-02-29 00:00:00+00:00
[2024-04-20T15:30:13.865+0000] {logging_mixin.py:188} WARNING - /home/***/.local/lib/python3.12/site-packages/***/task/task_runner/standard_task_runner.py:61 DeprecationWarning: This process (pid=1280) is multi-threaded, use of fork() may lead to deadlocks in the child.
[2024-04-20T15:30:13.870+0000] {standard_task_runner.py:63} INFO - Started process 1285 to run task
[2024-04-20T15:30:13.868+0000] {standard_task_runner.py:90} INFO - Running: ['***', 'tasks', 'run', 'our_first_dag', 'first_task', 'scheduled__2024-02-29T00:00:00+00:00', '--job-id', '217', '--raw', '--subdir', 'DAGS_FOLDER/our_first_dag.py', '--cfg-path', '/tmp/tmpm60n2r7w']
[2024-04-20T15:30:13.880+0000] {standard_task_runner.py:91} INFO - Job 217: Subtask first_task
[2024-04-20T15:30:14.062+0000] {task_command.py:426} INFO - Running <TaskInstance: our_first_dag.first_task scheduled__2024-02-29T00:00:00+00:00 [running]> on host e87e2f3305bd
[2024-04-20T15:30:14.488+0000] {taskinstance.py:2644} INFO - Exporting env vars: AIRFLOW_CTX_DAG_OWNER='julionevadod' AIRFLOW_CTX_DAG_ID='our_first_dag' AIRFLOW_CTX_TASK_ID='first_task' AIRFLOW_CTX_EXECUTION_DATE='2024-02-29T00:00:00+00:00' AIRFLOW_CTX_TRY_NUMBER='1' AIRFLOW_CTX_DAG_RUN_ID='scheduled__2024-02-29T00:00:00+00:00'
[2024-04-20T15:30:14.490+0000] {taskinstance.py:430} INFO - ::endgroup::
[2024-04-20T15:30:14.540+0000] {subprocess.py:63} INFO - Tmp dir root location: /tmp
[2024-04-20T15:30:14.547+0000] {subprocess.py:75} INFO - Running command: ['/usr/bin/bash', '-c', 'echo hello world, this is the first task!']
[2024-04-20T15:30:14.556+0000] {subprocess.py:86} INFO - Output:
[2024-04-20T15:30:14.562+0000] {subprocess.py:93} INFO - hello world, this is the first task!
[2024-04-20T15:30:14.581+0000] {subprocess.py:97} INFO - Command exited with return code 0
[2024-04-20T15:30:14.590+0000] {taskinstance.py:441} INFO - ::group::Post task execution logs
[2024-04-20T15:30:14.742+0000] {taskinstance.py:1205} INFO - Marking task as SUCCESS. dag_id=our_first_dag, task_id=first_task, execution_date=20240229T000000, start_date=20240420T153013, end_date=20240420T153014
[2024-04-20T15:30:14.870+0000] {local_task_job_runner.py:240} INFO - Task exited with return code 0
[2024-04-20T15:30:14.941+0000] {taskinstance.py:3482} INFO - 0 downstream tasks scheduled from follow-on schedule check
[2024-04-20T15:30:14.972+0000] {local_task_job_runner.py:222} INFO - ::endgroup::
