[2024-04-20T15:47:45.107+0000] {local_task_job_runner.py:120} INFO - ::group::Pre task execution logs
[2024-04-20T15:47:45.153+0000] {taskinstance.py:2073} INFO - Dependencies all met for dep_context=non-requeueable deps ti=<TaskInstance: our_first_dag_v2.first_task scheduled__2024-04-15T00:00:00+00:00 [queued]>
[2024-04-20T15:47:45.182+0000] {taskinstance.py:2073} INFO - Dependencies all met for dep_context=requeueable deps ti=<TaskInstance: our_first_dag_v2.first_task scheduled__2024-04-15T00:00:00+00:00 [queued]>
[2024-04-20T15:47:45.189+0000] {taskinstance.py:2303} INFO - Starting attempt 1 of 6
[2024-04-20T15:47:45.328+0000] {taskinstance.py:2327} INFO - Executing <Task(BashOperator): first_task> on 2024-04-15 00:00:00+00:00
[2024-04-20T15:47:45.359+0000] {logging_mixin.py:188} WARNING - /home/***/.local/lib/python3.12/site-packages/***/task/task_runner/standard_task_runner.py:61 DeprecationWarning: This process (pid=1852) is multi-threaded, use of fork() may lead to deadlocks in the child.
[2024-04-20T15:47:45.364+0000] {standard_task_runner.py:63} INFO - Started process 1860 to run task
[2024-04-20T15:47:45.361+0000] {standard_task_runner.py:90} INFO - Running: ['***', 'tasks', 'run', 'our_first_dag_v2', 'first_task', 'scheduled__2024-04-15T00:00:00+00:00', '--job-id', '272', '--raw', '--subdir', 'DAGS_FOLDER/our_first_dag.py', '--cfg-path', '/tmp/tmpxpgvwm80']
[2024-04-20T15:47:45.370+0000] {standard_task_runner.py:91} INFO - Job 272: Subtask first_task
[2024-04-20T15:47:45.488+0000] {task_command.py:426} INFO - Running <TaskInstance: our_first_dag_v2.first_task scheduled__2024-04-15T00:00:00+00:00 [running]> on host e87e2f3305bd
[2024-04-20T15:47:45.779+0000] {taskinstance.py:2644} INFO - Exporting env vars: AIRFLOW_CTX_DAG_OWNER='julionevadod' AIRFLOW_CTX_DAG_ID='our_first_dag_v2' AIRFLOW_CTX_TASK_ID='first_task' AIRFLOW_CTX_EXECUTION_DATE='2024-04-15T00:00:00+00:00' AIRFLOW_CTX_TRY_NUMBER='1' AIRFLOW_CTX_DAG_RUN_ID='scheduled__2024-04-15T00:00:00+00:00'
[2024-04-20T15:47:45.783+0000] {taskinstance.py:430} INFO - ::endgroup::
[2024-04-20T15:47:45.836+0000] {subprocess.py:63} INFO - Tmp dir root location: /tmp
[2024-04-20T15:47:45.851+0000] {subprocess.py:75} INFO - Running command: ['/usr/bin/bash', '-c', 'echo hello world, this is the first task!']
[2024-04-20T15:47:45.867+0000] {subprocess.py:86} INFO - Output:
[2024-04-20T15:47:45.868+0000] {subprocess.py:93} INFO - hello world, this is the first task!
[2024-04-20T15:47:45.869+0000] {subprocess.py:97} INFO - Command exited with return code 0
[2024-04-20T15:47:45.871+0000] {taskinstance.py:441} INFO - ::group::Post task execution logs
[2024-04-20T15:47:45.909+0000] {taskinstance.py:1205} INFO - Marking task as SUCCESS. dag_id=our_first_dag_v2, task_id=first_task, execution_date=20240415T000000, start_date=20240420T154745, end_date=20240420T154745
[2024-04-20T15:47:45.980+0000] {local_task_job_runner.py:240} INFO - Task exited with return code 0
[2024-04-20T15:47:46.037+0000] {taskinstance.py:3482} INFO - 0 downstream tasks scheduled from follow-on schedule check
[2024-04-20T15:47:46.042+0000] {local_task_job_runner.py:222} INFO - ::endgroup::
