[2024-04-22T21:28:39.729+0000] {local_task_job_runner.py:120} INFO - ::group::Pre task execution logs
[2024-04-22T21:28:39.748+0000] {taskinstance.py:2073} INFO - Dependencies all met for dep_context=non-requeueable deps ti=<TaskInstance: dag_with_cron_expression_v03.task1 scheduled__2024-04-09T03:00:00+00:00 [queued]>
[2024-04-22T21:28:39.752+0000] {taskinstance.py:2073} INFO - Dependencies all met for dep_context=requeueable deps ti=<TaskInstance: dag_with_cron_expression_v03.task1 scheduled__2024-04-09T03:00:00+00:00 [queued]>
[2024-04-22T21:28:39.753+0000] {taskinstance.py:2303} INFO - Starting attempt 1 of 6
[2024-04-22T21:28:39.759+0000] {taskinstance.py:2327} INFO - Executing <Task(BashOperator): task1> on 2024-04-09 03:00:00+00:00
[2024-04-22T21:28:39.773+0000] {logging_mixin.py:188} WARNING - /home/***/.local/lib/python3.12/site-packages/***/task/task_runner/standard_task_runner.py:61 DeprecationWarning: This process (pid=3005) is multi-threaded, use of fork() may lead to deadlocks in the child.
[2024-04-22T21:28:39.768+0000] {standard_task_runner.py:90} INFO - Running: ['***', 'tasks', 'run', 'dag_with_cron_expression_v03', 'task1', 'scheduled__2024-04-09T03:00:00+00:00', '--job-id', '401', '--raw', '--subdir', 'DAGS_FOLDER/dag_with_cron_expression.py', '--cfg-path', '/tmp/tmpdx1698zh']
[2024-04-22T21:28:39.774+0000] {standard_task_runner.py:63} INFO - Started process 3006 to run task
[2024-04-22T21:28:39.774+0000] {standard_task_runner.py:91} INFO - Job 401: Subtask task1
[2024-04-22T21:28:39.804+0000] {task_command.py:426} INFO - Running <TaskInstance: dag_with_cron_expression_v03.task1 scheduled__2024-04-09T03:00:00+00:00 [running]> on host e87e2f3305bd
[2024-04-22T21:28:39.853+0000] {taskinstance.py:2644} INFO - Exporting env vars: AIRFLOW_CTX_DAG_OWNER='julionevadod' AIRFLOW_CTX_DAG_ID='dag_with_cron_expression_v03' AIRFLOW_CTX_TASK_ID='task1' AIRFLOW_CTX_EXECUTION_DATE='2024-04-09T03:00:00+00:00' AIRFLOW_CTX_TRY_NUMBER='1' AIRFLOW_CTX_DAG_RUN_ID='scheduled__2024-04-09T03:00:00+00:00'
[2024-04-22T21:28:39.853+0000] {taskinstance.py:430} INFO - ::endgroup::
[2024-04-22T21:28:39.862+0000] {subprocess.py:63} INFO - Tmp dir root location: /tmp
[2024-04-22T21:28:39.863+0000] {subprocess.py:75} INFO - Running command: ['/usr/bin/bash', '-c', 'echo dag with cron expression!']
[2024-04-22T21:28:39.867+0000] {subprocess.py:86} INFO - Output:
[2024-04-22T21:28:39.869+0000] {subprocess.py:93} INFO - dag with cron expression!
[2024-04-22T21:28:39.869+0000] {subprocess.py:97} INFO - Command exited with return code 0
[2024-04-22T21:28:39.870+0000] {taskinstance.py:441} INFO - ::group::Post task execution logs
[2024-04-22T21:28:39.882+0000] {taskinstance.py:1205} INFO - Marking task as SUCCESS. dag_id=dag_with_cron_expression_v03, task_id=task1, execution_date=20240409T030000, start_date=20240422T212839, end_date=20240422T212839
[2024-04-22T21:28:39.914+0000] {local_task_job_runner.py:240} INFO - Task exited with return code 0
[2024-04-22T21:28:39.922+0000] {taskinstance.py:3482} INFO - 0 downstream tasks scheduled from follow-on schedule check
[2024-04-22T21:28:39.923+0000] {local_task_job_runner.py:222} INFO - ::endgroup::
