[2024-04-22T21:21:20.523+0000] {processor.py:161} INFO - Started process (PID=2508) to work on /opt/airflow/dags/dag_with_cron_expression.py
[2024-04-22T21:21:20.524+0000] {processor.py:830} INFO - Processing file /opt/airflow/dags/dag_with_cron_expression.py for tasks to queue
[2024-04-22T21:21:20.525+0000] {logging_mixin.py:188} INFO - [2024-04-22T21:21:20.525+0000] {dagbag.py:540} INFO - Filling up the DagBag from /opt/airflow/dags/dag_with_cron_expression.py
[2024-04-22T21:21:20.534+0000] {processor.py:842} WARNING - No viable dags retrieved from /opt/airflow/dags/dag_with_cron_expression.py
[2024-04-22T21:21:20.546+0000] {processor.py:183} INFO - Processing /opt/airflow/dags/dag_with_cron_expression.py took 0.031 seconds
[2024-04-22T21:21:51.006+0000] {processor.py:161} INFO - Started process (PID=2538) to work on /opt/airflow/dags/dag_with_cron_expression.py
[2024-04-22T21:21:51.007+0000] {processor.py:830} INFO - Processing file /opt/airflow/dags/dag_with_cron_expression.py for tasks to queue
[2024-04-22T21:21:51.008+0000] {logging_mixin.py:188} INFO - [2024-04-22T21:21:51.008+0000] {dagbag.py:540} INFO - Filling up the DagBag from /opt/airflow/dags/dag_with_cron_expression.py
[2024-04-22T21:21:51.011+0000] {processor.py:842} WARNING - No viable dags retrieved from /opt/airflow/dags/dag_with_cron_expression.py
[2024-04-22T21:21:51.020+0000] {processor.py:183} INFO - Processing /opt/airflow/dags/dag_with_cron_expression.py took 0.020 seconds
[2024-04-22T21:22:06.332+0000] {processor.py:161} INFO - Started process (PID=2569) to work on /opt/airflow/dags/dag_with_cron_expression.py
[2024-04-22T21:22:06.333+0000] {processor.py:830} INFO - Processing file /opt/airflow/dags/dag_with_cron_expression.py for tasks to queue
[2024-04-22T21:22:06.335+0000] {logging_mixin.py:188} INFO - [2024-04-22T21:22:06.335+0000] {dagbag.py:540} INFO - Filling up the DagBag from /opt/airflow/dags/dag_with_cron_expression.py
[2024-04-22T21:22:06.344+0000] {logging_mixin.py:188} INFO - [2024-04-22T21:22:06.342+0000] {dagbag.py:350} ERROR - Failed to import: /opt/airflow/dags/dag_with_cron_expression.py
Traceback (most recent call last):
  File "/home/airflow/.local/lib/python3.12/site-packages/airflow/models/dagbag.py", line 346, in parse
    loader.exec_module(new_module)
  File "<frozen importlib._bootstrap_external>", line 991, in exec_module
  File "<frozen importlib._bootstrap_external>", line 1129, in get_code
  File "<frozen importlib._bootstrap_external>", line 1059, in source_to_code
  File "<frozen importlib._bootstrap>", line 488, in _call_with_frames_removed
  File "/opt/airflow/dags/dag_with_cron_expression.py", line 13
    default_args=default_args
                 
SyntaxError: invalid syntax. Perhaps you forgot a comma?
[2024-04-22T21:22:06.344+0000] {processor.py:842} WARNING - No viable dags retrieved from /opt/airflow/dags/dag_with_cron_expression.py
[2024-04-22T21:22:06.364+0000] {processor.py:183} INFO - Processing /opt/airflow/dags/dag_with_cron_expression.py took 0.041 seconds
[2024-04-22T21:22:30.782+0000] {processor.py:161} INFO - Started process (PID=2599) to work on /opt/airflow/dags/dag_with_cron_expression.py
[2024-04-22T21:22:30.784+0000] {processor.py:830} INFO - Processing file /opt/airflow/dags/dag_with_cron_expression.py for tasks to queue
[2024-04-22T21:22:30.785+0000] {logging_mixin.py:188} INFO - [2024-04-22T21:22:30.785+0000] {dagbag.py:540} INFO - Filling up the DagBag from /opt/airflow/dags/dag_with_cron_expression.py
[2024-04-22T21:22:30.798+0000] {processor.py:840} INFO - DAG(s) 'dag_with_cron_expression_v01' retrieved from /opt/airflow/dags/dag_with_cron_expression.py
[2024-04-22T21:22:30.926+0000] {logging_mixin.py:188} INFO - [2024-04-22T21:22:30.926+0000] {override.py:1829} INFO - Created Permission View: can read on DAG:dag_with_cron_expression_v01
[2024-04-22T21:22:30.930+0000] {logging_mixin.py:188} INFO - [2024-04-22T21:22:30.929+0000] {override.py:1829} INFO - Created Permission View: can delete on DAG:dag_with_cron_expression_v01
[2024-04-22T21:22:30.931+0000] {logging_mixin.py:188} INFO - [2024-04-22T21:22:30.931+0000] {override.py:1829} INFO - Created Permission View: can edit on DAG:dag_with_cron_expression_v01
[2024-04-22T21:22:30.932+0000] {logging_mixin.py:188} INFO - [2024-04-22T21:22:30.932+0000] {dag.py:3096} INFO - Sync 1 DAGs
[2024-04-22T21:22:30.937+0000] {logging_mixin.py:188} INFO - [2024-04-22T21:22:30.937+0000] {dag.py:3118} INFO - Creating ORM DAG for dag_with_cron_expression_v01
[2024-04-22T21:22:30.943+0000] {logging_mixin.py:188} INFO - [2024-04-22T21:22:30.943+0000] {dag.py:3954} INFO - Setting next_dagrun for dag_with_cron_expression_v01 to 2024-04-22 00:00:00+00:00, run_after=2024-04-23 00:00:00+00:00
[2024-04-22T21:22:30.951+0000] {processor.py:183} INFO - Processing /opt/airflow/dags/dag_with_cron_expression.py took 0.172 seconds
[2024-04-22T21:22:36.867+0000] {processor.py:161} INFO - Started process (PID=2604) to work on /opt/airflow/dags/dag_with_cron_expression.py
[2024-04-22T21:22:36.869+0000] {processor.py:830} INFO - Processing file /opt/airflow/dags/dag_with_cron_expression.py for tasks to queue
[2024-04-22T21:22:36.870+0000] {logging_mixin.py:188} INFO - [2024-04-22T21:22:36.870+0000] {dagbag.py:540} INFO - Filling up the DagBag from /opt/airflow/dags/dag_with_cron_expression.py
[2024-04-22T21:22:36.888+0000] {processor.py:840} INFO - DAG(s) 'dag_with_cron_expression_v01' retrieved from /opt/airflow/dags/dag_with_cron_expression.py
[2024-04-22T21:22:36.899+0000] {logging_mixin.py:188} INFO - [2024-04-22T21:22:36.899+0000] {dag.py:3096} INFO - Sync 1 DAGs
[2024-04-22T21:22:36.914+0000] {logging_mixin.py:188} INFO - [2024-04-22T21:22:36.914+0000] {dag.py:3954} INFO - Setting next_dagrun for dag_with_cron_expression_v01 to 2024-04-22 00:00:00+00:00, run_after=2024-04-23 00:00:00+00:00
[2024-04-22T21:22:36.923+0000] {processor.py:183} INFO - Processing /opt/airflow/dags/dag_with_cron_expression.py took 0.066 seconds
[2024-04-22T21:23:07.418+0000] {processor.py:161} INFO - Started process (PID=2635) to work on /opt/airflow/dags/dag_with_cron_expression.py
[2024-04-22T21:23:07.419+0000] {processor.py:830} INFO - Processing file /opt/airflow/dags/dag_with_cron_expression.py for tasks to queue
[2024-04-22T21:23:07.420+0000] {logging_mixin.py:188} INFO - [2024-04-22T21:23:07.420+0000] {dagbag.py:540} INFO - Filling up the DagBag from /opt/airflow/dags/dag_with_cron_expression.py
[2024-04-22T21:23:07.436+0000] {processor.py:840} INFO - DAG(s) 'dag_with_cron_expression_v01' retrieved from /opt/airflow/dags/dag_with_cron_expression.py
[2024-04-22T21:23:07.476+0000] {logging_mixin.py:188} INFO - [2024-04-22T21:23:07.476+0000] {dag.py:3096} INFO - Sync 1 DAGs
[2024-04-22T21:23:07.494+0000] {logging_mixin.py:188} INFO - [2024-04-22T21:23:07.494+0000] {dag.py:3954} INFO - Setting next_dagrun for dag_with_cron_expression_v01 to 2024-04-22 00:00:00+00:00, run_after=2024-04-23 00:00:00+00:00
[2024-04-22T21:23:07.506+0000] {processor.py:183} INFO - Processing /opt/airflow/dags/dag_with_cron_expression.py took 0.096 seconds
[2024-04-22T21:23:13.501+0000] {processor.py:161} INFO - Started process (PID=2640) to work on /opt/airflow/dags/dag_with_cron_expression.py
[2024-04-22T21:23:13.503+0000] {processor.py:830} INFO - Processing file /opt/airflow/dags/dag_with_cron_expression.py for tasks to queue
[2024-04-22T21:23:13.504+0000] {logging_mixin.py:188} INFO - [2024-04-22T21:23:13.503+0000] {dagbag.py:540} INFO - Filling up the DagBag from /opt/airflow/dags/dag_with_cron_expression.py
[2024-04-22T21:23:13.518+0000] {processor.py:840} INFO - DAG(s) 'dag_with_cron_expression_v01' retrieved from /opt/airflow/dags/dag_with_cron_expression.py
[2024-04-22T21:23:13.595+0000] {logging_mixin.py:188} INFO - [2024-04-22T21:23:13.595+0000] {dag.py:3096} INFO - Sync 1 DAGs
[2024-04-22T21:23:13.606+0000] {logging_mixin.py:188} INFO - [2024-04-22T21:23:13.606+0000] {dag.py:3954} INFO - Setting next_dagrun for dag_with_cron_expression_v01 to 2024-04-20 00:00:00+00:00, run_after=2024-04-21 00:00:00+00:00
[2024-04-22T21:23:13.617+0000] {processor.py:183} INFO - Processing /opt/airflow/dags/dag_with_cron_expression.py took 0.122 seconds
[2024-04-22T21:23:44.184+0000] {processor.py:161} INFO - Started process (PID=2677) to work on /opt/airflow/dags/dag_with_cron_expression.py
[2024-04-22T21:23:44.186+0000] {processor.py:830} INFO - Processing file /opt/airflow/dags/dag_with_cron_expression.py for tasks to queue
[2024-04-22T21:23:44.187+0000] {logging_mixin.py:188} INFO - [2024-04-22T21:23:44.187+0000] {dagbag.py:540} INFO - Filling up the DagBag from /opt/airflow/dags/dag_with_cron_expression.py
[2024-04-22T21:23:44.207+0000] {processor.py:840} INFO - DAG(s) 'dag_with_cron_expression_v01' retrieved from /opt/airflow/dags/dag_with_cron_expression.py
[2024-04-22T21:23:44.233+0000] {logging_mixin.py:188} INFO - [2024-04-22T21:23:44.233+0000] {dag.py:3096} INFO - Sync 1 DAGs
[2024-04-22T21:23:44.247+0000] {logging_mixin.py:188} INFO - [2024-04-22T21:23:44.247+0000] {dag.py:3954} INFO - Setting next_dagrun for dag_with_cron_expression_v01 to 2024-04-22 00:00:00+00:00, run_after=2024-04-23 00:00:00+00:00
[2024-04-22T21:23:44.256+0000] {processor.py:183} INFO - Processing /opt/airflow/dags/dag_with_cron_expression.py took 0.088 seconds
[2024-04-22T21:24:07.757+0000] {processor.py:161} INFO - Started process (PID=2708) to work on /opt/airflow/dags/dag_with_cron_expression.py
[2024-04-22T21:24:07.759+0000] {processor.py:830} INFO - Processing file /opt/airflow/dags/dag_with_cron_expression.py for tasks to queue
[2024-04-22T21:24:07.761+0000] {logging_mixin.py:188} INFO - [2024-04-22T21:24:07.760+0000] {dagbag.py:540} INFO - Filling up the DagBag from /opt/airflow/dags/dag_with_cron_expression.py
[2024-04-22T21:24:07.781+0000] {processor.py:840} INFO - DAG(s) 'dag_with_cron_expression_v01' retrieved from /opt/airflow/dags/dag_with_cron_expression.py
[2024-04-22T21:24:07.883+0000] {logging_mixin.py:188} INFO - [2024-04-22T21:24:07.883+0000] {dag.py:3096} INFO - Sync 1 DAGs
[2024-04-22T21:24:07.896+0000] {logging_mixin.py:188} INFO - [2024-04-22T21:24:07.896+0000] {dag.py:3954} INFO - Setting next_dagrun for dag_with_cron_expression_v01 to 2024-04-22 00:00:00+00:00, run_after=2024-04-23 00:00:00+00:00
[2024-04-22T21:24:07.908+0000] {processor.py:183} INFO - Processing /opt/airflow/dags/dag_with_cron_expression.py took 0.159 seconds
[2024-04-22T21:24:33.159+0000] {processor.py:161} INFO - Started process (PID=2739) to work on /opt/airflow/dags/dag_with_cron_expression.py
[2024-04-22T21:24:33.162+0000] {processor.py:830} INFO - Processing file /opt/airflow/dags/dag_with_cron_expression.py for tasks to queue
[2024-04-22T21:24:33.163+0000] {logging_mixin.py:188} INFO - [2024-04-22T21:24:33.163+0000] {dagbag.py:540} INFO - Filling up the DagBag from /opt/airflow/dags/dag_with_cron_expression.py
[2024-04-22T21:24:33.178+0000] {processor.py:840} INFO - DAG(s) 'dag_with_cron_expression_v02' retrieved from /opt/airflow/dags/dag_with_cron_expression.py
[2024-04-22T21:24:33.245+0000] {logging_mixin.py:188} INFO - [2024-04-22T21:24:33.244+0000] {override.py:1829} INFO - Created Permission View: can read on DAG:dag_with_cron_expression_v02
[2024-04-22T21:24:33.249+0000] {logging_mixin.py:188} INFO - [2024-04-22T21:24:33.249+0000] {override.py:1829} INFO - Created Permission View: can delete on DAG:dag_with_cron_expression_v02
[2024-04-22T21:24:33.251+0000] {logging_mixin.py:188} INFO - [2024-04-22T21:24:33.251+0000] {override.py:1829} INFO - Created Permission View: can edit on DAG:dag_with_cron_expression_v02
[2024-04-22T21:24:33.251+0000] {logging_mixin.py:188} INFO - [2024-04-22T21:24:33.251+0000] {dag.py:3096} INFO - Sync 1 DAGs
[2024-04-22T21:24:33.255+0000] {logging_mixin.py:188} INFO - [2024-04-22T21:24:33.255+0000] {dag.py:3118} INFO - Creating ORM DAG for dag_with_cron_expression_v02
[2024-04-22T21:24:33.261+0000] {logging_mixin.py:188} INFO - [2024-04-22T21:24:33.260+0000] {dag.py:3954} INFO - Setting next_dagrun for dag_with_cron_expression_v02 to 2024-04-20 00:00:00+00:00, run_after=2024-04-21 00:00:00+00:00
[2024-04-22T21:24:33.267+0000] {processor.py:183} INFO - Processing /opt/airflow/dags/dag_with_cron_expression.py took 0.114 seconds
[2024-04-22T21:25:03.672+0000] {processor.py:161} INFO - Started process (PID=2775) to work on /opt/airflow/dags/dag_with_cron_expression.py
[2024-04-22T21:25:03.674+0000] {processor.py:830} INFO - Processing file /opt/airflow/dags/dag_with_cron_expression.py for tasks to queue
[2024-04-22T21:25:03.674+0000] {logging_mixin.py:188} INFO - [2024-04-22T21:25:03.674+0000] {dagbag.py:540} INFO - Filling up the DagBag from /opt/airflow/dags/dag_with_cron_expression.py
[2024-04-22T21:25:03.687+0000] {processor.py:840} INFO - DAG(s) 'dag_with_cron_expression_v02' retrieved from /opt/airflow/dags/dag_with_cron_expression.py
[2024-04-22T21:25:03.704+0000] {logging_mixin.py:188} INFO - [2024-04-22T21:25:03.704+0000] {dag.py:3096} INFO - Sync 1 DAGs
[2024-04-22T21:25:03.716+0000] {logging_mixin.py:188} INFO - [2024-04-22T21:25:03.716+0000] {dag.py:3954} INFO - Setting next_dagrun for dag_with_cron_expression_v02 to 2024-04-22 00:00:00+00:00, run_after=2024-04-23 00:00:00+00:00
[2024-04-22T21:25:03.724+0000] {processor.py:183} INFO - Processing /opt/airflow/dags/dag_with_cron_expression.py took 0.057 seconds
[2024-04-22T21:25:34.229+0000] {processor.py:161} INFO - Started process (PID=2806) to work on /opt/airflow/dags/dag_with_cron_expression.py
[2024-04-22T21:25:34.231+0000] {processor.py:830} INFO - Processing file /opt/airflow/dags/dag_with_cron_expression.py for tasks to queue
[2024-04-22T21:25:34.233+0000] {logging_mixin.py:188} INFO - [2024-04-22T21:25:34.232+0000] {dagbag.py:540} INFO - Filling up the DagBag from /opt/airflow/dags/dag_with_cron_expression.py
[2024-04-22T21:25:34.245+0000] {processor.py:840} INFO - DAG(s) 'dag_with_cron_expression_v02' retrieved from /opt/airflow/dags/dag_with_cron_expression.py
[2024-04-22T21:25:34.265+0000] {logging_mixin.py:188} INFO - [2024-04-22T21:25:34.265+0000] {dag.py:3096} INFO - Sync 1 DAGs
[2024-04-22T21:25:34.279+0000] {logging_mixin.py:188} INFO - [2024-04-22T21:25:34.279+0000] {dag.py:3954} INFO - Setting next_dagrun for dag_with_cron_expression_v02 to 2024-04-22 00:00:00+00:00, run_after=2024-04-23 00:00:00+00:00
[2024-04-22T21:25:34.287+0000] {processor.py:183} INFO - Processing /opt/airflow/dags/dag_with_cron_expression.py took 0.066 seconds
[2024-04-22T21:26:04.866+0000] {processor.py:161} INFO - Started process (PID=2836) to work on /opt/airflow/dags/dag_with_cron_expression.py
[2024-04-22T21:26:04.868+0000] {processor.py:830} INFO - Processing file /opt/airflow/dags/dag_with_cron_expression.py for tasks to queue
[2024-04-22T21:26:04.869+0000] {logging_mixin.py:188} INFO - [2024-04-22T21:26:04.868+0000] {dagbag.py:540} INFO - Filling up the DagBag from /opt/airflow/dags/dag_with_cron_expression.py
[2024-04-22T21:26:04.881+0000] {processor.py:840} INFO - DAG(s) 'dag_with_cron_expression_v02' retrieved from /opt/airflow/dags/dag_with_cron_expression.py
[2024-04-22T21:26:04.902+0000] {logging_mixin.py:188} INFO - [2024-04-22T21:26:04.902+0000] {dag.py:3096} INFO - Sync 1 DAGs
[2024-04-22T21:26:04.915+0000] {logging_mixin.py:188} INFO - [2024-04-22T21:26:04.915+0000] {dag.py:3954} INFO - Setting next_dagrun for dag_with_cron_expression_v02 to 2024-04-22 00:00:00+00:00, run_after=2024-04-23 00:00:00+00:00
[2024-04-22T21:26:04.924+0000] {processor.py:183} INFO - Processing /opt/airflow/dags/dag_with_cron_expression.py took 0.067 seconds
[2024-04-22T21:26:35.547+0000] {processor.py:161} INFO - Started process (PID=2867) to work on /opt/airflow/dags/dag_with_cron_expression.py
[2024-04-22T21:26:35.549+0000] {processor.py:830} INFO - Processing file /opt/airflow/dags/dag_with_cron_expression.py for tasks to queue
[2024-04-22T21:26:35.550+0000] {logging_mixin.py:188} INFO - [2024-04-22T21:26:35.550+0000] {dagbag.py:540} INFO - Filling up the DagBag from /opt/airflow/dags/dag_with_cron_expression.py
[2024-04-22T21:26:35.563+0000] {processor.py:840} INFO - DAG(s) 'dag_with_cron_expression_v02' retrieved from /opt/airflow/dags/dag_with_cron_expression.py
[2024-04-22T21:26:35.584+0000] {logging_mixin.py:188} INFO - [2024-04-22T21:26:35.584+0000] {dag.py:3096} INFO - Sync 1 DAGs
[2024-04-22T21:26:35.596+0000] {logging_mixin.py:188} INFO - [2024-04-22T21:26:35.596+0000] {dag.py:3954} INFO - Setting next_dagrun for dag_with_cron_expression_v02 to 2024-04-22 00:00:00+00:00, run_after=2024-04-23 00:00:00+00:00
[2024-04-22T21:26:35.604+0000] {processor.py:183} INFO - Processing /opt/airflow/dags/dag_with_cron_expression.py took 0.066 seconds
[2024-04-22T21:26:39.629+0000] {processor.py:161} INFO - Started process (PID=2872) to work on /opt/airflow/dags/dag_with_cron_expression.py
[2024-04-22T21:26:39.630+0000] {processor.py:830} INFO - Processing file /opt/airflow/dags/dag_with_cron_expression.py for tasks to queue
[2024-04-22T21:26:39.632+0000] {logging_mixin.py:188} INFO - [2024-04-22T21:26:39.631+0000] {dagbag.py:540} INFO - Filling up the DagBag from /opt/airflow/dags/dag_with_cron_expression.py
[2024-04-22T21:26:39.650+0000] {processor.py:840} INFO - DAG(s) 'dag_with_cron_expression_v02' retrieved from /opt/airflow/dags/dag_with_cron_expression.py
[2024-04-22T21:26:39.716+0000] {logging_mixin.py:188} INFO - [2024-04-22T21:26:39.716+0000] {dag.py:3096} INFO - Sync 1 DAGs
[2024-04-22T21:26:39.729+0000] {logging_mixin.py:188} INFO - [2024-04-22T21:26:39.729+0000] {dag.py:3954} INFO - Setting next_dagrun for dag_with_cron_expression_v02 to 2024-04-23 03:00:00+00:00, run_after=2024-04-30 03:00:00+00:00
[2024-04-22T21:26:39.739+0000] {processor.py:183} INFO - Processing /opt/airflow/dags/dag_with_cron_expression.py took 0.122 seconds
[2024-04-22T21:26:53.834+0000] {processor.py:161} INFO - Started process (PID=2877) to work on /opt/airflow/dags/dag_with_cron_expression.py
[2024-04-22T21:26:53.836+0000] {processor.py:830} INFO - Processing file /opt/airflow/dags/dag_with_cron_expression.py for tasks to queue
[2024-04-22T21:26:53.838+0000] {logging_mixin.py:188} INFO - [2024-04-22T21:26:53.837+0000] {dagbag.py:540} INFO - Filling up the DagBag from /opt/airflow/dags/dag_with_cron_expression.py
[2024-04-22T21:26:53.869+0000] {processor.py:840} INFO - DAG(s) 'dag_with_cron_expression_v03' retrieved from /opt/airflow/dags/dag_with_cron_expression.py
[2024-04-22T21:26:53.940+0000] {logging_mixin.py:188} INFO - [2024-04-22T21:26:53.940+0000] {override.py:1829} INFO - Created Permission View: can read on DAG:dag_with_cron_expression_v03
[2024-04-22T21:26:53.944+0000] {logging_mixin.py:188} INFO - [2024-04-22T21:26:53.944+0000] {override.py:1829} INFO - Created Permission View: can delete on DAG:dag_with_cron_expression_v03
[2024-04-22T21:26:53.946+0000] {logging_mixin.py:188} INFO - [2024-04-22T21:26:53.946+0000] {override.py:1829} INFO - Created Permission View: can edit on DAG:dag_with_cron_expression_v03
[2024-04-22T21:26:53.946+0000] {logging_mixin.py:188} INFO - [2024-04-22T21:26:53.946+0000] {dag.py:3096} INFO - Sync 1 DAGs
[2024-04-22T21:26:53.951+0000] {logging_mixin.py:188} INFO - [2024-04-22T21:26:53.951+0000] {dag.py:3118} INFO - Creating ORM DAG for dag_with_cron_expression_v03
[2024-04-22T21:26:53.957+0000] {logging_mixin.py:188} INFO - [2024-04-22T21:26:53.957+0000] {dag.py:3954} INFO - Setting next_dagrun for dag_with_cron_expression_v03 to 2024-04-23 03:00:00+00:00, run_after=2024-04-30 03:00:00+00:00
[2024-04-22T21:26:53.964+0000] {processor.py:183} INFO - Processing /opt/airflow/dags/dag_with_cron_expression.py took 0.138 seconds
[2024-04-22T21:27:24.699+0000] {processor.py:161} INFO - Started process (PID=2908) to work on /opt/airflow/dags/dag_with_cron_expression.py
[2024-04-22T21:27:24.701+0000] {processor.py:830} INFO - Processing file /opt/airflow/dags/dag_with_cron_expression.py for tasks to queue
[2024-04-22T21:27:24.703+0000] {logging_mixin.py:188} INFO - [2024-04-22T21:27:24.702+0000] {dagbag.py:540} INFO - Filling up the DagBag from /opt/airflow/dags/dag_with_cron_expression.py
[2024-04-22T21:27:24.725+0000] {processor.py:840} INFO - DAG(s) 'dag_with_cron_expression_v03' retrieved from /opt/airflow/dags/dag_with_cron_expression.py
[2024-04-22T21:27:24.754+0000] {logging_mixin.py:188} INFO - [2024-04-22T21:27:24.754+0000] {dag.py:3096} INFO - Sync 1 DAGs
[2024-04-22T21:27:24.770+0000] {logging_mixin.py:188} INFO - [2024-04-22T21:27:24.770+0000] {dag.py:3954} INFO - Setting next_dagrun for dag_with_cron_expression_v03 to 2024-04-23 03:00:00+00:00, run_after=2024-04-30 03:00:00+00:00
[2024-04-22T21:27:24.780+0000] {processor.py:183} INFO - Processing /opt/airflow/dags/dag_with_cron_expression.py took 0.094 seconds
[2024-04-22T21:27:55.273+0000] {processor.py:161} INFO - Started process (PID=2939) to work on /opt/airflow/dags/dag_with_cron_expression.py
[2024-04-22T21:27:55.275+0000] {processor.py:830} INFO - Processing file /opt/airflow/dags/dag_with_cron_expression.py for tasks to queue
[2024-04-22T21:27:55.276+0000] {logging_mixin.py:188} INFO - [2024-04-22T21:27:55.276+0000] {dagbag.py:540} INFO - Filling up the DagBag from /opt/airflow/dags/dag_with_cron_expression.py
[2024-04-22T21:27:55.292+0000] {processor.py:840} INFO - DAG(s) 'dag_with_cron_expression_v03' retrieved from /opt/airflow/dags/dag_with_cron_expression.py
[2024-04-22T21:27:55.328+0000] {logging_mixin.py:188} INFO - [2024-04-22T21:27:55.328+0000] {dag.py:3096} INFO - Sync 1 DAGs
[2024-04-22T21:27:55.346+0000] {logging_mixin.py:188} INFO - [2024-04-22T21:27:55.346+0000] {dag.py:3954} INFO - Setting next_dagrun for dag_with_cron_expression_v03 to 2024-04-23 03:00:00+00:00, run_after=2024-04-30 03:00:00+00:00
[2024-04-22T21:27:55.358+0000] {processor.py:183} INFO - Processing /opt/airflow/dags/dag_with_cron_expression.py took 0.095 seconds
[2024-04-22T21:28:25.917+0000] {processor.py:161} INFO - Started process (PID=2969) to work on /opt/airflow/dags/dag_with_cron_expression.py
[2024-04-22T21:28:25.919+0000] {processor.py:830} INFO - Processing file /opt/airflow/dags/dag_with_cron_expression.py for tasks to queue
[2024-04-22T21:28:25.920+0000] {logging_mixin.py:188} INFO - [2024-04-22T21:28:25.919+0000] {dagbag.py:540} INFO - Filling up the DagBag from /opt/airflow/dags/dag_with_cron_expression.py
[2024-04-22T21:28:25.943+0000] {processor.py:840} INFO - DAG(s) 'dag_with_cron_expression_v03' retrieved from /opt/airflow/dags/dag_with_cron_expression.py
[2024-04-22T21:28:25.970+0000] {logging_mixin.py:188} INFO - [2024-04-22T21:28:25.970+0000] {dag.py:3096} INFO - Sync 1 DAGs
[2024-04-22T21:28:25.984+0000] {logging_mixin.py:188} INFO - [2024-04-22T21:28:25.984+0000] {dag.py:3954} INFO - Setting next_dagrun for dag_with_cron_expression_v03 to 2024-04-23 03:00:00+00:00, run_after=2024-04-30 03:00:00+00:00
[2024-04-22T21:28:25.993+0000] {processor.py:183} INFO - Processing /opt/airflow/dags/dag_with_cron_expression.py took 0.089 seconds
[2024-04-22T21:28:39.270+0000] {processor.py:161} INFO - Started process (PID=3000) to work on /opt/airflow/dags/dag_with_cron_expression.py
[2024-04-22T21:28:39.270+0000] {processor.py:830} INFO - Processing file /opt/airflow/dags/dag_with_cron_expression.py for tasks to queue
[2024-04-22T21:28:39.271+0000] {logging_mixin.py:188} INFO - [2024-04-22T21:28:39.271+0000] {dagbag.py:540} INFO - Filling up the DagBag from /opt/airflow/dags/dag_with_cron_expression.py
[2024-04-22T21:28:39.279+0000] {processor.py:840} INFO - DAG(s) 'dag_with_cron_expression_v03' retrieved from /opt/airflow/dags/dag_with_cron_expression.py
[2024-04-22T21:28:39.356+0000] {logging_mixin.py:188} INFO - [2024-04-22T21:28:39.355+0000] {dag.py:3096} INFO - Sync 1 DAGs
[2024-04-22T21:28:39.367+0000] {logging_mixin.py:188} INFO - [2024-04-22T21:28:39.366+0000] {dag.py:3954} INFO - Setting next_dagrun for dag_with_cron_expression_v03 to 2024-04-09 03:00:00+00:00, run_after=2024-04-16 03:00:00+00:00
[2024-04-22T21:28:39.377+0000] {processor.py:183} INFO - Processing /opt/airflow/dags/dag_with_cron_expression.py took 0.111 seconds
[2024-04-22T21:29:09.889+0000] {processor.py:161} INFO - Started process (PID=3034) to work on /opt/airflow/dags/dag_with_cron_expression.py
[2024-04-22T21:29:09.891+0000] {processor.py:830} INFO - Processing file /opt/airflow/dags/dag_with_cron_expression.py for tasks to queue
[2024-04-22T21:29:09.892+0000] {logging_mixin.py:188} INFO - [2024-04-22T21:29:09.892+0000] {dagbag.py:540} INFO - Filling up the DagBag from /opt/airflow/dags/dag_with_cron_expression.py
[2024-04-22T21:29:09.905+0000] {processor.py:840} INFO - DAG(s) 'dag_with_cron_expression_v03' retrieved from /opt/airflow/dags/dag_with_cron_expression.py
[2024-04-22T21:29:09.927+0000] {logging_mixin.py:188} INFO - [2024-04-22T21:29:09.926+0000] {dag.py:3096} INFO - Sync 1 DAGs
[2024-04-22T21:29:09.939+0000] {logging_mixin.py:188} INFO - [2024-04-22T21:29:09.939+0000] {dag.py:3954} INFO - Setting next_dagrun for dag_with_cron_expression_v03 to 2024-04-16 03:00:00+00:00, run_after=2024-04-23 03:00:00+00:00
[2024-04-22T21:29:09.949+0000] {processor.py:183} INFO - Processing /opt/airflow/dags/dag_with_cron_expression.py took 0.069 seconds
[2024-04-22T21:29:40.414+0000] {processor.py:161} INFO - Started process (PID=3064) to work on /opt/airflow/dags/dag_with_cron_expression.py
[2024-04-22T21:29:40.417+0000] {processor.py:830} INFO - Processing file /opt/airflow/dags/dag_with_cron_expression.py for tasks to queue
[2024-04-22T21:29:40.418+0000] {logging_mixin.py:188} INFO - [2024-04-22T21:29:40.417+0000] {dagbag.py:540} INFO - Filling up the DagBag from /opt/airflow/dags/dag_with_cron_expression.py
[2024-04-22T21:29:40.427+0000] {processor.py:840} INFO - DAG(s) 'dag_with_cron_expression_v03' retrieved from /opt/airflow/dags/dag_with_cron_expression.py
[2024-04-22T21:29:40.444+0000] {logging_mixin.py:188} INFO - [2024-04-22T21:29:40.444+0000] {dag.py:3096} INFO - Sync 1 DAGs
[2024-04-22T21:29:40.456+0000] {logging_mixin.py:188} INFO - [2024-04-22T21:29:40.455+0000] {dag.py:3954} INFO - Setting next_dagrun for dag_with_cron_expression_v03 to 2024-04-16 03:00:00+00:00, run_after=2024-04-23 03:00:00+00:00
[2024-04-22T21:29:40.463+0000] {processor.py:183} INFO - Processing /opt/airflow/dags/dag_with_cron_expression.py took 0.055 seconds
[2024-04-22T21:30:10.887+0000] {processor.py:161} INFO - Started process (PID=3095) to work on /opt/airflow/dags/dag_with_cron_expression.py
[2024-04-22T21:30:10.890+0000] {processor.py:830} INFO - Processing file /opt/airflow/dags/dag_with_cron_expression.py for tasks to queue
[2024-04-22T21:30:10.892+0000] {logging_mixin.py:188} INFO - [2024-04-22T21:30:10.891+0000] {dagbag.py:540} INFO - Filling up the DagBag from /opt/airflow/dags/dag_with_cron_expression.py
[2024-04-22T21:30:10.903+0000] {processor.py:840} INFO - DAG(s) 'dag_with_cron_expression_v03' retrieved from /opt/airflow/dags/dag_with_cron_expression.py
[2024-04-22T21:30:10.922+0000] {logging_mixin.py:188} INFO - [2024-04-22T21:30:10.922+0000] {dag.py:3096} INFO - Sync 1 DAGs
[2024-04-22T21:30:10.934+0000] {logging_mixin.py:188} INFO - [2024-04-22T21:30:10.934+0000] {dag.py:3954} INFO - Setting next_dagrun for dag_with_cron_expression_v03 to 2024-04-16 03:00:00+00:00, run_after=2024-04-23 03:00:00+00:00
[2024-04-22T21:30:10.942+0000] {processor.py:183} INFO - Processing /opt/airflow/dags/dag_with_cron_expression.py took 0.063 seconds
[2024-04-22T21:30:41.418+0000] {processor.py:161} INFO - Started process (PID=3126) to work on /opt/airflow/dags/dag_with_cron_expression.py
[2024-04-22T21:30:41.422+0000] {processor.py:830} INFO - Processing file /opt/airflow/dags/dag_with_cron_expression.py for tasks to queue
[2024-04-22T21:30:41.423+0000] {logging_mixin.py:188} INFO - [2024-04-22T21:30:41.423+0000] {dagbag.py:540} INFO - Filling up the DagBag from /opt/airflow/dags/dag_with_cron_expression.py
[2024-04-22T21:30:41.434+0000] {processor.py:840} INFO - DAG(s) 'dag_with_cron_expression_v03' retrieved from /opt/airflow/dags/dag_with_cron_expression.py
[2024-04-22T21:30:41.455+0000] {logging_mixin.py:188} INFO - [2024-04-22T21:30:41.455+0000] {dag.py:3096} INFO - Sync 1 DAGs
[2024-04-22T21:30:41.469+0000] {logging_mixin.py:188} INFO - [2024-04-22T21:30:41.469+0000] {dag.py:3954} INFO - Setting next_dagrun for dag_with_cron_expression_v03 to 2024-04-16 03:00:00+00:00, run_after=2024-04-23 03:00:00+00:00
[2024-04-22T21:30:41.479+0000] {processor.py:183} INFO - Processing /opt/airflow/dags/dag_with_cron_expression.py took 0.069 seconds
[2024-04-22T21:31:11.973+0000] {processor.py:161} INFO - Started process (PID=3157) to work on /opt/airflow/dags/dag_with_cron_expression.py
[2024-04-22T21:31:11.974+0000] {processor.py:830} INFO - Processing file /opt/airflow/dags/dag_with_cron_expression.py for tasks to queue
[2024-04-22T21:31:11.975+0000] {logging_mixin.py:188} INFO - [2024-04-22T21:31:11.975+0000] {dagbag.py:540} INFO - Filling up the DagBag from /opt/airflow/dags/dag_with_cron_expression.py
[2024-04-22T21:31:11.989+0000] {processor.py:840} INFO - DAG(s) 'dag_with_cron_expression_v03' retrieved from /opt/airflow/dags/dag_with_cron_expression.py
[2024-04-22T21:31:12.010+0000] {logging_mixin.py:188} INFO - [2024-04-22T21:31:12.010+0000] {dag.py:3096} INFO - Sync 1 DAGs
[2024-04-22T21:31:12.023+0000] {logging_mixin.py:188} INFO - [2024-04-22T21:31:12.023+0000] {dag.py:3954} INFO - Setting next_dagrun for dag_with_cron_expression_v03 to 2024-04-16 03:00:00+00:00, run_after=2024-04-23 03:00:00+00:00
[2024-04-22T21:31:12.033+0000] {processor.py:183} INFO - Processing /opt/airflow/dags/dag_with_cron_expression.py took 0.067 seconds
[2024-04-22T21:31:42.595+0000] {processor.py:161} INFO - Started process (PID=3188) to work on /opt/airflow/dags/dag_with_cron_expression.py
[2024-04-22T21:31:42.599+0000] {processor.py:830} INFO - Processing file /opt/airflow/dags/dag_with_cron_expression.py for tasks to queue
[2024-04-22T21:31:42.600+0000] {logging_mixin.py:188} INFO - [2024-04-22T21:31:42.600+0000] {dagbag.py:540} INFO - Filling up the DagBag from /opt/airflow/dags/dag_with_cron_expression.py
[2024-04-22T21:31:42.612+0000] {processor.py:840} INFO - DAG(s) 'dag_with_cron_expression_v03' retrieved from /opt/airflow/dags/dag_with_cron_expression.py
[2024-04-22T21:31:42.636+0000] {logging_mixin.py:188} INFO - [2024-04-22T21:31:42.636+0000] {dag.py:3096} INFO - Sync 1 DAGs
[2024-04-22T21:31:42.647+0000] {logging_mixin.py:188} INFO - [2024-04-22T21:31:42.647+0000] {dag.py:3954} INFO - Setting next_dagrun for dag_with_cron_expression_v03 to 2024-04-16 03:00:00+00:00, run_after=2024-04-23 03:00:00+00:00
[2024-04-22T21:31:42.654+0000] {processor.py:183} INFO - Processing /opt/airflow/dags/dag_with_cron_expression.py took 0.071 seconds
[2024-04-22T21:32:13.099+0000] {processor.py:161} INFO - Started process (PID=3219) to work on /opt/airflow/dags/dag_with_cron_expression.py
[2024-04-22T21:32:13.102+0000] {processor.py:830} INFO - Processing file /opt/airflow/dags/dag_with_cron_expression.py for tasks to queue
[2024-04-22T21:32:13.103+0000] {logging_mixin.py:188} INFO - [2024-04-22T21:32:13.102+0000] {dagbag.py:540} INFO - Filling up the DagBag from /opt/airflow/dags/dag_with_cron_expression.py
[2024-04-22T21:32:13.112+0000] {processor.py:840} INFO - DAG(s) 'dag_with_cron_expression_v03' retrieved from /opt/airflow/dags/dag_with_cron_expression.py
[2024-04-22T21:32:13.133+0000] {logging_mixin.py:188} INFO - [2024-04-22T21:32:13.133+0000] {dag.py:3096} INFO - Sync 1 DAGs
[2024-04-22T21:32:13.147+0000] {logging_mixin.py:188} INFO - [2024-04-22T21:32:13.147+0000] {dag.py:3954} INFO - Setting next_dagrun for dag_with_cron_expression_v03 to 2024-04-16 03:00:00+00:00, run_after=2024-04-23 03:00:00+00:00
[2024-04-22T21:32:13.158+0000] {processor.py:183} INFO - Processing /opt/airflow/dags/dag_with_cron_expression.py took 0.067 seconds
[2024-04-22T21:32:43.603+0000] {processor.py:161} INFO - Started process (PID=3250) to work on /opt/airflow/dags/dag_with_cron_expression.py
[2024-04-22T21:32:43.607+0000] {processor.py:830} INFO - Processing file /opt/airflow/dags/dag_with_cron_expression.py for tasks to queue
[2024-04-22T21:32:43.608+0000] {logging_mixin.py:188} INFO - [2024-04-22T21:32:43.608+0000] {dagbag.py:540} INFO - Filling up the DagBag from /opt/airflow/dags/dag_with_cron_expression.py
[2024-04-22T21:32:43.620+0000] {processor.py:840} INFO - DAG(s) 'dag_with_cron_expression_v03' retrieved from /opt/airflow/dags/dag_with_cron_expression.py
[2024-04-22T21:32:43.639+0000] {logging_mixin.py:188} INFO - [2024-04-22T21:32:43.639+0000] {dag.py:3096} INFO - Sync 1 DAGs
[2024-04-22T21:32:43.651+0000] {logging_mixin.py:188} INFO - [2024-04-22T21:32:43.651+0000] {dag.py:3954} INFO - Setting next_dagrun for dag_with_cron_expression_v03 to 2024-04-16 03:00:00+00:00, run_after=2024-04-23 03:00:00+00:00
[2024-04-22T21:32:43.659+0000] {processor.py:183} INFO - Processing /opt/airflow/dags/dag_with_cron_expression.py took 0.065 seconds
[2024-04-22T21:33:14.069+0000] {processor.py:161} INFO - Started process (PID=3281) to work on /opt/airflow/dags/dag_with_cron_expression.py
[2024-04-22T21:33:14.070+0000] {processor.py:830} INFO - Processing file /opt/airflow/dags/dag_with_cron_expression.py for tasks to queue
[2024-04-22T21:33:14.072+0000] {logging_mixin.py:188} INFO - [2024-04-22T21:33:14.071+0000] {dagbag.py:540} INFO - Filling up the DagBag from /opt/airflow/dags/dag_with_cron_expression.py
[2024-04-22T21:33:14.085+0000] {processor.py:840} INFO - DAG(s) 'dag_with_cron_expression_v03' retrieved from /opt/airflow/dags/dag_with_cron_expression.py
[2024-04-22T21:33:14.104+0000] {logging_mixin.py:188} INFO - [2024-04-22T21:33:14.104+0000] {dag.py:3096} INFO - Sync 1 DAGs
[2024-04-22T21:33:14.115+0000] {logging_mixin.py:188} INFO - [2024-04-22T21:33:14.115+0000] {dag.py:3954} INFO - Setting next_dagrun for dag_with_cron_expression_v03 to 2024-04-16 03:00:00+00:00, run_after=2024-04-23 03:00:00+00:00
[2024-04-22T21:33:14.123+0000] {processor.py:183} INFO - Processing /opt/airflow/dags/dag_with_cron_expression.py took 0.064 seconds
[2024-04-22T21:33:31.246+0000] {processor.py:161} INFO - Started process (PID=3292) to work on /opt/airflow/dags/dag_with_cron_expression.py
[2024-04-22T21:33:31.247+0000] {processor.py:830} INFO - Processing file /opt/airflow/dags/dag_with_cron_expression.py for tasks to queue
[2024-04-22T21:33:31.248+0000] {logging_mixin.py:188} INFO - [2024-04-22T21:33:31.248+0000] {dagbag.py:540} INFO - Filling up the DagBag from /opt/airflow/dags/dag_with_cron_expression.py
[2024-04-22T21:33:31.258+0000] {processor.py:840} INFO - DAG(s) 'dag_with_cron_expression_v04' retrieved from /opt/airflow/dags/dag_with_cron_expression.py
[2024-04-22T21:33:31.350+0000] {logging_mixin.py:188} INFO - [2024-04-22T21:33:31.349+0000] {override.py:1829} INFO - Created Permission View: can read on DAG:dag_with_cron_expression_v04
[2024-04-22T21:33:31.354+0000] {logging_mixin.py:188} INFO - [2024-04-22T21:33:31.354+0000] {override.py:1829} INFO - Created Permission View: can delete on DAG:dag_with_cron_expression_v04
[2024-04-22T21:33:31.356+0000] {logging_mixin.py:188} INFO - [2024-04-22T21:33:31.356+0000] {override.py:1829} INFO - Created Permission View: can edit on DAG:dag_with_cron_expression_v04
[2024-04-22T21:33:31.356+0000] {logging_mixin.py:188} INFO - [2024-04-22T21:33:31.356+0000] {dag.py:3096} INFO - Sync 1 DAGs
[2024-04-22T21:33:31.361+0000] {logging_mixin.py:188} INFO - [2024-04-22T21:33:31.361+0000] {dag.py:3118} INFO - Creating ORM DAG for dag_with_cron_expression_v04
[2024-04-22T21:33:31.366+0000] {logging_mixin.py:188} INFO - [2024-04-22T21:33:31.366+0000] {dag.py:3954} INFO - Setting next_dagrun for dag_with_cron_expression_v04 to 2024-04-09 03:00:00+00:00, run_after=2024-04-10 03:00:00+00:00
[2024-04-22T21:33:31.374+0000] {processor.py:183} INFO - Processing /opt/airflow/dags/dag_with_cron_expression.py took 0.133 seconds
[2024-04-22T21:34:01.710+0000] {processor.py:161} INFO - Started process (PID=3344) to work on /opt/airflow/dags/dag_with_cron_expression.py
[2024-04-22T21:34:01.713+0000] {processor.py:830} INFO - Processing file /opt/airflow/dags/dag_with_cron_expression.py for tasks to queue
[2024-04-22T21:34:01.714+0000] {logging_mixin.py:188} INFO - [2024-04-22T21:34:01.714+0000] {dagbag.py:540} INFO - Filling up the DagBag from /opt/airflow/dags/dag_with_cron_expression.py
[2024-04-22T21:34:01.745+0000] {processor.py:840} INFO - DAG(s) 'dag_with_cron_expression_v04' retrieved from /opt/airflow/dags/dag_with_cron_expression.py
[2024-04-22T21:34:01.767+0000] {logging_mixin.py:188} INFO - [2024-04-22T21:34:01.767+0000] {dag.py:3096} INFO - Sync 1 DAGs
[2024-04-22T21:34:01.780+0000] {logging_mixin.py:188} INFO - [2024-04-22T21:34:01.780+0000] {dag.py:3954} INFO - Setting next_dagrun for dag_with_cron_expression_v04 to 2024-04-19 03:00:00+00:00, run_after=2024-04-23 03:00:00+00:00
[2024-04-22T21:34:01.789+0000] {processor.py:183} INFO - Processing /opt/airflow/dags/dag_with_cron_expression.py took 0.088 seconds
[2024-04-22T21:34:32.269+0000] {processor.py:161} INFO - Started process (PID=3375) to work on /opt/airflow/dags/dag_with_cron_expression.py
[2024-04-22T21:34:32.272+0000] {processor.py:830} INFO - Processing file /opt/airflow/dags/dag_with_cron_expression.py for tasks to queue
[2024-04-22T21:34:32.273+0000] {logging_mixin.py:188} INFO - [2024-04-22T21:34:32.273+0000] {dagbag.py:540} INFO - Filling up the DagBag from /opt/airflow/dags/dag_with_cron_expression.py
[2024-04-22T21:34:32.289+0000] {processor.py:840} INFO - DAG(s) 'dag_with_cron_expression_v04' retrieved from /opt/airflow/dags/dag_with_cron_expression.py
[2024-04-22T21:34:32.310+0000] {logging_mixin.py:188} INFO - [2024-04-22T21:34:32.310+0000] {dag.py:3096} INFO - Sync 1 DAGs
[2024-04-22T21:34:32.322+0000] {logging_mixin.py:188} INFO - [2024-04-22T21:34:32.322+0000] {dag.py:3954} INFO - Setting next_dagrun for dag_with_cron_expression_v04 to 2024-04-19 03:00:00+00:00, run_after=2024-04-23 03:00:00+00:00
[2024-04-22T21:34:32.331+0000] {processor.py:183} INFO - Processing /opt/airflow/dags/dag_with_cron_expression.py took 0.071 seconds
[2024-04-22T21:35:02.787+0000] {processor.py:161} INFO - Started process (PID=3406) to work on /opt/airflow/dags/dag_with_cron_expression.py
[2024-04-22T21:35:02.789+0000] {processor.py:830} INFO - Processing file /opt/airflow/dags/dag_with_cron_expression.py for tasks to queue
[2024-04-22T21:35:02.790+0000] {logging_mixin.py:188} INFO - [2024-04-22T21:35:02.789+0000] {dagbag.py:540} INFO - Filling up the DagBag from /opt/airflow/dags/dag_with_cron_expression.py
[2024-04-22T21:35:02.807+0000] {processor.py:840} INFO - DAG(s) 'dag_with_cron_expression_v04' retrieved from /opt/airflow/dags/dag_with_cron_expression.py
[2024-04-22T21:35:02.830+0000] {logging_mixin.py:188} INFO - [2024-04-22T21:35:02.830+0000] {dag.py:3096} INFO - Sync 1 DAGs
[2024-04-22T21:35:02.841+0000] {logging_mixin.py:188} INFO - [2024-04-22T21:35:02.841+0000] {dag.py:3954} INFO - Setting next_dagrun for dag_with_cron_expression_v04 to 2024-04-19 03:00:00+00:00, run_after=2024-04-23 03:00:00+00:00
[2024-04-22T21:35:02.850+0000] {processor.py:183} INFO - Processing /opt/airflow/dags/dag_with_cron_expression.py took 0.072 seconds
[2024-04-22T21:35:33.348+0000] {processor.py:161} INFO - Started process (PID=3437) to work on /opt/airflow/dags/dag_with_cron_expression.py
[2024-04-22T21:35:33.349+0000] {processor.py:830} INFO - Processing file /opt/airflow/dags/dag_with_cron_expression.py for tasks to queue
[2024-04-22T21:35:33.352+0000] {logging_mixin.py:188} INFO - [2024-04-22T21:35:33.350+0000] {dagbag.py:540} INFO - Filling up the DagBag from /opt/airflow/dags/dag_with_cron_expression.py
[2024-04-22T21:35:33.368+0000] {processor.py:840} INFO - DAG(s) 'dag_with_cron_expression_v04' retrieved from /opt/airflow/dags/dag_with_cron_expression.py
[2024-04-22T21:35:33.389+0000] {logging_mixin.py:188} INFO - [2024-04-22T21:35:33.389+0000] {dag.py:3096} INFO - Sync 1 DAGs
[2024-04-22T21:35:33.401+0000] {logging_mixin.py:188} INFO - [2024-04-22T21:35:33.401+0000] {dag.py:3954} INFO - Setting next_dagrun for dag_with_cron_expression_v04 to 2024-04-19 03:00:00+00:00, run_after=2024-04-23 03:00:00+00:00
[2024-04-22T21:35:33.409+0000] {processor.py:183} INFO - Processing /opt/airflow/dags/dag_with_cron_expression.py took 0.070 seconds
[2024-04-22T21:36:03.845+0000] {processor.py:161} INFO - Started process (PID=3468) to work on /opt/airflow/dags/dag_with_cron_expression.py
[2024-04-22T21:36:03.847+0000] {processor.py:830} INFO - Processing file /opt/airflow/dags/dag_with_cron_expression.py for tasks to queue
[2024-04-22T21:36:03.849+0000] {logging_mixin.py:188} INFO - [2024-04-22T21:36:03.848+0000] {dagbag.py:540} INFO - Filling up the DagBag from /opt/airflow/dags/dag_with_cron_expression.py
[2024-04-22T21:36:03.863+0000] {processor.py:840} INFO - DAG(s) 'dag_with_cron_expression_v04' retrieved from /opt/airflow/dags/dag_with_cron_expression.py
[2024-04-22T21:36:03.884+0000] {logging_mixin.py:188} INFO - [2024-04-22T21:36:03.884+0000] {dag.py:3096} INFO - Sync 1 DAGs
[2024-04-22T21:36:03.895+0000] {logging_mixin.py:188} INFO - [2024-04-22T21:36:03.895+0000] {dag.py:3954} INFO - Setting next_dagrun for dag_with_cron_expression_v04 to 2024-04-19 03:00:00+00:00, run_after=2024-04-23 03:00:00+00:00
[2024-04-22T21:36:03.904+0000] {processor.py:183} INFO - Processing /opt/airflow/dags/dag_with_cron_expression.py took 0.067 seconds
[2024-04-22T21:36:34.379+0000] {processor.py:161} INFO - Started process (PID=3499) to work on /opt/airflow/dags/dag_with_cron_expression.py
[2024-04-22T21:36:34.381+0000] {processor.py:830} INFO - Processing file /opt/airflow/dags/dag_with_cron_expression.py for tasks to queue
[2024-04-22T21:36:34.383+0000] {logging_mixin.py:188} INFO - [2024-04-22T21:36:34.382+0000] {dagbag.py:540} INFO - Filling up the DagBag from /opt/airflow/dags/dag_with_cron_expression.py
[2024-04-22T21:36:34.398+0000] {processor.py:840} INFO - DAG(s) 'dag_with_cron_expression_v04' retrieved from /opt/airflow/dags/dag_with_cron_expression.py
[2024-04-22T21:36:34.419+0000] {logging_mixin.py:188} INFO - [2024-04-22T21:36:34.419+0000] {dag.py:3096} INFO - Sync 1 DAGs
[2024-04-22T21:36:34.431+0000] {logging_mixin.py:188} INFO - [2024-04-22T21:36:34.431+0000] {dag.py:3954} INFO - Setting next_dagrun for dag_with_cron_expression_v04 to 2024-04-19 03:00:00+00:00, run_after=2024-04-23 03:00:00+00:00
[2024-04-22T21:36:34.439+0000] {processor.py:183} INFO - Processing /opt/airflow/dags/dag_with_cron_expression.py took 0.070 seconds
[2024-04-22T21:37:04.875+0000] {processor.py:161} INFO - Started process (PID=3530) to work on /opt/airflow/dags/dag_with_cron_expression.py
[2024-04-22T21:37:04.877+0000] {processor.py:830} INFO - Processing file /opt/airflow/dags/dag_with_cron_expression.py for tasks to queue
[2024-04-22T21:37:04.878+0000] {logging_mixin.py:188} INFO - [2024-04-22T21:37:04.878+0000] {dagbag.py:540} INFO - Filling up the DagBag from /opt/airflow/dags/dag_with_cron_expression.py
[2024-04-22T21:37:04.893+0000] {processor.py:840} INFO - DAG(s) 'dag_with_cron_expression_v04' retrieved from /opt/airflow/dags/dag_with_cron_expression.py
[2024-04-22T21:37:04.914+0000] {logging_mixin.py:188} INFO - [2024-04-22T21:37:04.914+0000] {dag.py:3096} INFO - Sync 1 DAGs
[2024-04-22T21:37:04.926+0000] {logging_mixin.py:188} INFO - [2024-04-22T21:37:04.926+0000] {dag.py:3954} INFO - Setting next_dagrun for dag_with_cron_expression_v04 to 2024-04-19 03:00:00+00:00, run_after=2024-04-23 03:00:00+00:00
[2024-04-22T21:37:04.934+0000] {processor.py:183} INFO - Processing /opt/airflow/dags/dag_with_cron_expression.py took 0.067 seconds
[2024-04-22T21:37:09.942+0000] {processor.py:161} INFO - Started process (PID=3535) to work on /opt/airflow/dags/dag_with_cron_expression.py
[2024-04-22T21:37:09.944+0000] {processor.py:830} INFO - Processing file /opt/airflow/dags/dag_with_cron_expression.py for tasks to queue
[2024-04-22T21:37:09.945+0000] {logging_mixin.py:188} INFO - [2024-04-22T21:37:09.945+0000] {dagbag.py:540} INFO - Filling up the DagBag from /opt/airflow/dags/dag_with_cron_expression.py
[2024-04-22T21:37:09.964+0000] {processor.py:840} INFO - DAG(s) 'dag_with_cron_expression_v04' retrieved from /opt/airflow/dags/dag_with_cron_expression.py
[2024-04-22T21:37:09.984+0000] {logging_mixin.py:188} INFO - [2024-04-22T21:37:09.984+0000] {dag.py:3096} INFO - Sync 1 DAGs
[2024-04-22T21:37:09.997+0000] {logging_mixin.py:188} INFO - [2024-04-22T21:37:09.997+0000] {dag.py:3954} INFO - Setting next_dagrun for dag_with_cron_expression_v04 to 2024-04-19 03:00:00+00:00, run_after=2024-04-23 03:00:00+00:00
[2024-04-22T21:37:10.005+0000] {processor.py:183} INFO - Processing /opt/airflow/dags/dag_with_cron_expression.py took 0.072 seconds
[2024-04-22T21:37:40.475+0000] {processor.py:161} INFO - Started process (PID=3566) to work on /opt/airflow/dags/dag_with_cron_expression.py
[2024-04-22T21:37:40.477+0000] {processor.py:830} INFO - Processing file /opt/airflow/dags/dag_with_cron_expression.py for tasks to queue
[2024-04-22T21:37:40.479+0000] {logging_mixin.py:188} INFO - [2024-04-22T21:37:40.478+0000] {dagbag.py:540} INFO - Filling up the DagBag from /opt/airflow/dags/dag_with_cron_expression.py
[2024-04-22T21:37:40.495+0000] {processor.py:840} INFO - DAG(s) 'dag_with_cron_expression_v04' retrieved from /opt/airflow/dags/dag_with_cron_expression.py
[2024-04-22T21:37:40.525+0000] {logging_mixin.py:188} INFO - [2024-04-22T21:37:40.525+0000] {dag.py:3096} INFO - Sync 1 DAGs
[2024-04-22T21:37:40.538+0000] {logging_mixin.py:188} INFO - [2024-04-22T21:37:40.538+0000] {dag.py:3954} INFO - Setting next_dagrun for dag_with_cron_expression_v04 to 2024-04-19 03:00:00+00:00, run_after=2024-04-23 03:00:00+00:00
[2024-04-22T21:37:40.547+0000] {processor.py:183} INFO - Processing /opt/airflow/dags/dag_with_cron_expression.py took 0.078 seconds
[2024-04-22T21:38:11.006+0000] {processor.py:161} INFO - Started process (PID=3596) to work on /opt/airflow/dags/dag_with_cron_expression.py
[2024-04-22T21:38:11.009+0000] {processor.py:830} INFO - Processing file /opt/airflow/dags/dag_with_cron_expression.py for tasks to queue
[2024-04-22T21:38:11.010+0000] {logging_mixin.py:188} INFO - [2024-04-22T21:38:11.009+0000] {dagbag.py:540} INFO - Filling up the DagBag from /opt/airflow/dags/dag_with_cron_expression.py
[2024-04-22T21:38:11.026+0000] {processor.py:840} INFO - DAG(s) 'dag_with_cron_expression_v04' retrieved from /opt/airflow/dags/dag_with_cron_expression.py
[2024-04-22T21:38:11.047+0000] {logging_mixin.py:188} INFO - [2024-04-22T21:38:11.047+0000] {dag.py:3096} INFO - Sync 1 DAGs
[2024-04-22T21:38:11.058+0000] {logging_mixin.py:188} INFO - [2024-04-22T21:38:11.058+0000] {dag.py:3954} INFO - Setting next_dagrun for dag_with_cron_expression_v04 to 2024-04-19 03:00:00+00:00, run_after=2024-04-23 03:00:00+00:00
[2024-04-22T21:38:11.066+0000] {processor.py:183} INFO - Processing /opt/airflow/dags/dag_with_cron_expression.py took 0.071 seconds
[2024-04-22T21:38:41.601+0000] {processor.py:161} INFO - Started process (PID=3627) to work on /opt/airflow/dags/dag_with_cron_expression.py
[2024-04-22T21:38:41.604+0000] {processor.py:830} INFO - Processing file /opt/airflow/dags/dag_with_cron_expression.py for tasks to queue
[2024-04-22T21:38:41.606+0000] {logging_mixin.py:188} INFO - [2024-04-22T21:38:41.605+0000] {dagbag.py:540} INFO - Filling up the DagBag from /opt/airflow/dags/dag_with_cron_expression.py
[2024-04-22T21:38:41.622+0000] {processor.py:840} INFO - DAG(s) 'dag_with_cron_expression_v04' retrieved from /opt/airflow/dags/dag_with_cron_expression.py
[2024-04-22T21:38:41.644+0000] {logging_mixin.py:188} INFO - [2024-04-22T21:38:41.644+0000] {dag.py:3096} INFO - Sync 1 DAGs
[2024-04-22T21:38:41.658+0000] {logging_mixin.py:188} INFO - [2024-04-22T21:38:41.658+0000] {dag.py:3954} INFO - Setting next_dagrun for dag_with_cron_expression_v04 to 2024-04-19 03:00:00+00:00, run_after=2024-04-23 03:00:00+00:00
[2024-04-22T21:38:41.668+0000] {processor.py:183} INFO - Processing /opt/airflow/dags/dag_with_cron_expression.py took 0.097 seconds
[2024-04-22T21:39:12.108+0000] {processor.py:161} INFO - Started process (PID=3658) to work on /opt/airflow/dags/dag_with_cron_expression.py
[2024-04-22T21:39:12.110+0000] {processor.py:830} INFO - Processing file /opt/airflow/dags/dag_with_cron_expression.py for tasks to queue
[2024-04-22T21:39:12.112+0000] {logging_mixin.py:188} INFO - [2024-04-22T21:39:12.111+0000] {dagbag.py:540} INFO - Filling up the DagBag from /opt/airflow/dags/dag_with_cron_expression.py
[2024-04-22T21:39:12.128+0000] {processor.py:840} INFO - DAG(s) 'dag_with_cron_expression_v04' retrieved from /opt/airflow/dags/dag_with_cron_expression.py
[2024-04-22T21:39:12.152+0000] {logging_mixin.py:188} INFO - [2024-04-22T21:39:12.152+0000] {dag.py:3096} INFO - Sync 1 DAGs
[2024-04-22T21:39:12.171+0000] {logging_mixin.py:188} INFO - [2024-04-22T21:39:12.171+0000] {dag.py:3954} INFO - Setting next_dagrun for dag_with_cron_expression_v04 to 2024-04-19 03:00:00+00:00, run_after=2024-04-23 03:00:00+00:00
[2024-04-22T21:39:12.180+0000] {processor.py:183} INFO - Processing /opt/airflow/dags/dag_with_cron_expression.py took 0.081 seconds
[2024-04-22T21:39:42.662+0000] {processor.py:161} INFO - Started process (PID=3689) to work on /opt/airflow/dags/dag_with_cron_expression.py
[2024-04-22T21:39:42.664+0000] {processor.py:830} INFO - Processing file /opt/airflow/dags/dag_with_cron_expression.py for tasks to queue
[2024-04-22T21:39:42.665+0000] {logging_mixin.py:188} INFO - [2024-04-22T21:39:42.665+0000] {dagbag.py:540} INFO - Filling up the DagBag from /opt/airflow/dags/dag_with_cron_expression.py
[2024-04-22T21:39:42.682+0000] {processor.py:840} INFO - DAG(s) 'dag_with_cron_expression_v04' retrieved from /opt/airflow/dags/dag_with_cron_expression.py
[2024-04-22T21:39:42.703+0000] {logging_mixin.py:188} INFO - [2024-04-22T21:39:42.703+0000] {dag.py:3096} INFO - Sync 1 DAGs
[2024-04-22T21:39:42.715+0000] {logging_mixin.py:188} INFO - [2024-04-22T21:39:42.715+0000] {dag.py:3954} INFO - Setting next_dagrun for dag_with_cron_expression_v04 to 2024-04-19 03:00:00+00:00, run_after=2024-04-23 03:00:00+00:00
[2024-04-22T21:39:42.723+0000] {processor.py:183} INFO - Processing /opt/airflow/dags/dag_with_cron_expression.py took 0.070 seconds
[2024-04-22T21:40:11.147+0000] {processor.py:161} INFO - Started process (PID=3720) to work on /opt/airflow/dags/dag_with_cron_expression.py
[2024-04-22T21:40:11.149+0000] {processor.py:830} INFO - Processing file /opt/airflow/dags/dag_with_cron_expression.py for tasks to queue
[2024-04-22T21:40:11.150+0000] {logging_mixin.py:188} INFO - [2024-04-22T21:40:11.149+0000] {dagbag.py:540} INFO - Filling up the DagBag from /opt/airflow/dags/dag_with_cron_expression.py
[2024-04-22T21:40:11.166+0000] {processor.py:840} INFO - DAG(s) 'dag_with_cron_expression_v04' retrieved from /opt/airflow/dags/dag_with_cron_expression.py
[2024-04-22T21:40:11.190+0000] {logging_mixin.py:188} INFO - [2024-04-22T21:40:11.190+0000] {dag.py:3096} INFO - Sync 1 DAGs
[2024-04-22T21:40:11.206+0000] {logging_mixin.py:188} INFO - [2024-04-22T21:40:11.206+0000] {dag.py:3954} INFO - Setting next_dagrun for dag_with_cron_expression_v04 to 2024-04-19 03:00:00+00:00, run_after=2024-04-23 03:00:00+00:00
[2024-04-22T21:40:11.217+0000] {processor.py:183} INFO - Processing /opt/airflow/dags/dag_with_cron_expression.py took 0.078 seconds
[2024-04-22T21:40:34.627+0000] {processor.py:161} INFO - Started process (PID=3751) to work on /opt/airflow/dags/dag_with_cron_expression.py
[2024-04-22T21:40:34.630+0000] {processor.py:830} INFO - Processing file /opt/airflow/dags/dag_with_cron_expression.py for tasks to queue
[2024-04-22T21:40:34.632+0000] {logging_mixin.py:188} INFO - [2024-04-22T21:40:34.631+0000] {dagbag.py:540} INFO - Filling up the DagBag from /opt/airflow/dags/dag_with_cron_expression.py
[2024-04-22T21:40:34.651+0000] {processor.py:840} INFO - DAG(s) 'dag_with_cron_expression_v04' retrieved from /opt/airflow/dags/dag_with_cron_expression.py
[2024-04-22T21:40:34.671+0000] {logging_mixin.py:188} INFO - [2024-04-22T21:40:34.671+0000] {dag.py:3096} INFO - Sync 1 DAGs
[2024-04-22T21:40:34.686+0000] {logging_mixin.py:188} INFO - [2024-04-22T21:40:34.686+0000] {dag.py:3954} INFO - Setting next_dagrun for dag_with_cron_expression_v04 to 2024-04-19 03:00:00+00:00, run_after=2024-04-23 03:00:00+00:00
[2024-04-22T21:40:34.697+0000] {processor.py:183} INFO - Processing /opt/airflow/dags/dag_with_cron_expression.py took 0.080 seconds
