[2024-04-20T15:30:11.426+0000] {local_task_job_runner.py:120} INFO - ::group::Pre task execution logs
[2024-04-20T15:30:11.457+0000] {taskinstance.py:2073} INFO - Dependencies all met for dep_context=non-requeueable deps ti=<TaskInstance: our_first_dag.first_task scheduled__2024-02-24T00:00:00+00:00 [queued]>
[2024-04-20T15:30:11.467+0000] {taskinstance.py:2073} INFO - Dependencies all met for dep_context=requeueable deps ti=<TaskInstance: our_first_dag.first_task scheduled__2024-02-24T00:00:00+00:00 [queued]>
[2024-04-20T15:30:11.470+0000] {taskinstance.py:2303} INFO - Starting attempt 1 of 6
[2024-04-20T15:30:11.533+0000] {taskinstance.py:2327} INFO - Executing <Task(BashOperator): first_task> on 2024-02-24 00:00:00+00:00
[2024-04-20T15:30:11.544+0000] {logging_mixin.py:188} WARNING - /home/***/.local/lib/python3.12/site-packages/***/task/task_runner/standard_task_runner.py:61 DeprecationWarning: This process (pid=1258) is multi-threaded, use of fork() may lead to deadlocks in the child.
[2024-04-20T15:30:11.543+0000] {standard_task_runner.py:90} INFO - Running: ['***', 'tasks', 'run', 'our_first_dag', 'first_task', 'scheduled__2024-02-24T00:00:00+00:00', '--job-id', '212', '--raw', '--subdir', 'DAGS_FOLDER/our_first_dag.py', '--cfg-path', '/tmp/tmp3z5mrwky']
[2024-04-20T15:30:11.546+0000] {standard_task_runner.py:91} INFO - Job 212: Subtask first_task
[2024-04-20T15:30:11.546+0000] {standard_task_runner.py:63} INFO - Started process 1267 to run task
[2024-04-20T15:30:11.596+0000] {task_command.py:426} INFO - Running <TaskInstance: our_first_dag.first_task scheduled__2024-02-24T00:00:00+00:00 [running]> on host e87e2f3305bd
[2024-04-20T15:30:11.677+0000] {taskinstance.py:2644} INFO - Exporting env vars: AIRFLOW_CTX_DAG_OWNER='julionevadod' AIRFLOW_CTX_DAG_ID='our_first_dag' AIRFLOW_CTX_TASK_ID='first_task' AIRFLOW_CTX_EXECUTION_DATE='2024-02-24T00:00:00+00:00' AIRFLOW_CTX_TRY_NUMBER='1' AIRFLOW_CTX_DAG_RUN_ID='scheduled__2024-02-24T00:00:00+00:00'
[2024-04-20T15:30:11.679+0000] {taskinstance.py:430} INFO - ::endgroup::
[2024-04-20T15:30:11.693+0000] {subprocess.py:63} INFO - Tmp dir root location: /tmp
[2024-04-20T15:30:11.701+0000] {subprocess.py:75} INFO - Running command: ['/usr/bin/bash', '-c', 'echo hello world, this is the first task!']
[2024-04-20T15:30:11.714+0000] {subprocess.py:86} INFO - Output:
[2024-04-20T15:30:11.717+0000] {subprocess.py:93} INFO - hello world, this is the first task!
[2024-04-20T15:30:11.719+0000] {subprocess.py:97} INFO - Command exited with return code 0
[2024-04-20T15:30:11.722+0000] {taskinstance.py:441} INFO - ::group::Post task execution logs
[2024-04-20T15:30:11.749+0000] {taskinstance.py:1205} INFO - Marking task as SUCCESS. dag_id=our_first_dag, task_id=first_task, execution_date=20240224T000000, start_date=20240420T153011, end_date=20240420T153011
[2024-04-20T15:30:11.773+0000] {local_task_job_runner.py:240} INFO - Task exited with return code 0
[2024-04-20T15:30:11.785+0000] {taskinstance.py:3482} INFO - 0 downstream tasks scheduled from follow-on schedule check
[2024-04-20T15:30:11.787+0000] {local_task_job_runner.py:222} INFO - ::endgroup::
