[2024-04-20T15:28:55.835+0000] {local_task_job_runner.py:120} INFO - ::group::Pre task execution logs
[2024-04-20T15:28:55.857+0000] {taskinstance.py:2073} INFO - Dependencies all met for dep_context=non-requeueable deps ti=<TaskInstance: our_first_dag.first_task scheduled__2023-09-20T00:00:00+00:00 [queued]>
[2024-04-20T15:28:55.865+0000] {taskinstance.py:2073} INFO - Dependencies all met for dep_context=requeueable deps ti=<TaskInstance: our_first_dag.first_task scheduled__2023-09-20T00:00:00+00:00 [queued]>
[2024-04-20T15:28:55.866+0000] {taskinstance.py:2303} INFO - Starting attempt 1 of 6
[2024-04-20T15:28:55.891+0000] {taskinstance.py:2327} INFO - Executing <Task(BashOperator): first_task> on 2023-09-20 00:00:00+00:00
[2024-04-20T15:28:55.897+0000] {logging_mixin.py:188} WARNING - /home/***/.local/lib/python3.12/site-packages/***/task/task_runner/standard_task_runner.py:61 DeprecationWarning: This process (pid=771) is multi-threaded, use of fork() may lead to deadlocks in the child.
[2024-04-20T15:28:55.898+0000] {standard_task_runner.py:63} INFO - Started process 777 to run task
[2024-04-20T15:28:55.897+0000] {standard_task_runner.py:90} INFO - Running: ['***', 'tasks', 'run', 'our_first_dag', 'first_task', 'scheduled__2023-09-20T00:00:00+00:00', '--job-id', '55', '--raw', '--subdir', 'DAGS_FOLDER/our_first_dag.py', '--cfg-path', '/tmp/tmp9b13c9b0']
[2024-04-20T15:28:55.899+0000] {standard_task_runner.py:91} INFO - Job 55: Subtask first_task
[2024-04-20T15:28:55.933+0000] {task_command.py:426} INFO - Running <TaskInstance: our_first_dag.first_task scheduled__2023-09-20T00:00:00+00:00 [running]> on host e87e2f3305bd
[2024-04-20T15:28:56.009+0000] {taskinstance.py:2644} INFO - Exporting env vars: AIRFLOW_CTX_DAG_OWNER='julionevadod' AIRFLOW_CTX_DAG_ID='our_first_dag' AIRFLOW_CTX_TASK_ID='first_task' AIRFLOW_CTX_EXECUTION_DATE='2023-09-20T00:00:00+00:00' AIRFLOW_CTX_TRY_NUMBER='1' AIRFLOW_CTX_DAG_RUN_ID='scheduled__2023-09-20T00:00:00+00:00'
[2024-04-20T15:28:56.012+0000] {taskinstance.py:430} INFO - ::endgroup::
[2024-04-20T15:28:56.036+0000] {subprocess.py:63} INFO - Tmp dir root location: /tmp
[2024-04-20T15:28:56.037+0000] {subprocess.py:75} INFO - Running command: ['/usr/bin/bash', '-c', 'echo hello world, this is the first task!']
[2024-04-20T15:28:56.051+0000] {subprocess.py:86} INFO - Output:
[2024-04-20T15:28:56.054+0000] {subprocess.py:93} INFO - hello world, this is the first task!
[2024-04-20T15:28:56.055+0000] {subprocess.py:97} INFO - Command exited with return code 0
[2024-04-20T15:28:56.057+0000] {taskinstance.py:441} INFO - ::group::Post task execution logs
[2024-04-20T15:28:56.089+0000] {taskinstance.py:1205} INFO - Marking task as SUCCESS. dag_id=our_first_dag, task_id=first_task, execution_date=20230920T000000, start_date=20240420T152855, end_date=20240420T152856
[2024-04-20T15:28:56.120+0000] {local_task_job_runner.py:240} INFO - Task exited with return code 0
[2024-04-20T15:28:56.135+0000] {taskinstance.py:3482} INFO - 0 downstream tasks scheduled from follow-on schedule check
[2024-04-20T15:28:56.136+0000] {local_task_job_runner.py:222} INFO - ::endgroup::
