[2024-04-20T15:47:44.873+0000] {local_task_job_runner.py:120} INFO - ::group::Pre task execution logs
[2024-04-20T15:47:44.918+0000] {taskinstance.py:2073} INFO - Dependencies all met for dep_context=non-requeueable deps ti=<TaskInstance: our_first_dag_v2.first_task scheduled__2024-04-14T00:00:00+00:00 [queued]>
[2024-04-20T15:47:44.928+0000] {taskinstance.py:2073} INFO - Dependencies all met for dep_context=requeueable deps ti=<TaskInstance: our_first_dag_v2.first_task scheduled__2024-04-14T00:00:00+00:00 [queued]>
[2024-04-20T15:47:44.928+0000] {taskinstance.py:2303} INFO - Starting attempt 1 of 6
[2024-04-20T15:47:44.966+0000] {taskinstance.py:2327} INFO - Executing <Task(BashOperator): first_task> on 2024-04-14 00:00:00+00:00
[2024-04-20T15:47:45.007+0000] {logging_mixin.py:188} WARNING - /home/***/.local/lib/python3.12/site-packages/***/task/task_runner/standard_task_runner.py:61 DeprecationWarning: This process (pid=1849) is multi-threaded, use of fork() may lead to deadlocks in the child.
[2024-04-20T15:47:45.016+0000] {standard_task_runner.py:63} INFO - Started process 1855 to run task
[2024-04-20T15:47:45.034+0000] {standard_task_runner.py:90} INFO - Running: ['***', 'tasks', 'run', 'our_first_dag_v2', 'first_task', 'scheduled__2024-04-14T00:00:00+00:00', '--job-id', '271', '--raw', '--subdir', 'DAGS_FOLDER/our_first_dag.py', '--cfg-path', '/tmp/tmp0gw17uem']
[2024-04-20T15:47:45.046+0000] {standard_task_runner.py:91} INFO - Job 271: Subtask first_task
[2024-04-20T15:47:45.225+0000] {task_command.py:426} INFO - Running <TaskInstance: our_first_dag_v2.first_task scheduled__2024-04-14T00:00:00+00:00 [running]> on host e87e2f3305bd
[2024-04-20T15:47:45.412+0000] {taskinstance.py:2644} INFO - Exporting env vars: AIRFLOW_CTX_DAG_OWNER='julionevadod' AIRFLOW_CTX_DAG_ID='our_first_dag_v2' AIRFLOW_CTX_TASK_ID='first_task' AIRFLOW_CTX_EXECUTION_DATE='2024-04-14T00:00:00+00:00' AIRFLOW_CTX_TRY_NUMBER='1' AIRFLOW_CTX_DAG_RUN_ID='scheduled__2024-04-14T00:00:00+00:00'
[2024-04-20T15:47:45.414+0000] {taskinstance.py:430} INFO - ::endgroup::
[2024-04-20T15:47:45.493+0000] {subprocess.py:63} INFO - Tmp dir root location: /tmp
[2024-04-20T15:47:45.510+0000] {subprocess.py:75} INFO - Running command: ['/usr/bin/bash', '-c', 'echo hello world, this is the first task!']
[2024-04-20T15:47:45.560+0000] {subprocess.py:86} INFO - Output:
[2024-04-20T15:47:45.573+0000] {subprocess.py:93} INFO - hello world, this is the first task!
[2024-04-20T15:47:45.574+0000] {subprocess.py:97} INFO - Command exited with return code 0
[2024-04-20T15:47:45.591+0000] {taskinstance.py:441} INFO - ::group::Post task execution logs
[2024-04-20T15:47:45.654+0000] {taskinstance.py:1205} INFO - Marking task as SUCCESS. dag_id=our_first_dag_v2, task_id=first_task, execution_date=20240414T000000, start_date=20240420T154744, end_date=20240420T154745
[2024-04-20T15:47:45.720+0000] {local_task_job_runner.py:240} INFO - Task exited with return code 0
[2024-04-20T15:47:45.807+0000] {taskinstance.py:3482} INFO - 1 downstream tasks scheduled from follow-on schedule check
[2024-04-20T15:47:45.812+0000] {local_task_job_runner.py:222} INFO - ::endgroup::
