[2024-04-20T16:39:39.172+0000] {local_task_job_runner.py:120} INFO - ::group::Pre task execution logs
[2024-04-20T16:39:39.189+0000] {taskinstance.py:2073} INFO - Dependencies all met for dep_context=non-requeueable deps ti=<TaskInstance: our_dag_with_python_operator_v02.greet scheduled__2024-04-20T00:00:00+00:00 [queued]>
[2024-04-20T16:39:39.194+0000] {taskinstance.py:2073} INFO - Dependencies all met for dep_context=requeueable deps ti=<TaskInstance: our_dag_with_python_operator_v02.greet scheduled__2024-04-20T00:00:00+00:00 [queued]>
[2024-04-20T16:39:39.194+0000] {taskinstance.py:2303} INFO - Starting attempt 1 of 6
[2024-04-20T16:39:39.201+0000] {taskinstance.py:2327} INFO - Executing <Task(PythonOperator): greet> on 2024-04-20 00:00:00+00:00
[2024-04-20T16:39:39.205+0000] {logging_mixin.py:188} WARNING - /home/***/.local/lib/python3.12/site-packages/***/task/task_runner/standard_task_runner.py:61 DeprecationWarning: This process (pid=3408) is multi-threaded, use of fork() may lead to deadlocks in the child.
[2024-04-20T16:39:39.206+0000] {standard_task_runner.py:63} INFO - Started process 3409 to run task
[2024-04-20T16:39:39.205+0000] {standard_task_runner.py:90} INFO - Running: ['***', 'tasks', 'run', 'our_dag_with_python_operator_v02', 'greet', 'scheduled__2024-04-20T00:00:00+00:00', '--job-id', '336', '--raw', '--subdir', 'DAGS_FOLDER/create_dag_with_python_operator.py', '--cfg-path', '/tmp/tmpduoyn614']
[2024-04-20T16:39:39.206+0000] {standard_task_runner.py:91} INFO - Job 336: Subtask greet
[2024-04-20T16:39:39.227+0000] {task_command.py:426} INFO - Running <TaskInstance: our_dag_with_python_operator_v02.greet scheduled__2024-04-20T00:00:00+00:00 [running]> on host e87e2f3305bd
[2024-04-20T16:39:39.267+0000] {taskinstance.py:2644} INFO - Exporting env vars: AIRFLOW_CTX_DAG_OWNER='julionevadod' AIRFLOW_CTX_DAG_ID='our_dag_with_python_operator_v02' AIRFLOW_CTX_TASK_ID='greet' AIRFLOW_CTX_EXECUTION_DATE='2024-04-20T00:00:00+00:00' AIRFLOW_CTX_TRY_NUMBER='1' AIRFLOW_CTX_DAG_RUN_ID='scheduled__2024-04-20T00:00:00+00:00'
[2024-04-20T16:39:39.267+0000] {taskinstance.py:430} INFO - ::endgroup::
[2024-04-20T16:39:39.274+0000] {logging_mixin.py:188} INFO - Hello World!
[2024-04-20T16:39:39.274+0000] {python.py:237} INFO - Done. Returned value was: None
[2024-04-20T16:39:39.275+0000] {taskinstance.py:441} INFO - ::group::Post task execution logs
[2024-04-20T16:39:39.279+0000] {taskinstance.py:1205} INFO - Marking task as SUCCESS. dag_id=our_dag_with_python_operator_v02, task_id=greet, execution_date=20240420T000000, start_date=20240420T163939, end_date=20240420T163939
[2024-04-20T16:39:39.310+0000] {local_task_job_runner.py:240} INFO - Task exited with return code 0
[2024-04-20T16:39:39.317+0000] {taskinstance.py:3482} INFO - 0 downstream tasks scheduled from follow-on schedule check
[2024-04-20T16:39:39.318+0000] {local_task_job_runner.py:222} INFO - ::endgroup::
[2024-04-21T00:12:20.229+0000] {local_task_job_runner.py:120} INFO - ::group::Pre task execution logs
[2024-04-21T00:12:20.435+0000] {taskinstance.py:2073} INFO - Dependencies all met for dep_context=non-requeueable deps ti=<TaskInstance: our_dag_with_python_operator_v02.greet scheduled__2024-04-20T00:00:00+00:00 [queued]>
[2024-04-21T00:12:20.470+0000] {taskinstance.py:2073} INFO - Dependencies all met for dep_context=requeueable deps ti=<TaskInstance: our_dag_with_python_operator_v02.greet scheduled__2024-04-20T00:00:00+00:00 [queued]>
[2024-04-21T00:12:20.471+0000] {taskinstance.py:2303} INFO - Starting attempt 1 of 6
[2024-04-21T00:12:20.500+0000] {taskinstance.py:2327} INFO - Executing <Task(PythonOperator): greet> on 2024-04-20 00:00:00+00:00
[2024-04-21T00:12:20.529+0000] {logging_mixin.py:188} WARNING - /home/***/.local/lib/python3.12/site-packages/***/task/task_runner/standard_task_runner.py:61 DeprecationWarning: This process (pid=8299) is multi-threaded, use of fork() may lead to deadlocks in the child.
[2024-04-21T00:12:20.531+0000] {standard_task_runner.py:63} INFO - Started process 8306 to run task
[2024-04-21T00:12:20.523+0000] {standard_task_runner.py:90} INFO - Running: ['***', 'tasks', 'run', 'our_dag_with_python_operator_v02', 'greet', 'scheduled__2024-04-20T00:00:00+00:00', '--job-id', '354', '--raw', '--subdir', 'DAGS_FOLDER/create_dag_with_python_operator.py', '--cfg-path', '/tmp/tmpk4ofx8hp']
[2024-04-21T00:12:20.535+0000] {standard_task_runner.py:91} INFO - Job 354: Subtask greet
[2024-04-21T00:12:20.610+0000] {task_command.py:426} INFO - Running <TaskInstance: our_dag_with_python_operator_v02.greet scheduled__2024-04-20T00:00:00+00:00 [running]> on host e87e2f3305bd
[2024-04-21T00:12:20.700+0000] {taskinstance.py:2644} INFO - Exporting env vars: AIRFLOW_CTX_DAG_OWNER='julionevadod' AIRFLOW_CTX_DAG_ID='our_dag_with_python_operator_v02' AIRFLOW_CTX_TASK_ID='greet' AIRFLOW_CTX_EXECUTION_DATE='2024-04-20T00:00:00+00:00' AIRFLOW_CTX_TRY_NUMBER='1' AIRFLOW_CTX_DAG_RUN_ID='scheduled__2024-04-20T00:00:00+00:00'
[2024-04-21T00:12:20.701+0000] {taskinstance.py:430} INFO - ::endgroup::
[2024-04-21T00:12:20.721+0000] {logging_mixin.py:188} INFO - Hello World! My name is Julio and I am 24 yeasrs old.
[2024-04-21T00:12:20.721+0000] {python.py:237} INFO - Done. Returned value was: None
[2024-04-21T00:12:20.722+0000] {taskinstance.py:441} INFO - ::group::Post task execution logs
[2024-04-21T00:12:20.727+0000] {taskinstance.py:1205} INFO - Marking task as SUCCESS. dag_id=our_dag_with_python_operator_v02, task_id=greet, execution_date=20240420T000000, start_date=20240421T001220, end_date=20240421T001220
[2024-04-21T00:12:20.758+0000] {local_task_job_runner.py:240} INFO - Task exited with return code 0
[2024-04-21T00:12:20.767+0000] {taskinstance.py:3482} INFO - 0 downstream tasks scheduled from follow-on schedule check
[2024-04-21T00:12:20.768+0000] {local_task_job_runner.py:222} INFO - ::endgroup::
