[2024-04-22T17:33:42.535+0000] {local_task_job_runner.py:120} INFO - ::group::Pre task execution logs
[2024-04-22T17:33:42.560+0000] {taskinstance.py:2073} INFO - Dependencies all met for dep_context=non-requeueable deps ti=<TaskInstance: our_dag_with_python_operator_v06.get_age scheduled__2024-04-21T00:00:00+00:00 [queued]>
[2024-04-22T17:33:42.564+0000] {taskinstance.py:2073} INFO - Dependencies all met for dep_context=requeueable deps ti=<TaskInstance: our_dag_with_python_operator_v06.get_age scheduled__2024-04-21T00:00:00+00:00 [queued]>
[2024-04-22T17:33:42.564+0000] {taskinstance.py:2303} INFO - Starting attempt 1 of 6
[2024-04-22T17:33:42.572+0000] {taskinstance.py:2327} INFO - Executing <Task(PythonOperator): get_age> on 2024-04-21 00:00:00+00:00
[2024-04-22T17:33:42.579+0000] {standard_task_runner.py:90} INFO - Running: ['***', 'tasks', 'run', 'our_dag_with_python_operator_v06', 'get_age', 'scheduled__2024-04-21T00:00:00+00:00', '--job-id', '364', '--raw', '--subdir', 'DAGS_FOLDER/create_dag_with_python_operator.py', '--cfg-path', '/tmp/tmpfo_zxsol']
[2024-04-22T17:33:42.584+0000] {logging_mixin.py:188} WARNING - /home/***/.local/lib/python3.12/site-packages/***/task/task_runner/standard_task_runner.py:61 DeprecationWarning: This process (pid=10190) is multi-threaded, use of fork() may lead to deadlocks in the child.
[2024-04-22T17:33:42.589+0000] {standard_task_runner.py:91} INFO - Job 364: Subtask get_age
[2024-04-22T17:33:42.590+0000] {standard_task_runner.py:63} INFO - Started process 10192 to run task
[2024-04-22T17:33:42.635+0000] {task_command.py:426} INFO - Running <TaskInstance: our_dag_with_python_operator_v06.get_age scheduled__2024-04-21T00:00:00+00:00 [running]> on host e87e2f3305bd
[2024-04-22T17:33:42.685+0000] {taskinstance.py:2644} INFO - Exporting env vars: AIRFLOW_CTX_DAG_OWNER='julionevadod' AIRFLOW_CTX_DAG_ID='our_dag_with_python_operator_v06' AIRFLOW_CTX_TASK_ID='get_age' AIRFLOW_CTX_EXECUTION_DATE='2024-04-21T00:00:00+00:00' AIRFLOW_CTX_TRY_NUMBER='1' AIRFLOW_CTX_DAG_RUN_ID='scheduled__2024-04-21T00:00:00+00:00'
[2024-04-22T17:33:42.685+0000] {taskinstance.py:430} INFO - ::endgroup::
[2024-04-22T17:33:42.700+0000] {python.py:237} INFO - Done. Returned value was: None
[2024-04-22T17:33:42.701+0000] {taskinstance.py:441} INFO - ::group::Post task execution logs
[2024-04-22T17:33:42.705+0000] {taskinstance.py:1205} INFO - Marking task as SUCCESS. dag_id=our_dag_with_python_operator_v06, task_id=get_age, execution_date=20240421T000000, start_date=20240422T173342, end_date=20240422T173342
[2024-04-22T17:33:42.738+0000] {local_task_job_runner.py:240} INFO - Task exited with return code 0
[2024-04-22T17:33:42.753+0000] {taskinstance.py:3482} INFO - 0 downstream tasks scheduled from follow-on schedule check
[2024-04-22T17:33:42.754+0000] {local_task_job_runner.py:222} INFO - ::endgroup::
[2024-04-22T17:35:18.192+0000] {local_task_job_runner.py:120} INFO - ::group::Pre task execution logs
[2024-04-22T17:35:18.217+0000] {taskinstance.py:2073} INFO - Dependencies all met for dep_context=non-requeueable deps ti=<TaskInstance: our_dag_with_python_operator_v06.get_age scheduled__2024-04-21T00:00:00+00:00 [queued]>
[2024-04-22T17:35:18.222+0000] {taskinstance.py:2073} INFO - Dependencies all met for dep_context=requeueable deps ti=<TaskInstance: our_dag_with_python_operator_v06.get_age scheduled__2024-04-21T00:00:00+00:00 [queued]>
[2024-04-22T17:35:18.222+0000] {taskinstance.py:2303} INFO - Starting attempt 1 of 6
[2024-04-22T17:35:18.228+0000] {taskinstance.py:2327} INFO - Executing <Task(PythonOperator): get_age> on 2024-04-21 00:00:00+00:00
[2024-04-22T17:35:18.234+0000] {logging_mixin.py:188} WARNING - /home/***/.local/lib/python3.12/site-packages/***/task/task_runner/standard_task_runner.py:61 DeprecationWarning: This process (pid=10249) is multi-threaded, use of fork() may lead to deadlocks in the child.
[2024-04-22T17:35:18.236+0000] {standard_task_runner.py:63} INFO - Started process 10258 to run task
[2024-04-22T17:35:18.237+0000] {standard_task_runner.py:90} INFO - Running: ['***', 'tasks', 'run', 'our_dag_with_python_operator_v06', 'get_age', 'scheduled__2024-04-21T00:00:00+00:00', '--job-id', '367', '--raw', '--subdir', 'DAGS_FOLDER/create_dag_with_python_operator.py', '--cfg-path', '/tmp/tmp9ek6ob5e']
[2024-04-22T17:35:18.239+0000] {standard_task_runner.py:91} INFO - Job 367: Subtask get_age
[2024-04-22T17:35:18.269+0000] {task_command.py:426} INFO - Running <TaskInstance: our_dag_with_python_operator_v06.get_age scheduled__2024-04-21T00:00:00+00:00 [running]> on host e87e2f3305bd
[2024-04-22T17:35:18.324+0000] {taskinstance.py:2644} INFO - Exporting env vars: AIRFLOW_CTX_DAG_OWNER='julionevadod' AIRFLOW_CTX_DAG_ID='our_dag_with_python_operator_v06' AIRFLOW_CTX_TASK_ID='get_age' AIRFLOW_CTX_EXECUTION_DATE='2024-04-21T00:00:00+00:00' AIRFLOW_CTX_TRY_NUMBER='1' AIRFLOW_CTX_DAG_RUN_ID='scheduled__2024-04-21T00:00:00+00:00'
[2024-04-22T17:35:18.325+0000] {taskinstance.py:430} INFO - ::endgroup::
[2024-04-22T17:35:18.340+0000] {python.py:237} INFO - Done. Returned value was: None
[2024-04-22T17:35:18.341+0000] {taskinstance.py:441} INFO - ::group::Post task execution logs
[2024-04-22T17:35:18.345+0000] {taskinstance.py:1205} INFO - Marking task as SUCCESS. dag_id=our_dag_with_python_operator_v06, task_id=get_age, execution_date=20240421T000000, start_date=20240422T173518, end_date=20240422T173518
[2024-04-22T17:35:18.376+0000] {local_task_job_runner.py:240} INFO - Task exited with return code 0
[2024-04-22T17:35:18.391+0000] {taskinstance.py:3482} INFO - 0 downstream tasks scheduled from follow-on schedule check
[2024-04-22T17:35:18.392+0000] {local_task_job_runner.py:222} INFO - ::endgroup::
[2024-04-22T17:36:13.298+0000] {local_task_job_runner.py:120} INFO - ::group::Pre task execution logs
[2024-04-22T17:36:13.327+0000] {taskinstance.py:2073} INFO - Dependencies all met for dep_context=non-requeueable deps ti=<TaskInstance: our_dag_with_python_operator_v06.get_age scheduled__2024-04-21T00:00:00+00:00 [queued]>
[2024-04-22T17:36:13.332+0000] {taskinstance.py:2073} INFO - Dependencies all met for dep_context=requeueable deps ti=<TaskInstance: our_dag_with_python_operator_v06.get_age scheduled__2024-04-21T00:00:00+00:00 [queued]>
[2024-04-22T17:36:13.332+0000] {taskinstance.py:2303} INFO - Starting attempt 1 of 6
[2024-04-22T17:36:13.340+0000] {taskinstance.py:2327} INFO - Executing <Task(PythonOperator): get_age> on 2024-04-21 00:00:00+00:00
[2024-04-22T17:36:13.346+0000] {logging_mixin.py:188} WARNING - /home/***/.local/lib/python3.12/site-packages/***/task/task_runner/standard_task_runner.py:61 DeprecationWarning: This process (pid=10292) is multi-threaded, use of fork() may lead to deadlocks in the child.
[2024-04-22T17:36:13.345+0000] {standard_task_runner.py:90} INFO - Running: ['***', 'tasks', 'run', 'our_dag_with_python_operator_v06', 'get_age', 'scheduled__2024-04-21T00:00:00+00:00', '--job-id', '369', '--raw', '--subdir', 'DAGS_FOLDER/create_dag_with_python_operator.py', '--cfg-path', '/tmp/tmpjhn1whai']
[2024-04-22T17:36:13.347+0000] {standard_task_runner.py:63} INFO - Started process 10294 to run task
[2024-04-22T17:36:13.347+0000] {standard_task_runner.py:91} INFO - Job 369: Subtask get_age
[2024-04-22T17:36:13.377+0000] {task_command.py:426} INFO - Running <TaskInstance: our_dag_with_python_operator_v06.get_age scheduled__2024-04-21T00:00:00+00:00 [running]> on host e87e2f3305bd
[2024-04-22T17:36:13.425+0000] {taskinstance.py:2644} INFO - Exporting env vars: AIRFLOW_CTX_DAG_OWNER='julionevadod' AIRFLOW_CTX_DAG_ID='our_dag_with_python_operator_v06' AIRFLOW_CTX_TASK_ID='get_age' AIRFLOW_CTX_EXECUTION_DATE='2024-04-21T00:00:00+00:00' AIRFLOW_CTX_TRY_NUMBER='1' AIRFLOW_CTX_DAG_RUN_ID='scheduled__2024-04-21T00:00:00+00:00'
[2024-04-22T17:36:13.429+0000] {taskinstance.py:430} INFO - ::endgroup::
[2024-04-22T17:36:13.446+0000] {python.py:237} INFO - Done. Returned value was: None
[2024-04-22T17:36:13.447+0000] {taskinstance.py:441} INFO - ::group::Post task execution logs
[2024-04-22T17:36:13.451+0000] {taskinstance.py:1205} INFO - Marking task as SUCCESS. dag_id=our_dag_with_python_operator_v06, task_id=get_age, execution_date=20240421T000000, start_date=20240422T173613, end_date=20240422T173613
[2024-04-22T17:36:13.485+0000] {local_task_job_runner.py:240} INFO - Task exited with return code 0
[2024-04-22T17:36:13.497+0000] {taskinstance.py:3482} INFO - 1 downstream tasks scheduled from follow-on schedule check
[2024-04-22T17:36:13.498+0000] {local_task_job_runner.py:222} INFO - ::endgroup::
[2024-04-22T17:38:49.262+0000] {local_task_job_runner.py:120} INFO - ::group::Pre task execution logs
[2024-04-22T17:38:49.293+0000] {taskinstance.py:2073} INFO - Dependencies all met for dep_context=non-requeueable deps ti=<TaskInstance: our_dag_with_python_operator_v06.get_age scheduled__2024-04-21T00:00:00+00:00 [queued]>
[2024-04-22T17:38:49.298+0000] {taskinstance.py:2073} INFO - Dependencies all met for dep_context=requeueable deps ti=<TaskInstance: our_dag_with_python_operator_v06.get_age scheduled__2024-04-21T00:00:00+00:00 [queued]>
[2024-04-22T17:38:49.299+0000] {taskinstance.py:2303} INFO - Starting attempt 1 of 6
[2024-04-22T17:38:49.306+0000] {taskinstance.py:2327} INFO - Executing <Task(PythonOperator): get_age> on 2024-04-21 00:00:00+00:00
[2024-04-22T17:38:49.313+0000] {logging_mixin.py:188} WARNING - /home/***/.local/lib/python3.12/site-packages/***/task/task_runner/standard_task_runner.py:61 DeprecationWarning: This process (pid=10390) is multi-threaded, use of fork() may lead to deadlocks in the child.
[2024-04-22T17:38:49.312+0000] {standard_task_runner.py:90} INFO - Running: ['***', 'tasks', 'run', 'our_dag_with_python_operator_v06', 'get_age', 'scheduled__2024-04-21T00:00:00+00:00', '--job-id', '372', '--raw', '--subdir', 'DAGS_FOLDER/create_dag_with_python_operator.py', '--cfg-path', '/tmp/tmpxd3dix6y']
[2024-04-22T17:38:49.314+0000] {standard_task_runner.py:63} INFO - Started process 10391 to run task
[2024-04-22T17:38:49.315+0000] {standard_task_runner.py:91} INFO - Job 372: Subtask get_age
[2024-04-22T17:38:49.342+0000] {task_command.py:426} INFO - Running <TaskInstance: our_dag_with_python_operator_v06.get_age scheduled__2024-04-21T00:00:00+00:00 [running]> on host e87e2f3305bd
[2024-04-22T17:38:49.383+0000] {taskinstance.py:2644} INFO - Exporting env vars: AIRFLOW_CTX_DAG_OWNER='julionevadod' AIRFLOW_CTX_DAG_ID='our_dag_with_python_operator_v06' AIRFLOW_CTX_TASK_ID='get_age' AIRFLOW_CTX_EXECUTION_DATE='2024-04-21T00:00:00+00:00' AIRFLOW_CTX_TRY_NUMBER='1' AIRFLOW_CTX_DAG_RUN_ID='scheduled__2024-04-21T00:00:00+00:00'
[2024-04-22T17:38:49.384+0000] {taskinstance.py:430} INFO - ::endgroup::
[2024-04-22T17:38:49.398+0000] {python.py:237} INFO - Done. Returned value was: None
[2024-04-22T17:38:49.398+0000] {taskinstance.py:441} INFO - ::group::Post task execution logs
[2024-04-22T17:38:49.403+0000] {taskinstance.py:1205} INFO - Marking task as SUCCESS. dag_id=our_dag_with_python_operator_v06, task_id=get_age, execution_date=20240421T000000, start_date=20240422T173849, end_date=20240422T173849
[2024-04-22T17:38:49.456+0000] {local_task_job_runner.py:240} INFO - Task exited with return code 0
[2024-04-22T17:38:49.472+0000] {taskinstance.py:3482} INFO - 0 downstream tasks scheduled from follow-on schedule check
[2024-04-22T17:38:49.472+0000] {local_task_job_runner.py:222} INFO - ::endgroup::
