[2024-04-20T15:29:22.749+0000] {local_task_job_runner.py:120} INFO - ::group::Pre task execution logs
[2024-04-20T15:29:22.776+0000] {taskinstance.py:2073} INFO - Dependencies all met for dep_context=non-requeueable deps ti=<TaskInstance: our_first_dag.first_task scheduled__2023-12-16T00:00:00+00:00 [queued]>
[2024-04-20T15:29:22.783+0000] {taskinstance.py:2073} INFO - Dependencies all met for dep_context=requeueable deps ti=<TaskInstance: our_first_dag.first_task scheduled__2023-12-16T00:00:00+00:00 [queued]>
[2024-04-20T15:29:22.784+0000] {taskinstance.py:2303} INFO - Starting attempt 1 of 6
[2024-04-20T15:29:22.793+0000] {taskinstance.py:2327} INFO - Executing <Task(BashOperator): first_task> on 2023-12-16 00:00:00+00:00
[2024-04-20T15:29:22.799+0000] {logging_mixin.py:188} WARNING - /home/***/.local/lib/python3.12/site-packages/***/task/task_runner/standard_task_runner.py:61 DeprecationWarning: This process (pid=1037) is multi-threaded, use of fork() may lead to deadlocks in the child.
[2024-04-20T15:29:22.800+0000] {standard_task_runner.py:90} INFO - Running: ['***', 'tasks', 'run', 'our_first_dag', 'first_task', 'scheduled__2023-12-16T00:00:00+00:00', '--job-id', '142', '--raw', '--subdir', 'DAGS_FOLDER/our_first_dag.py', '--cfg-path', '/tmp/tmp5q6qytbd']
[2024-04-20T15:29:22.802+0000] {standard_task_runner.py:63} INFO - Started process 1042 to run task
[2024-04-20T15:29:22.803+0000] {standard_task_runner.py:91} INFO - Job 142: Subtask first_task
[2024-04-20T15:29:22.854+0000] {task_command.py:426} INFO - Running <TaskInstance: our_first_dag.first_task scheduled__2023-12-16T00:00:00+00:00 [running]> on host e87e2f3305bd
[2024-04-20T15:29:22.949+0000] {taskinstance.py:2644} INFO - Exporting env vars: AIRFLOW_CTX_DAG_OWNER='julionevadod' AIRFLOW_CTX_DAG_ID='our_first_dag' AIRFLOW_CTX_TASK_ID='first_task' AIRFLOW_CTX_EXECUTION_DATE='2023-12-16T00:00:00+00:00' AIRFLOW_CTX_TRY_NUMBER='1' AIRFLOW_CTX_DAG_RUN_ID='scheduled__2023-12-16T00:00:00+00:00'
[2024-04-20T15:29:22.950+0000] {taskinstance.py:430} INFO - ::endgroup::
[2024-04-20T15:29:22.962+0000] {subprocess.py:63} INFO - Tmp dir root location: /tmp
[2024-04-20T15:29:22.964+0000] {subprocess.py:75} INFO - Running command: ['/usr/bin/bash', '-c', 'echo hello world, this is the first task!']
[2024-04-20T15:29:22.975+0000] {subprocess.py:86} INFO - Output:
[2024-04-20T15:29:22.977+0000] {subprocess.py:93} INFO - hello world, this is the first task!
[2024-04-20T15:29:22.978+0000] {subprocess.py:97} INFO - Command exited with return code 0
[2024-04-20T15:29:22.979+0000] {taskinstance.py:441} INFO - ::group::Post task execution logs
[2024-04-20T15:29:23.004+0000] {taskinstance.py:1205} INFO - Marking task as SUCCESS. dag_id=our_first_dag, task_id=first_task, execution_date=20231216T000000, start_date=20240420T152922, end_date=20240420T152923
[2024-04-20T15:29:23.070+0000] {local_task_job_runner.py:240} INFO - Task exited with return code 0
[2024-04-20T15:29:23.089+0000] {taskinstance.py:3482} INFO - 0 downstream tasks scheduled from follow-on schedule check
[2024-04-20T15:29:23.093+0000] {local_task_job_runner.py:222} INFO - ::endgroup::
