[2024-04-23T21:20:41.686+0000] {local_task_job_runner.py:120} INFO - ::group::Pre task execution logs
[2024-04-23T21:20:41.707+0000] {taskinstance.py:2073} INFO - Dependencies all met for dep_context=non-requeueable deps ti=<TaskInstance: dag_with_postgres_operator_v02.create_postgres_table scheduled__2024-04-21T00:00:00+00:00 [queued]>
[2024-04-23T21:20:41.711+0000] {taskinstance.py:2073} INFO - Dependencies all met for dep_context=requeueable deps ti=<TaskInstance: dag_with_postgres_operator_v02.create_postgres_table scheduled__2024-04-21T00:00:00+00:00 [queued]>
[2024-04-23T21:20:41.712+0000] {taskinstance.py:2303} INFO - Starting attempt 1 of 6
[2024-04-23T21:20:41.717+0000] {taskinstance.py:2327} INFO - Executing <Task(PostgresOperator): create_postgres_table> on 2024-04-21 00:00:00+00:00
[2024-04-23T21:20:41.722+0000] {standard_task_runner.py:90} INFO - Running: ['***', 'tasks', 'run', 'dag_with_postgres_operator_v02', 'create_postgres_table', 'scheduled__2024-04-21T00:00:00+00:00', '--job-id', '418', '--raw', '--subdir', 'DAGS_FOLDER/dag_with_postgres_operator.py', '--cfg-path', '/tmp/tmp2e0js1zg']
[2024-04-23T21:20:41.723+0000] {logging_mixin.py:188} WARNING - /home/***/.local/lib/python3.12/site-packages/***/task/task_runner/standard_task_runner.py:61 DeprecationWarning: This process (pid=4584) is multi-threaded, use of fork() may lead to deadlocks in the child.
[2024-04-23T21:20:41.723+0000] {standard_task_runner.py:91} INFO - Job 418: Subtask create_postgres_table
[2024-04-23T21:20:41.723+0000] {standard_task_runner.py:63} INFO - Started process 4587 to run task
[2024-04-23T21:20:41.746+0000] {task_command.py:426} INFO - Running <TaskInstance: dag_with_postgres_operator_v02.create_postgres_table scheduled__2024-04-21T00:00:00+00:00 [running]> on host e87e2f3305bd
[2024-04-23T21:20:41.782+0000] {taskinstance.py:2644} INFO - Exporting env vars: AIRFLOW_CTX_DAG_OWNER='julionevadod' AIRFLOW_CTX_DAG_ID='dag_with_postgres_operator_v02' AIRFLOW_CTX_TASK_ID='create_postgres_table' AIRFLOW_CTX_EXECUTION_DATE='2024-04-21T00:00:00+00:00' AIRFLOW_CTX_TRY_NUMBER='1' AIRFLOW_CTX_DAG_RUN_ID='scheduled__2024-04-21T00:00:00+00:00'
[2024-04-23T21:20:41.783+0000] {taskinstance.py:430} INFO - ::endgroup::
[2024-04-23T21:20:41.796+0000] {sql.py:276} INFO - Executing: 
            create table if not exists dag_runs (
            dt date,
            dag_id character varying,
            primary key (dt, dag_id)
            )
        
[2024-04-23T21:20:41.801+0000] {base.py:84} INFO - Using connection ID 'postgres_localhost' for task execution.
[2024-04-23T21:20:41.806+0000] {base.py:84} INFO - Using connection ID 'postgres_localhost' for task execution.
[2024-04-23T21:20:41.823+0000] {sql.py:457} INFO - Running statement: 
            create table if not exists dag_runs (
            dt date,
            dag_id character varying,
            primary key (dt, dag_id)
            )
        , parameters: None
[2024-04-23T21:20:41.827+0000] {logging_mixin.py:188} WARNING - /home/***/.local/lib/python3.12/site-packages/***/providers/common/sql/hooks/sql.py:407 AirflowProviderDeprecationWarning: Call to deprecated method _make_common_data_structure. (The `_make_serializable` method is deprecated and support will be removed in a future version of the common.sql provider. Please update the DbApiHook's provider to a version based on common.sql >= 1.9.1.)
[2024-04-23T21:20:41.827+0000] {taskinstance.py:441} INFO - ::group::Post task execution logs
[2024-04-23T21:20:41.832+0000] {taskinstance.py:1205} INFO - Marking task as SUCCESS. dag_id=dag_with_postgres_operator_v02, task_id=create_postgres_table, execution_date=20240421T000000, start_date=20240423T212041, end_date=20240423T212041
[2024-04-23T21:20:41.865+0000] {local_task_job_runner.py:240} INFO - Task exited with return code 0
[2024-04-23T21:20:41.871+0000] {logging_mixin.py:188} WARNING - /home/***/.local/lib/python3.12/site-packages/***/models/baseoperator.py:1296 AirflowProviderDeprecationWarning: Call to deprecated class PostgresOperator. (Please use `***.providers.common.sql.operators.sql.SQLExecuteQueryOperator`.Also, you can provide `hook_params={'schema': <database>}`.)
[2024-04-23T21:20:41.877+0000] {taskinstance.py:3482} INFO - 1 downstream tasks scheduled from follow-on schedule check
[2024-04-23T21:20:41.877+0000] {local_task_job_runner.py:222} INFO - ::endgroup::
[2024-04-23T21:22:40.075+0000] {local_task_job_runner.py:120} INFO - ::group::Pre task execution logs
[2024-04-23T21:22:40.092+0000] {taskinstance.py:2073} INFO - Dependencies all met for dep_context=non-requeueable deps ti=<TaskInstance: dag_with_postgres_operator_v02.create_postgres_table scheduled__2024-04-21T00:00:00+00:00 [queued]>
[2024-04-23T21:22:40.095+0000] {taskinstance.py:2073} INFO - Dependencies all met for dep_context=requeueable deps ti=<TaskInstance: dag_with_postgres_operator_v02.create_postgres_table scheduled__2024-04-21T00:00:00+00:00 [queued]>
[2024-04-23T21:22:40.096+0000] {taskinstance.py:2303} INFO - Starting attempt 1 of 6
[2024-04-23T21:22:40.102+0000] {taskinstance.py:2327} INFO - Executing <Task(PostgresOperator): create_postgres_table> on 2024-04-21 00:00:00+00:00
[2024-04-23T21:22:40.106+0000] {standard_task_runner.py:90} INFO - Running: ['***', 'tasks', 'run', 'dag_with_postgres_operator_v02', 'create_postgres_table', 'scheduled__2024-04-21T00:00:00+00:00', '--job-id', '421', '--raw', '--subdir', 'DAGS_FOLDER/dag_with_postgres_operator.py', '--cfg-path', '/tmp/tmpn6ygpn7c']
[2024-04-23T21:22:40.109+0000] {logging_mixin.py:188} WARNING - /home/***/.local/lib/python3.12/site-packages/***/task/task_runner/standard_task_runner.py:61 DeprecationWarning: This process (pid=4736) is multi-threaded, use of fork() may lead to deadlocks in the child.
[2024-04-23T21:22:40.110+0000] {standard_task_runner.py:91} INFO - Job 421: Subtask create_postgres_table
[2024-04-23T21:22:40.110+0000] {standard_task_runner.py:63} INFO - Started process 4738 to run task
[2024-04-23T21:22:40.147+0000] {task_command.py:426} INFO - Running <TaskInstance: dag_with_postgres_operator_v02.create_postgres_table scheduled__2024-04-21T00:00:00+00:00 [running]> on host e87e2f3305bd
[2024-04-23T21:22:40.203+0000] {taskinstance.py:2644} INFO - Exporting env vars: AIRFLOW_CTX_DAG_OWNER='julionevadod' AIRFLOW_CTX_DAG_ID='dag_with_postgres_operator_v02' AIRFLOW_CTX_TASK_ID='create_postgres_table' AIRFLOW_CTX_EXECUTION_DATE='2024-04-21T00:00:00+00:00' AIRFLOW_CTX_TRY_NUMBER='1' AIRFLOW_CTX_DAG_RUN_ID='scheduled__2024-04-21T00:00:00+00:00'
[2024-04-23T21:22:40.204+0000] {taskinstance.py:430} INFO - ::endgroup::
[2024-04-23T21:22:40.217+0000] {sql.py:276} INFO - Executing: 
            create table if not exists dag_runs (
            dt date,
            dag_id character varying,
            primary key (dt, dag_id)
            )
        
[2024-04-23T21:22:40.222+0000] {base.py:84} INFO - Using connection ID 'postgres_localhost' for task execution.
[2024-04-23T21:22:40.227+0000] {base.py:84} INFO - Using connection ID 'postgres_localhost' for task execution.
[2024-04-23T21:22:40.236+0000] {sql.py:457} INFO - Running statement: 
            create table if not exists dag_runs (
            dt date,
            dag_id character varying,
            primary key (dt, dag_id)
            )
        , parameters: None
[2024-04-23T21:22:40.240+0000] {logging_mixin.py:188} WARNING - /home/***/.local/lib/python3.12/site-packages/***/providers/common/sql/hooks/sql.py:407 AirflowProviderDeprecationWarning: Call to deprecated method _make_common_data_structure. (The `_make_serializable` method is deprecated and support will be removed in a future version of the common.sql provider. Please update the DbApiHook's provider to a version based on common.sql >= 1.9.1.)
[2024-04-23T21:22:40.241+0000] {taskinstance.py:441} INFO - ::group::Post task execution logs
[2024-04-23T21:22:40.245+0000] {taskinstance.py:1205} INFO - Marking task as SUCCESS. dag_id=dag_with_postgres_operator_v02, task_id=create_postgres_table, execution_date=20240421T000000, start_date=20240423T212240, end_date=20240423T212240
[2024-04-23T21:22:40.254+0000] {local_task_job_runner.py:240} INFO - Task exited with return code 0
[2024-04-23T21:22:40.263+0000] {logging_mixin.py:188} WARNING - /home/***/.local/lib/python3.12/site-packages/***/models/baseoperator.py:1296 AirflowProviderDeprecationWarning: Call to deprecated class PostgresOperator. (Please use `***.providers.common.sql.operators.sql.SQLExecuteQueryOperator`.Also, you can provide `hook_params={'schema': <database>}`.)
[2024-04-23T21:22:40.271+0000] {taskinstance.py:3482} INFO - 1 downstream tasks scheduled from follow-on schedule check
[2024-04-23T21:22:40.272+0000] {local_task_job_runner.py:222} INFO - ::endgroup::
[2024-04-23T21:29:56.312+0000] {local_task_job_runner.py:120} INFO - ::group::Pre task execution logs
[2024-04-23T21:29:56.331+0000] {taskinstance.py:2073} INFO - Dependencies all met for dep_context=non-requeueable deps ti=<TaskInstance: dag_with_postgres_operator_v02.create_postgres_table scheduled__2024-04-21T00:00:00+00:00 [queued]>
[2024-04-23T21:29:56.336+0000] {taskinstance.py:2073} INFO - Dependencies all met for dep_context=requeueable deps ti=<TaskInstance: dag_with_postgres_operator_v02.create_postgres_table scheduled__2024-04-21T00:00:00+00:00 [queued]>
[2024-04-23T21:29:56.336+0000] {taskinstance.py:2303} INFO - Starting attempt 1 of 6
[2024-04-23T21:29:56.345+0000] {taskinstance.py:2327} INFO - Executing <Task(PostgresOperator): create_postgres_table> on 2024-04-21 00:00:00+00:00
[2024-04-23T21:29:56.348+0000] {standard_task_runner.py:90} INFO - Running: ['***', 'tasks', 'run', 'dag_with_postgres_operator_v02', 'create_postgres_table', 'scheduled__2024-04-21T00:00:00+00:00', '--job-id', '428', '--raw', '--subdir', 'DAGS_FOLDER/dag_with_postgres_operator.py', '--cfg-path', '/tmp/tmpi6e82rla']
[2024-04-23T21:29:56.349+0000] {logging_mixin.py:188} WARNING - /home/***/.local/lib/python3.12/site-packages/***/task/task_runner/standard_task_runner.py:61 DeprecationWarning: This process (pid=5258) is multi-threaded, use of fork() may lead to deadlocks in the child.
[2024-04-23T21:29:56.350+0000] {standard_task_runner.py:91} INFO - Job 428: Subtask create_postgres_table
[2024-04-23T21:29:56.350+0000] {standard_task_runner.py:63} INFO - Started process 5261 to run task
[2024-04-23T21:29:56.375+0000] {task_command.py:426} INFO - Running <TaskInstance: dag_with_postgres_operator_v02.create_postgres_table scheduled__2024-04-21T00:00:00+00:00 [running]> on host e87e2f3305bd
[2024-04-23T21:29:56.416+0000] {taskinstance.py:2644} INFO - Exporting env vars: AIRFLOW_CTX_DAG_OWNER='julionevadod' AIRFLOW_CTX_DAG_ID='dag_with_postgres_operator_v02' AIRFLOW_CTX_TASK_ID='create_postgres_table' AIRFLOW_CTX_EXECUTION_DATE='2024-04-21T00:00:00+00:00' AIRFLOW_CTX_TRY_NUMBER='1' AIRFLOW_CTX_DAG_RUN_ID='scheduled__2024-04-21T00:00:00+00:00'
[2024-04-23T21:29:56.417+0000] {taskinstance.py:430} INFO - ::endgroup::
[2024-04-23T21:29:56.427+0000] {sql.py:276} INFO - Executing: 
            create table if not exists dag_runs (
            dt date,
            dag_id character varying,
            primary key (dt, dag_id)
            )
        
[2024-04-23T21:29:56.431+0000] {base.py:84} INFO - Using connection ID 'postgres_localhost' for task execution.
[2024-04-23T21:29:56.437+0000] {base.py:84} INFO - Using connection ID 'postgres_localhost' for task execution.
[2024-04-23T21:29:56.444+0000] {sql.py:457} INFO - Running statement: 
            create table if not exists dag_runs (
            dt date,
            dag_id character varying,
            primary key (dt, dag_id)
            )
        , parameters: None
[2024-04-23T21:29:56.449+0000] {logging_mixin.py:188} WARNING - /home/***/.local/lib/python3.12/site-packages/***/providers/common/sql/hooks/sql.py:407 AirflowProviderDeprecationWarning: Call to deprecated method _make_common_data_structure. (The `_make_serializable` method is deprecated and support will be removed in a future version of the common.sql provider. Please update the DbApiHook's provider to a version based on common.sql >= 1.9.1.)
[2024-04-23T21:29:56.450+0000] {taskinstance.py:441} INFO - ::group::Post task execution logs
[2024-04-23T21:29:56.455+0000] {taskinstance.py:1205} INFO - Marking task as SUCCESS. dag_id=dag_with_postgres_operator_v02, task_id=create_postgres_table, execution_date=20240421T000000, start_date=20240423T212956, end_date=20240423T212956
[2024-04-23T21:29:56.488+0000] {local_task_job_runner.py:240} INFO - Task exited with return code 0
[2024-04-23T21:29:56.494+0000] {logging_mixin.py:188} WARNING - /home/***/.local/lib/python3.12/site-packages/***/models/baseoperator.py:1296 AirflowProviderDeprecationWarning: Call to deprecated class PostgresOperator. (Please use `***.providers.common.sql.operators.sql.SQLExecuteQueryOperator`.Also, you can provide `hook_params={'schema': <database>}`.)
[2024-04-23T21:29:56.499+0000] {taskinstance.py:3482} INFO - 1 downstream tasks scheduled from follow-on schedule check
[2024-04-23T21:29:56.500+0000] {local_task_job_runner.py:222} INFO - ::endgroup::
