[2024-04-20T16:21:56.949+0000] {local_task_job_runner.py:120} INFO - ::group::Pre task execution logs
[2024-04-20T16:21:56.968+0000] {taskinstance.py:2073} INFO - Dependencies all met for dep_context=non-requeueable deps ti=<TaskInstance: our_dag_with_python_operator_v01.greet scheduled__2024-04-19T00:00:00+00:00 [queued]>
[2024-04-20T16:21:56.972+0000] {taskinstance.py:2073} INFO - Dependencies all met for dep_context=requeueable deps ti=<TaskInstance: our_dag_with_python_operator_v01.greet scheduled__2024-04-19T00:00:00+00:00 [queued]>
[2024-04-20T16:21:56.972+0000] {taskinstance.py:2303} INFO - Starting attempt 1 of 6
[2024-04-20T16:21:56.979+0000] {taskinstance.py:2327} INFO - Executing <Task(PythonOperator): greet> on 2024-04-19 00:00:00+00:00
[2024-04-20T16:21:56.989+0000] {logging_mixin.py:188} WARNING - /home/***/.local/lib/python3.12/site-packages/***/task/task_runner/standard_task_runner.py:61 DeprecationWarning: This process (pid=2785) is multi-threaded, use of fork() may lead to deadlocks in the child.
[2024-04-20T16:21:56.988+0000] {standard_task_runner.py:90} INFO - Running: ['***', 'tasks', 'run', 'our_dag_with_python_operator_v01', 'greet', 'scheduled__2024-04-19T00:00:00+00:00', '--job-id', '313', '--raw', '--subdir', 'DAGS_FOLDER/create_dag_with_python_operator.py', '--cfg-path', '/tmp/tmpij0k6zkg']
[2024-04-20T16:21:56.992+0000] {standard_task_runner.py:63} INFO - Started process 2786 to run task
[2024-04-20T16:21:56.992+0000] {standard_task_runner.py:91} INFO - Job 313: Subtask greet
[2024-04-20T16:21:57.030+0000] {task_command.py:426} INFO - Running <TaskInstance: our_dag_with_python_operator_v01.greet scheduled__2024-04-19T00:00:00+00:00 [running]> on host e87e2f3305bd
[2024-04-20T16:21:57.074+0000] {taskinstance.py:2644} INFO - Exporting env vars: AIRFLOW_CTX_DAG_OWNER='julionevadod' AIRFLOW_CTX_DAG_ID='our_dag_with_python_operator_v01' AIRFLOW_CTX_TASK_ID='greet' AIRFLOW_CTX_EXECUTION_DATE='2024-04-19T00:00:00+00:00' AIRFLOW_CTX_TRY_NUMBER='1' AIRFLOW_CTX_DAG_RUN_ID='scheduled__2024-04-19T00:00:00+00:00'
[2024-04-20T16:21:57.075+0000] {taskinstance.py:430} INFO - ::endgroup::
[2024-04-20T16:21:57.084+0000] {logging_mixin.py:188} INFO - Hello World!
[2024-04-20T16:21:57.085+0000] {python.py:237} INFO - Done. Returned value was: None
[2024-04-20T16:21:57.085+0000] {taskinstance.py:441} INFO - ::group::Post task execution logs
[2024-04-20T16:21:57.089+0000] {taskinstance.py:1205} INFO - Marking task as SUCCESS. dag_id=our_dag_with_python_operator_v01, task_id=greet, execution_date=20240419T000000, start_date=20240420T162156, end_date=20240420T162157
[2024-04-20T16:21:57.138+0000] {local_task_job_runner.py:240} INFO - Task exited with return code 0
[2024-04-20T16:21:57.147+0000] {taskinstance.py:3482} INFO - 0 downstream tasks scheduled from follow-on schedule check
[2024-04-20T16:21:57.147+0000] {local_task_job_runner.py:222} INFO - ::endgroup::
[2024-04-20T16:26:59.978+0000] {local_task_job_runner.py:120} INFO - ::group::Pre task execution logs
[2024-04-20T16:26:59.996+0000] {taskinstance.py:2073} INFO - Dependencies all met for dep_context=non-requeueable deps ti=<TaskInstance: our_dag_with_python_operator_v01.greet scheduled__2024-04-19T00:00:00+00:00 [queued]>
[2024-04-20T16:27:00.000+0000] {taskinstance.py:2073} INFO - Dependencies all met for dep_context=requeueable deps ti=<TaskInstance: our_dag_with_python_operator_v01.greet scheduled__2024-04-19T00:00:00+00:00 [queued]>
[2024-04-20T16:27:00.000+0000] {taskinstance.py:2303} INFO - Starting attempt 1 of 6
[2024-04-20T16:27:00.006+0000] {taskinstance.py:2327} INFO - Executing <Task(PythonOperator): greet> on 2024-04-19 00:00:00+00:00
[2024-04-20T16:27:00.010+0000] {logging_mixin.py:188} WARNING - /home/***/.local/lib/python3.12/site-packages/***/task/task_runner/standard_task_runner.py:61 DeprecationWarning: This process (pid=2961) is multi-threaded, use of fork() may lead to deadlocks in the child.
[2024-04-20T16:27:00.011+0000] {standard_task_runner.py:63} INFO - Started process 2962 to run task
[2024-04-20T16:27:00.010+0000] {standard_task_runner.py:90} INFO - Running: ['***', 'tasks', 'run', 'our_dag_with_python_operator_v01', 'greet', 'scheduled__2024-04-19T00:00:00+00:00', '--job-id', '314', '--raw', '--subdir', 'DAGS_FOLDER/create_dag_with_python_operator.py', '--cfg-path', '/tmp/tmptzoqu2pa']
[2024-04-20T16:27:00.012+0000] {standard_task_runner.py:91} INFO - Job 314: Subtask greet
[2024-04-20T16:27:00.034+0000] {task_command.py:426} INFO - Running <TaskInstance: our_dag_with_python_operator_v01.greet scheduled__2024-04-19T00:00:00+00:00 [running]> on host e87e2f3305bd
[2024-04-20T16:27:00.073+0000] {taskinstance.py:2644} INFO - Exporting env vars: AIRFLOW_CTX_DAG_OWNER='julionevadod' AIRFLOW_CTX_DAG_ID='our_dag_with_python_operator_v01' AIRFLOW_CTX_TASK_ID='greet' AIRFLOW_CTX_EXECUTION_DATE='2024-04-19T00:00:00+00:00' AIRFLOW_CTX_TRY_NUMBER='1' AIRFLOW_CTX_DAG_RUN_ID='scheduled__2024-04-19T00:00:00+00:00'
[2024-04-20T16:27:00.073+0000] {taskinstance.py:430} INFO - ::endgroup::
[2024-04-20T16:27:00.080+0000] {logging_mixin.py:188} INFO - Hello World!
[2024-04-20T16:27:00.081+0000] {python.py:237} INFO - Done. Returned value was: None
[2024-04-20T16:27:00.081+0000] {taskinstance.py:441} INFO - ::group::Post task execution logs
[2024-04-20T16:27:00.085+0000] {taskinstance.py:1205} INFO - Marking task as SUCCESS. dag_id=our_dag_with_python_operator_v01, task_id=greet, execution_date=20240419T000000, start_date=20240420T162659, end_date=20240420T162700
[2024-04-20T16:27:00.113+0000] {local_task_job_runner.py:240} INFO - Task exited with return code 0
[2024-04-20T16:27:00.121+0000] {taskinstance.py:3482} INFO - 0 downstream tasks scheduled from follow-on schedule check
[2024-04-20T16:27:00.122+0000] {local_task_job_runner.py:222} INFO - ::endgroup::
